<?xml version="1.0" encoding="UTF-8"?>
<!-- Generated by org.testng.reporters.JUnitXMLReporter -->
<testsuite hostname="aravindramesh" ignored="0" name="Test" tests="6" failures="0" timestamp="27 Jul 2020 09:27:51 GMT" time="9.172" errors="0">
  <testcase name="TC__01_verify_whether_user_able_to_get_all_user_information" time="0.05" classname="iam.USERS_get_list_of_users.TC_01_verify_whether_user_able_to_get_all_user_information"/>
  <testcase name="TC__02_03_verify_whether_user_able_to_get_all_ACTIVE_user_information2" time="0.141" classname="iam.USERS_get_list_of_users.TC_02_3_verify_whether_user_able_to_get_all_ACTIVE_status_user_information2"/>
  <testcase name="TC__4_verify_whether_user_able_to_get_all_INACTIVE_all_user_information" time="0.191" classname="iam.USERS_get_list_of_users.TC_4_verify_whether_user_able_to_get_all_INACTIVE_status_all_user_information"/>
  <testcase name="TC__5_verify_whether_user_able_to_get_all_DELETED_status_all_user_information2" time="0.175" classname="iam.USERS_get_list_of_users.TC_5_verify_whether_user_able_to_get_all_DELETED_status_all_user_information2"/>
  <testcase name="TC_6_verify_whether_user_able_to_get_userinformation_with__different_group" time="0.499" classname="iam.USERS_get_list_of_users.TC_6_verify_whether_user_able_to_get_userinformation_with_different_group"/>
  <testcase name="TC_7_verify_whether_user__able_to_get_userinformation_with_sameUSERID_with_different_group" time="0.203" classname="iam.USERS_get_list_of_users.TC_7_verify_whether_user_able_to_get_userinformation_with_sameUSERID_with_different_group"/>
</testsuite> <!-- Test -->
