<?xml version="1.0" encoding="UTF-8"?>
<!-- Generated by org.testng.reporters.JUnitReportReporter -->
<testsuite skipped="1" hostname="aravindramesh" name="iam.configuration_get_configuration.TC_01_To_get_list_of_configuration_with_valid_merchatid" tests="2" failures="0" timestamp="06 May 2020 07:05:30 GMT" time="0.002" errors="1">
  <testcase name="getConfiguration" time="0.002" classname="iam.configuration_get_configuration.TC_01_To_get_list_of_configuration_with_valid_merchatid">
    <error type="java.lang.StackOverflowError">
      <![CDATA[java.lang.StackOverflowError
	at iam.configuration_get_configuration.TC_01_To_get_list_of_configuration_with_valid_merchatid.getConfiguration(TC_01_To_get_list_of_configuration_with_valid_merchatid.java:21)
	at iam.configuration_get_configuration.TC_01_To_get_list_of_configuration_with_valid_merchatid.getConfiguration(TC_01_To_get_list_of_configuration_with_valid_merchatid.java:21)
	at iam.configuration_get_configuration.TC_01_To_get_list_of_configuration_with_valid_merchatid.getConfiguration(TC_01_To_get_list_of_configuration_with_valid_merchatid.java:21)
	at iam.configuration_get_configuration.TC_01_To_get_list_of_configuration_with_valid_merchatid.getConfiguration(TC_01_To_get_list_of_configuration_with_valid_merchatid.java:21)
	at iam.configuration_get_configuration.TC_01_To_get_list_of_configuration_with_valid_merchatid.getConfiguration(TC_01_To_get_list_of_configuration_with_valid_merchatid.java:21)
	at iam.configuration_get_configuration.TC_01_To_get_list_of_configuration_with_valid_merchatid.getConfiguration(TC_01_To_get_list_of_configuration_with_valid_merchatid.java:21)
	at iam.configuration_get_configuration.TC_01_To_get_list_of_configuration_with_valid_merchatid.getConfiguration(TC_01_To_get_list_of_configuration_with_valid_merchatid.java:21)
	at iam.configuration_get_configuration.TC_01_To_get_list_of_configuration_with_valid_merchatid.getConfiguration(TC_01_To_get_list_of_configuration_with_valid_merchatid.java:21)
	at iam.configuration_get_configuration.TC_01_To_get_list_of_configuration_with_valid_merchatid.getConfiguration(TC_01_To_get_list_of_configuration_with_valid_merchatid.java:21)
	at iam.configuration_get_configuration.TC_01_To_get_list_of_configuration_with_valid_merchatid.getConfiguration(TC_01_To_get_list_of_configuration_with_valid_merchatid.java:21)
	at iam.configuration_get_configuration.TC_01_To_get_list_of_configuration_with_valid_merchatid.getConfiguration(TC_01_To_get_list_of_configuration_with_valid_merchatid.java:21)
	at iam.configuration_get_configuration.TC_01_To_get_list_of_configuration_with_valid_merchatid.getConfiguration(TC_01_To_get_list_of_configuration_with_valid_merchatid.java:21)
	at iam.configuration_get_configuration.TC_01_To_get_list_of_configuration_with_valid_merchatid.getConfiguration(TC_01_To_get_list_of_configuration_with_valid_merchatid.java:21)
	at iam.configuration_get_configuration.TC_01_To_get_list_of_configuration_with_valid_merchatid.getConfiguration(TC_01_To_get_list_of_configuration_with_valid_merchatid.java:21)
	at iam.configuration_get_configuration.TC_01_To_get_list_of_configuration_with_valid_merchatid.getConfiguration(TC_01_To_get_list_of_configuration_with_valid_merchatid.java:21)
	at iam.configuration_get_configuration.TC_01_To_get_list_of_configuration_with_valid_merchatid.getConfiguration(TC_01_To_get_list_of_configuration_with_valid_merchatid.java:21)
	at iam.configuration_get_configuration.TC_01_To_get_list_of_configuration_with_valid_merchatid.getConfiguration(TC_01_To_get_list_of_configuration_with_valid_merchatid.java:21)
	at iam.configuration_get_configuration.TC_01_To_get_list_of_configuration_with_valid_merchatid.getConfiguration(TC_01_To_get_list_of_configuration_with_valid_merchatid.java:21)
	at iam.configuration_get_configuration.TC_01_To_get_list_of_configuration_with_valid_merchatid.getConfiguration(TC_01_To_get_list_of_configuration_with_valid_merchatid.java:21)
	at iam.configuration_get_configuration.TC_01_To_get_list_of_configuration_with_valid_merchatid.getConfiguration(TC_01_To_get_list_of_configuration_with_valid_merchatid.java:21)
	at iam.configuration_get_configuration.TC_01_To_get_list_of_configuration_with_valid_merchatid.getConfiguration(TC_01_To_get_list_of_configuration_with_valid_merchatid.java:21)
	at iam.configuration_get_configuration.TC_01_To_get_list_of_configuration_with_valid_merchatid.getConfiguration(TC_01_To_get_list_of_configuration_with_valid_merchatid.java:21)
	at iam.configuration_get_configuration.TC_01_To_get_list_of_configuration_with_valid_merchatid.getConfiguration(TC_01_To_get_list_of_configuration_with_valid_merchatid.java:21)
	at iam.configuration_get_configuration.TC_01_To_get_list_of_configuration_with_valid_merchatid.getConfiguration(TC_01_To_get_list_of_configuration_with_valid_merchatid.java:21)
	at iam.configuration_get_configuration.TC_01_To_get_list_of_configuration_with_valid_merchatid.getConfiguration(TC_01_To_get_list_of_configuration_with_valid_merchatid.java:21)
	at iam.configuration_get_configuration.TC_01_To_get_list_of_configuration_with_valid_merchatid.getConfiguration(TC_01_To_get_list_of_configuration_with_valid_merchatid.java:21)
	at iam.configuration_get_configuration.TC_01_To_get_list_of_configuration_with_valid_merchatid.getConfiguration(TC_01_To_get_list_of_configuration_with_valid_merchatid.java:21)
	at iam.configuration_get_configuration.TC_01_To_get_list_of_configuration_with_valid_merchatid.getConfiguration(TC_01_To_get_list_of_configuration_with_valid_merchatid.java:21)
	at iam.configuration_get_configuration.TC_01_To_get_list_of_configuration_with_valid_merchatid.getConfiguration(TC_01_To_get_list_of_configuration_with_valid_merchatid.java:21)
	at iam.configuration_get_configuration.TC_01_To_get_list_of_configuration_with_valid_merchatid.getConfiguration(TC_01_To_get_list_of_configuration_with_valid_merchatid.java:21)
	at iam.configuration_get_configuration.TC_01_To_get_list_of_configuration_with_valid_merchatid.getConfiguration(TC_01_To_get_list_of_configuration_with_valid_merchatid.java:21)
	at iam.configuration_get_configuration.TC_01_To_get_list_of_configuration_with_valid_merchatid.getConfiguration(TC_01_To_get_list_of_configuration_with_valid_merchatid.java:21)
	at iam.configuration_get_configuration.TC_01_To_get_list_of_configuration_with_valid_merchatid.getConfiguration(TC_01_To_get_list_of_configuration_with_valid_merchatid.java:21)
	at iam.configuration_get_configuration.TC_01_To_get_list_of_configuration_with_valid_merchatid.getConfiguration(TC_01_To_get_list_of_configuration_with_valid_merchatid.java:21)
	at iam.configuration_get_configuration.TC_01_To_get_list_of_configuration_with_valid_merchatid.getConfiguration(TC_01_To_get_list_of_configuration_with_valid_merchatid.java:21)
	at iam.configuration_get_configuration.TC_01_To_get_list_of_configuration_with_valid_merchatid.getConfiguration(TC_01_To_get_list_of_configuration_with_valid_merchatid.java:21)
	at iam.configuration_get_configuration.TC_01_To_get_list_of_configuration_with_valid_merchatid.getConfiguration(TC_01_To_get_list_of_configuration_with_valid_merchatid.java:21)
	at iam.configuration_get_configuration.TC_01_To_get_list_of_configuration_with_valid_merchatid.getConfiguration(TC_01_To_get_list_of_configuration_with_valid_merchatid.java:21)
	at iam.configuration_get_configuration.TC_01_To_get_list_of_configuration_with_valid_merchatid.getConfiguration(TC_01_To_get_list_of_configuration_with_valid_merchatid.java:21)
	at iam.configuration_get_configuration.TC_01_To_get_list_of_configuration_with_valid_merchatid.getConfiguration(TC_01_To_get_list_of_configuration_with_valid_merchatid.java:21)
	at iam.configuration_get_configuration.TC_01_To_get_list_of_configuration_with_valid_merchatid.getConfiguration(TC_01_To_get_list_of_configuration_with_valid_merchatid.java:21)
	at iam.configuration_get_configuration.TC_01_To_get_list_of_configuration_with_valid_merchatid.getConfiguration(TC_01_To_get_list_of_configuration_with_valid_merchatid.java:21)
	at iam.configuration_get_configuration.TC_01_To_get_list_of_configuration_with_valid_merchatid.getConfiguration(TC_01_To_get_list_of_configuration_with_valid_merchatid.java:21)
	at iam.configuration_get_configuration.TC_01_To_get_list_of_configuration_with_valid_merchatid.getConfiguration(TC_01_To_get_list_of_configuration_with_valid_merchatid.java:21)
	at iam.configuration_get_configuration.TC_01_To_get_list_of_configuration_with_valid_merchatid.getConfiguration(TC_01_To_get_list_of_configuration_with_valid_merchatid.java:21)
	at iam.configuration_get_configuration.TC_01_To_get_list_of_configuration_with_valid_merchatid.getConfiguration(TC_01_To_get_list_of_configuration_with_valid_merchatid.java:21)
	at iam.configuration_get_configuration.TC_01_To_get_list_of_configuration_with_valid_merchatid.getConfiguration(TC_01_To_get_list_of_configuration_with_valid_merchatid.java:21)
	at iam.configuration_get_configuration.TC_01_To_get_list_of_configuration_with_valid_merchatid.getConfiguration(TC_01_To_get_list_of_configuration_with_valid_merchatid.java:21)
	at iam.configuration_get_configuration.TC_01_To_get_list_of_configuration_with_valid_merchatid.getConfiguration(TC_01_To_get_list_of_configuration_with_valid_merchatid.java:21)
	at iam.configuration_get_configuration.TC_01_To_get_list_of_configuration_with_valid_merchatid.getConfiguration(TC_01_To_get_list_of_configuration_with_valid_merchatid.java:21)
	at iam.configuration_get_configuration.TC_01_To_get_list_of_configuration_with_valid_merchatid.getConfiguration(TC_01_To_get_list_of_configuration_with_valid_merchatid.java:21)
	at iam.configuration_get_configuration.TC_01_To_get_list_of_configuration_with_valid_merchatid.getConfiguration(TC_01_To_get_list_of_configuration_with_valid_merchatid.java:21)
	at iam.configuration_get_configuration.TC_01_To_get_list_of_configuration_with_valid_merchatid.getConfiguration(TC_01_To_get_list_of_configuration_with_valid_merchatid.java:21)
	at iam.configuration_get_configuration.TC_01_To_get_list_of_configuration_with_valid_merchatid.getConfiguration(TC_01_To_get_list_of_configuration_with_valid_merchatid.java:21)
	at iam.configuration_get_configuration.TC_01_To_get_list_of_configuration_with_valid_merchatid.getConfiguration(TC_01_To_get_list_of_configuration_with_valid_merchatid.java:21)
	at iam.configuration_get_configuration.TC_01_To_get_list_of_configuration_with_valid_merchatid.getConfiguration(TC_01_To_get_list_of_configuration_with_valid_merchatid.java:21)
	at iam.configuration_get_configuration.TC_01_To_get_list_of_configuration_with_valid_merchatid.getConfiguration(TC_01_To_get_list_of_configuration_with_valid_merchatid.java:21)
	at iam.configuration_get_configuration.TC_01_To_get_list_of_configuration_with_valid_merchatid.getConfiguration(TC_01_To_get_list_of_configuration_with_valid_merchatid.java:21)
	at iam.configuration_get_configuration.TC_01_To_get_list_of_configuration_with_valid_merchatid.getConfiguration(TC_01_To_get_list_of_configuration_with_valid_merchatid.java:21)
	at iam.configuration_get_configuration.TC_01_To_get_list_of_configuration_with_valid_merchatid.getConfiguration(TC_01_To_get_list_of_configuration_with_valid_merchatid.java:21)
	at iam.configuration_get_configuration.TC_01_To_get_list_of_configuration_with_valid_merchatid.getConfiguration(TC_01_To_get_list_of_configuration_with_valid_merchatid.java:21)
	at iam.configuration_get_configuration.TC_01_To_get_list_of_configuration_with_valid_merchatid.getConfiguration(TC_01_To_get_list_of_configuration_with_valid_merchatid.java:21)
	at iam.configuration_get_configuration.TC_01_To_get_list_of_configuration_with_valid_merchatid.getConfiguration(TC_01_To_get_list_of_configuration_with_valid_merchatid.java:21)
	at iam.configuration_get_configuration.TC_01_To_get_list_of_configuration_with_valid_merchatid.getConfiguration(TC_01_To_get_list_of_configuration_with_valid_merchatid.java:21)
	at iam.configuration_get_configuration.TC_01_To_get_list_of_configuration_with_valid_merchatid.getConfiguration(TC_01_To_get_list_of_configuration_with_valid_merchatid.java:21)
	at iam.configuration_get_configuration.TC_01_To_get_list_of_configuration_with_valid_merchatid.getConfiguration(TC_01_To_get_list_of_configuration_with_valid_merchatid.java:21)
	at iam.configuration_get_configuration.TC_01_To_get_list_of_configuration_with_valid_merchatid.getConfiguration(TC_01_To_get_list_of_configuration_with_valid_merchatid.java:21)
	at iam.configuration_get_configuration.TC_01_To_get_list_of_configuration_with_valid_merchatid.getConfiguration(TC_01_To_get_list_of_configuration_with_valid_merchatid.java:21)
	at iam.configuration_get_configuration.TC_01_To_get_list_of_configuration_with_valid_merchatid.getConfiguration(TC_01_To_get_list_of_configuration_with_valid_merchatid.java:21)
	at iam.configuration_get_configuration.TC_01_To_get_list_of_configuration_with_valid_merchatid.getConfiguration(TC_01_To_get_list_of_configuration_with_valid_merchatid.java:21)
	at iam.configuration_get_configuration.TC_01_To_get_list_of_configuration_with_valid_merchatid.getConfiguration(TC_01_To_get_list_of_configuration_with_valid_merchatid.java:21)
	at iam.configuration_get_configuration.TC_01_To_get_list_of_configuration_with_valid_merchatid.getConfiguration(TC_01_To_get_list_of_configuration_with_valid_merchatid.java:21)
	at iam.configuration_get_configuration.TC_01_To_get_list_of_configuration_with_valid_merchatid.getConfiguration(TC_01_To_get_list_of_configuration_with_valid_merchatid.java:21)
	at iam.configuration_get_configuration.TC_01_To_get_list_of_configuration_with_valid_merchatid.getConfiguration(TC_01_To_get_list_of_configuration_with_valid_merchatid.java:21)
	at iam.configuration_get_configuration.TC_01_To_get_list_of_configuration_with_valid_merchatid.getConfiguration(TC_01_To_get_list_of_configuration_with_valid_merchatid.java:21)
	at iam.configuration_get_configuration.TC_01_To_get_list_of_configuration_with_valid_merchatid.getConfiguration(TC_01_To_get_list_of_configuration_with_valid_merchatid.java:21)
	at iam.configuration_get_configuration.TC_01_To_get_list_of_configuration_with_valid_merchatid.getConfiguration(TC_01_To_get_list_of_configuration_with_valid_merchatid.java:21)
	at iam.configuration_get_configuration.TC_01_To_get_list_of_configuration_with_valid_merchatid.getConfiguration(TC_01_To_get_list_of_configuration_with_valid_merchatid.java:21)
	at iam.configuration_get_configuration.TC_01_To_get_list_of_configuration_with_valid_merchatid.getConfiguration(TC_01_To_get_list_of_configuration_with_valid_merchatid.java:21)
	at iam.configuration_get_configuration.TC_01_To_get_list_of_configuration_with_valid_merchatid.getConfiguration(TC_01_To_get_list_of_configuration_with_valid_merchatid.java:21)
	at iam.configuration_get_configuration.TC_01_To_get_list_of_configuration_with_valid_merchatid.getConfiguration(TC_01_To_get_list_of_configuration_with_valid_merchatid.java:21)
	at iam.configuration_get_configuration.TC_01_To_get_list_of_configuration_with_valid_merchatid.getConfiguration(TC_01_To_get_list_of_configuration_with_valid_merchatid.java:21)
	at iam.configuration_get_configuration.TC_01_To_get_list_of_configuration_with_valid_merchatid.getConfiguration(TC_01_To_get_list_of_configuration_with_valid_merchatid.java:21)
	at iam.configuration_get_configuration.TC_01_To_get_list_of_configuration_with_valid_merchatid.getConfiguration(TC_01_To_get_list_of_configuration_with_valid_merchatid.java:21)
	at iam.configuration_get_configuration.TC_01_To_get_list_of_configuration_with_valid_merchatid.getConfiguration(TC_01_To_get_list_of_configuration_with_valid_merchatid.java:21)
	at iam.configuration_get_configuration.TC_01_To_get_list_of_configuration_with_valid_merchatid.getConfiguration(TC_01_To_get_list_of_configuration_with_valid_merchatid.java:21)
	at iam.configuration_get_configuration.TC_01_To_get_list_of_configuration_with_valid_merchatid.getConfiguration(TC_01_To_get_list_of_configuration_with_valid_merchatid.java:21)
	at iam.configuration_get_configuration.TC_01_To_get_list_of_configuration_with_valid_merchatid.getConfiguration(TC_01_To_get_list_of_configuration_with_valid_merchatid.java:21)
	at iam.configuration_get_configuration.TC_01_To_get_list_of_configuration_with_valid_merchatid.getConfiguration(TC_01_To_get_list_of_configuration_with_valid_merchatid.java:21)
	at iam.configuration_get_configuration.TC_01_To_get_list_of_configuration_with_valid_merchatid.getConfiguration(TC_01_To_get_list_of_configuration_with_valid_merchatid.java:21)
	at iam.configuration_get_configuration.TC_01_To_get_list_of_configuration_with_valid_merchatid.getConfiguration(TC_01_To_get_list_of_configuration_with_valid_merchatid.java:21)
	at iam.configuration_get_configuration.TC_01_To_get_list_of_configuration_with_valid_merchatid.getConfiguration(TC_01_To_get_list_of_configuration_with_valid_merchatid.java:21)
	at iam.configuration_get_configuration.TC_01_To_get_list_of_configuration_with_valid_merchatid.getConfiguration(TC_01_To_get_list_of_configuration_with_valid_merchatid.java:21)
	at iam.configuration_get_configuration.TC_01_To_get_list_of_configuration_with_valid_merchatid.getConfiguration(TC_01_To_get_list_of_configuration_with_valid_merchatid.java:21)
	at iam.configuration_get_configuration.TC_01_To_get_list_of_configuration_with_valid_merchatid.getConfiguration(TC_01_To_get_list_of_configuration_with_valid_merchatid.java:21)
	at iam.configuration_get_configuration.TC_01_To_get_list_of_configuration_with_valid_merchatid.getConfiguration(TC_01_To_get_list_of_configuration_with_valid_merchatid.java:21)
	at iam.configuration_get_configuration.TC_01_To_get_list_of_configuration_with_valid_merchatid.getConfiguration(TC_01_To_get_list_of_configuration_with_valid_merchatid.java:21)
	at iam.configuration_get_configuration.TC_01_To_get_list_of_configuration_with_valid_merchatid.getConfiguration(TC_01_To_get_list_of_configuration_with_valid_merchatid.java:21)
	at iam.configuration_get_configuration.TC_01_To_get_list_of_configuration_with_valid_merchatid.getConfiguration(TC_01_To_get_list_of_configuration_with_valid_merchatid.java:21)
	at iam.configuration_get_configuration.TC_01_To_get_list_of_configuration_with_valid_merchatid.getConfiguration(TC_01_To_get_list_of_configuration_with_valid_merchatid.java:21)
	at iam.configuration_get_configuration.TC_01_To_get_list_of_configuration_with_valid_merchatid.getConfiguration(TC_01_To_get_list_of_configuration_with_valid_merchatid.java:21)
	at iam.configuration_get_configuration.TC_01_To_get_list_of_configuration_with_valid_merchatid.getConfiguration(TC_01_To_get_list_of_configuration_with_valid_merchatid.java:21)
	at iam.configuration_get_configuration.TC_01_To_get_list_of_configuration_with_valid_merchatid.getConfiguration(TC_01_To_get_list_of_configuration_with_valid_merchatid.java:21)
	at iam.configuration_get_configuration.TC_01_To_get_list_of_configuration_with_valid_merchatid.getConfiguration(TC_01_To_get_list_of_configuration_with_valid_merchatid.java:21)
	at iam.configuration_get_configuration.TC_01_To_get_list_of_configuration_with_valid_merchatid.getConfiguration(TC_01_To_get_list_of_configuration_with_valid_merchatid.java:21)
	at iam.configuration_get_configuration.TC_01_To_get_list_of_configuration_with_valid_merchatid.getConfiguration(TC_01_To_get_list_of_configuration_with_valid_merchatid.java:21)
	at iam.configuration_get_configuration.TC_01_To_get_list_of_configuration_with_valid_merchatid.getConfiguration(TC_01_To_get_list_of_configuration_with_valid_merchatid.java:21)
	at iam.configuration_get_configuration.TC_01_To_get_list_of_configuration_with_valid_merchatid.getConfiguration(TC_01_To_get_list_of_configuration_with_valid_merchatid.java:21)
	at iam.configuration_get_configuration.TC_01_To_get_list_of_configuration_with_valid_merchatid.getConfiguration(TC_01_To_get_list_of_configuration_with_valid_merchatid.java:21)
	at iam.configuration_get_configuration.TC_01_To_get_list_of_configuration_with_valid_merchatid.getConfiguration(TC_01_To_get_list_of_configuration_with_valid_merchatid.java:21)
	at iam.configuration_get_configuration.TC_01_To_get_list_of_configuration_with_valid_merchatid.getConfiguration(TC_01_To_get_list_of_configuration_with_valid_merchatid.java:21)
	at iam.configuration_get_configuration.TC_01_To_get_list_of_configuration_with_valid_merchatid.getConfiguration(TC_01_To_get_list_of_configuration_with_valid_merchatid.java:21)
	at iam.configuration_get_configuration.TC_01_To_get_list_of_configuration_with_valid_merchatid.getConfiguration(TC_01_To_get_list_of_configuration_with_valid_merchatid.java:21)
	at iam.configuration_get_configuration.TC_01_To_get_list_of_configuration_with_valid_merchatid.getConfiguration(TC_01_To_get_list_of_configuration_with_valid_merchatid.java:21)
	at iam.configuration_get_configuration.TC_01_To_get_list_of_configuration_with_valid_merchatid.getConfiguration(TC_01_To_get_list_of_configuration_with_valid_merchatid.java:21)
	at iam.configuration_get_configuration.TC_01_To_get_list_of_configuration_with_valid_merchatid.getConfiguration(TC_01_To_get_list_of_configuration_with_valid_merchatid.java:21)
	at iam.configuration_get_configuration.TC_01_To_get_list_of_configuration_with_valid_merchatid.getConfiguration(TC_01_To_get_list_of_configuration_with_valid_merchatid.java:21)
	at iam.configuration_get_configuration.TC_01_To_get_list_of_configuration_with_valid_merchatid.getConfiguration(TC_01_To_get_list_of_configuration_with_valid_merchatid.java:21)
	at iam.configuration_get_configuration.TC_01_To_get_list_of_configuration_with_valid_merchatid.getConfiguration(TC_01_To_get_list_of_configuration_with_valid_merchatid.java:21)
	at iam.configuration_get_configuration.TC_01_To_get_list_of_configuration_with_valid_merchatid.getConfiguration(TC_01_To_get_list_of_configuration_with_valid_merchatid.java:21)
	at iam.configuration_get_configuration.TC_01_To_get_list_of_configuration_with_valid_merchatid.getConfiguration(TC_01_To_get_list_of_configuration_with_valid_merchatid.java:21)
	at iam.configuration_get_configuration.TC_01_To_get_list_of_configuration_with_valid_merchatid.getConfiguration(TC_01_To_get_list_of_configuration_with_valid_merchatid.java:21)
	at iam.configuration_get_configuration.TC_01_To_get_list_of_configuration_with_valid_merchatid.getConfiguration(TC_01_To_get_list_of_configuration_with_valid_merchatid.java:21)
	at iam.configuration_get_configuration.TC_01_To_get_list_of_configuration_with_valid_merchatid.getConfiguration(TC_01_To_get_list_of_configuration_with_valid_merchatid.java:21)
	at iam.configuration_get_configuration.TC_01_To_get_list_of_configuration_with_valid_merchatid.getConfiguration(TC_01_To_get_list_of_configuration_with_valid_merchatid.java:21)
	at iam.configuration_get_configuration.TC_01_To_get_list_of_configuration_with_valid_merchatid.getConfiguration(TC_01_To_get_list_of_configuration_with_valid_merchatid.java:21)
	at iam.configuration_get_configuration.TC_01_To_get_list_of_configuration_with_valid_merchatid.getConfiguration(TC_01_To_get_list_of_configuration_with_valid_merchatid.java:21)
	at iam.configuration_get_configuration.TC_01_To_get_list_of_configuration_with_valid_merchatid.getConfiguration(TC_01_To_get_list_of_configuration_with_valid_merchatid.java:21)
	at iam.configuration_get_configuration.TC_01_To_get_list_of_configuration_with_valid_merchatid.getConfiguration(TC_01_To_get_list_of_configuration_with_valid_merchatid.java:21)
	at iam.configuration_get_configuration.TC_01_To_get_list_of_configuration_with_valid_merchatid.getConfiguration(TC_01_To_get_list_of_configuration_with_valid_merchatid.java:21)
	at iam.configuration_get_configuration.TC_01_To_get_list_of_configuration_with_valid_merchatid.getConfiguration(TC_01_To_get_list_of_configuration_with_valid_merchatid.java:21)
	at iam.configuration_get_configuration.TC_01_To_get_list_of_configuration_with_valid_merchatid.getConfiguration(TC_01_To_get_list_of_configuration_with_valid_merchatid.java:21)
	at iam.configuration_get_configuration.TC_01_To_get_list_of_configuration_with_valid_merchatid.getConfiguration(TC_01_To_get_list_of_configuration_with_valid_merchatid.java:21)
	at iam.configuration_get_configuration.TC_01_To_get_list_of_configuration_with_valid_merchatid.getConfiguration(TC_01_To_get_list_of_configuration_with_valid_merchatid.java:21)
	at iam.configuration_get_configuration.TC_01_To_get_list_of_configuration_with_valid_merchatid.getConfiguration(TC_01_To_get_list_of_configuration_with_valid_merchatid.java:21)
	at iam.configuration_get_configuration.TC_01_To_get_list_of_configuration_with_valid_merchatid.getConfiguration(TC_01_To_get_list_of_configuration_with_valid_merchatid.java:21)
	at iam.configuration_get_configuration.TC_01_To_get_list_of_configuration_with_valid_merchatid.getConfiguration(TC_01_To_get_list_of_configuration_with_valid_merchatid.java:21)
	at iam.configuration_get_configuration.TC_01_To_get_list_of_configuration_with_valid_merchatid.getConfiguration(TC_01_To_get_list_of_configuration_with_valid_merchatid.java:21)
	at iam.configuration_get_configuration.TC_01_To_get_list_of_configuration_with_valid_merchatid.getConfiguration(TC_01_To_get_list_of_configuration_with_valid_merchatid.java:21)
	at iam.configuration_get_configuration.TC_01_To_get_list_of_configuration_with_valid_merchatid.getConfiguration(TC_01_To_get_list_of_configuration_with_valid_merchatid.java:21)
	at iam.configuration_get_configuration.TC_01_To_get_list_of_configuration_with_valid_merchatid.getConfiguration(TC_01_To_get_list_of_configuration_with_valid_merchatid.java:21)
	at iam.configuration_get_configuration.TC_01_To_get_list_of_configuration_with_valid_merchatid.getConfiguration(TC_01_To_get_list_of_configuration_with_valid_merchatid.java:21)
	at iam.configuration_get_configuration.TC_01_To_get_list_of_configuration_with_valid_merchatid.getConfiguration(TC_01_To_get_list_of_configuration_with_valid_merchatid.java:21)
	at iam.configuration_get_configuration.TC_01_To_get_list_of_configuration_with_valid_merchatid.getConfiguration(TC_01_To_get_list_of_configuration_with_valid_merchatid.java:21)
	at iam.configuration_get_configuration.TC_01_To_get_list_of_configuration_with_valid_merchatid.getConfiguration(TC_01_To_get_list_of_configuration_with_valid_merchatid.java:21)
	at iam.configuration_get_configuration.TC_01_To_get_list_of_configuration_with_valid_merchatid.getConfiguration(TC_01_To_get_list_of_configuration_with_valid_merchatid.java:21)
	at iam.configuration_get_configuration.TC_01_To_get_list_of_configuration_with_valid_merchatid.getConfiguration(TC_01_To_get_list_of_configuration_with_valid_merchatid.java:21)
	at iam.configuration_get_configuration.TC_01_To_get_list_of_configuration_with_valid_merchatid.getConfiguration(TC_01_To_get_list_of_configuration_with_valid_merchatid.java:21)
	at iam.configuration_get_configuration.TC_01_To_get_list_of_configuration_with_valid_merchatid.getConfiguration(TC_01_To_get_list_of_configuration_with_valid_merchatid.java:21)
	at iam.configuration_get_configuration.TC_01_To_get_list_of_configuration_with_valid_merchatid.getConfiguration(TC_01_To_get_list_of_configuration_with_valid_merchatid.java:21)
	at iam.configuration_get_configuration.TC_01_To_get_list_of_configuration_with_valid_merchatid.getConfiguration(TC_01_To_get_list_of_configuration_with_valid_merchatid.java:21)
	at iam.configuration_get_configuration.TC_01_To_get_list_of_configuration_with_valid_merchatid.getConfiguration(TC_01_To_get_list_of_configuration_with_valid_merchatid.java:21)
	at iam.configuration_get_configuration.TC_01_To_get_list_of_configuration_with_valid_merchatid.getConfiguration(TC_01_To_get_list_of_configuration_with_valid_merchatid.java:21)
	at iam.configuration_get_configuration.TC_01_To_get_list_of_configuration_with_valid_merchatid.getConfiguration(TC_01_To_get_list_of_configuration_with_valid_merchatid.java:21)
	at iam.configuration_get_configuration.TC_01_To_get_list_of_configuration_with_valid_merchatid.getConfiguration(TC_01_To_get_list_of_configuration_with_valid_merchatid.java:21)
	at iam.configuration_get_configuration.TC_01_To_get_list_of_configuration_with_valid_merchatid.getConfiguration(TC_01_To_get_list_of_configuration_with_valid_merchatid.java:21)
	at iam.configuration_get_configuration.TC_01_To_get_list_of_configuration_with_valid_merchatid.getConfiguration(TC_01_To_get_list_of_configuration_with_valid_merchatid.java:21)
	at iam.configuration_get_configuration.TC_01_To_get_list_of_configuration_with_valid_merchatid.getConfiguration(TC_01_To_get_list_of_configuration_with_valid_merchatid.java:21)
	at iam.configuration_get_configuration.TC_01_To_get_list_of_configuration_with_valid_merchatid.getConfiguration(TC_01_To_get_list_of_configuration_with_valid_merchatid.java:21)
	at iam.configuration_get_configuration.TC_01_To_get_list_of_configuration_with_valid_merchatid.getConfiguration(TC_01_To_get_list_of_configuration_with_valid_merchatid.java:21)
	at iam.configuration_get_configuration.TC_01_To_get_list_of_configuration_with_valid_merchatid.getConfiguration(TC_01_To_get_list_of_configuration_with_valid_merchatid.java:21)
	at iam.configuration_get_configuration.TC_01_To_get_list_of_configuration_with_valid_merchatid.getConfiguration(TC_01_To_get_list_of_configuration_with_valid_merchatid.java:21)
	at iam.configuration_get_configuration.TC_01_To_get_list_of_configuration_with_valid_merchatid.getConfiguration(TC_01_To_get_list_of_configuration_with_valid_merchatid.java:21)
	at iam.configuration_get_configuration.TC_01_To_get_list_of_configuration_with_valid_merchatid.getConfiguration(TC_01_To_get_list_of_configuration_with_valid_merchatid.java:21)
	at iam.configuration_get_configuration.TC_01_To_get_list_of_configuration_with_valid_merchatid.getConfiguration(TC_01_To_get_list_of_configuration_with_valid_merchatid.java:21)
	at iam.configuration_get_configuration.TC_01_To_get_list_of_configuration_with_valid_merchatid.getConfiguration(TC_01_To_get_list_of_configuration_with_valid_merchatid.java:21)
	at iam.configuration_get_configuration.TC_01_To_get_list_of_configuration_with_valid_merchatid.getConfiguration(TC_01_To_get_list_of_configuration_with_valid_merchatid.java:21)
	at iam.configuration_get_configuration.TC_01_To_get_list_of_configuration_with_valid_merchatid.getConfiguration(TC_01_To_get_list_of_configuration_with_valid_merchatid.java:21)
	at iam.configuration_get_configuration.TC_01_To_get_list_of_configuration_with_valid_merchatid.getConfiguration(TC_01_To_get_list_of_configuration_with_valid_merchatid.java:21)
	at iam.configuration_get_configuration.TC_01_To_get_list_of_configuration_with_valid_merchatid.getConfiguration(TC_01_To_get_list_of_configuration_with_valid_merchatid.java:21)
	at iam.configuration_get_configuration.TC_01_To_get_list_of_configuration_with_valid_merchatid.getConfiguration(TC_01_To_get_list_of_configuration_with_valid_merchatid.java:21)
	at iam.configuration_get_configuration.TC_01_To_get_list_of_configuration_with_valid_merchatid.getConfiguration(TC_01_To_get_list_of_configuration_with_valid_merchatid.java:21)
	at iam.configuration_get_configuration.TC_01_To_get_list_of_configuration_with_valid_merchatid.getConfiguration(TC_01_To_get_list_of_configuration_with_valid_merchatid.java:21)
	at iam.configuration_get_configuration.TC_01_To_get_list_of_configuration_with_valid_merchatid.getConfiguration(TC_01_To_get_list_of_configuration_with_valid_merchatid.java:21)
	at iam.configuration_get_configuration.TC_01_To_get_list_of_configuration_with_valid_merchatid.getConfiguration(TC_01_To_get_list_of_configuration_with_valid_merchatid.java:21)
	at iam.configuration_get_configuration.TC_01_To_get_list_of_configuration_with_valid_merchatid.getConfiguration(TC_01_To_get_list_of_configuration_with_valid_merchatid.java:21)
	at iam.configuration_get_configuration.TC_01_To_get_list_of_configuration_with_valid_merchatid.getConfiguration(TC_01_To_get_list_of_configuration_with_valid_merchatid.java:21)
	at iam.configuration_get_configuration.TC_01_To_get_list_of_configuration_with_valid_merchatid.getConfiguration(TC_01_To_get_list_of_configuration_with_valid_merchatid.java:21)
	at iam.configuration_get_configuration.TC_01_To_get_list_of_configuration_with_valid_merchatid.getConfiguration(TC_01_To_get_list_of_configuration_with_valid_merchatid.java:21)
	at iam.configuration_get_configuration.TC_01_To_get_list_of_configuration_with_valid_merchatid.getConfiguration(TC_01_To_get_list_of_configuration_with_valid_merchatid.java:21)
	at iam.configuration_get_configuration.TC_01_To_get_list_of_configuration_with_valid_merchatid.getConfiguration(TC_01_To_get_list_of_configuration_with_valid_merchatid.java:21)
	at iam.configuration_get_configuration.TC_01_To_get_list_of_configuration_with_valid_merchatid.getConfiguration(TC_01_To_get_list_of_configuration_with_valid_merchatid.java:21)
	at iam.configuration_get_configuration.TC_01_To_get_list_of_configuration_with_valid_merchatid.getConfiguration(TC_01_To_get_list_of_configuration_with_valid_merchatid.java:21)
	at iam.configuration_get_configuration.TC_01_To_get_list_of_configuration_with_valid_merchatid.getConfiguration(TC_01_To_get_list_of_configuration_with_valid_merchatid.java:21)
	at iam.configuration_get_configuration.TC_01_To_get_list_of_configuration_with_valid_merchatid.getConfiguration(TC_01_To_get_list_of_configuration_with_valid_merchatid.java:21)
	at iam.configuration_get_configuration.TC_01_To_get_list_of_configuration_with_valid_merchatid.getConfiguration(TC_01_To_get_list_of_configuration_with_valid_merchatid.java:21)
	at iam.configuration_get_configuration.TC_01_To_get_list_of_configuration_with_valid_merchatid.getConfiguration(TC_01_To_get_list_of_configuration_with_valid_merchatid.java:21)
	at iam.configuration_get_configuration.TC_01_To_get_list_of_configuration_with_valid_merchatid.getConfiguration(TC_01_To_get_list_of_configuration_with_valid_merchatid.java:21)
	at iam.configuration_get_configuration.TC_01_To_get_list_of_configuration_with_valid_merchatid.getConfiguration(TC_01_To_get_list_of_configuration_with_valid_merchatid.java:21)
	at iam.configuration_get_configuration.TC_01_To_get_list_of_configuration_with_valid_merchatid.getConfiguration(TC_01_To_get_list_of_configuration_with_valid_merchatid.java:21)
	at iam.configuration_get_configuration.TC_01_To_get_list_of_configuration_with_valid_merchatid.getConfiguration(TC_01_To_get_list_of_configuration_with_valid_merchatid.java:21)
	at iam.configuration_get_configuration.TC_01_To_get_list_of_configuration_with_valid_merchatid.getConfiguration(TC_01_To_get_list_of_configuration_with_valid_merchatid.java:21)
	at iam.configuration_get_configuration.TC_01_To_get_list_of_configuration_with_valid_merchatid.getConfiguration(TC_01_To_get_list_of_configuration_with_valid_merchatid.java:21)
	at iam.configuration_get_configuration.TC_01_To_get_list_of_configuration_with_valid_merchatid.getConfiguration(TC_01_To_get_list_of_configuration_with_valid_merchatid.java:21)
	at iam.configuration_get_configuration.TC_01_To_get_list_of_configuration_with_valid_merchatid.getConfiguration(TC_01_To_get_list_of_configuration_with_valid_merchatid.java:21)
	at iam.configuration_get_configuration.TC_01_To_get_list_of_configuration_with_valid_merchatid.getConfiguration(TC_01_To_get_list_of_configuration_with_valid_merchatid.java:21)
	at iam.configuration_get_configuration.TC_01_To_get_list_of_configuration_with_valid_merchatid.getConfiguration(TC_01_To_get_list_of_configuration_with_valid_merchatid.java:21)
	at iam.configuration_get_configuration.TC_01_To_get_list_of_configuration_with_valid_merchatid.getConfiguration(TC_01_To_get_list_of_configuration_with_valid_merchatid.java:21)
	at iam.configuration_get_configuration.TC_01_To_get_list_of_configuration_with_valid_merchatid.getConfiguration(TC_01_To_get_list_of_configuration_with_valid_merchatid.java:21)
	at iam.configuration_get_configuration.TC_01_To_get_list_of_configuration_with_valid_merchatid.getConfiguration(TC_01_To_get_list_of_configuration_with_valid_merchatid.java:21)
	at iam.configuration_get_configuration.TC_01_To_get_list_of_configuration_with_valid_merchatid.getConfiguration(TC_01_To_get_list_of_configuration_with_valid_merchatid.java:21)
	at iam.configuration_get_configuration.TC_01_To_get_list_of_configuration_with_valid_merchatid.getConfiguration(TC_01_To_get_list_of_configuration_with_valid_merchatid.java:21)
	at iam.configuration_get_configuration.TC_01_To_get_list_of_configuration_with_valid_merchatid.getConfiguration(TC_01_To_get_list_of_configuration_with_valid_merchatid.java:21)
	at iam.configuration_get_configuration.TC_01_To_get_list_of_configuration_with_valid_merchatid.getConfiguration(TC_01_To_get_list_of_configuration_with_valid_merchatid.java:21)
	at iam.configuration_get_configuration.TC_01_To_get_list_of_configuration_with_valid_merchatid.getConfiguration(TC_01_To_get_list_of_configuration_with_valid_merchatid.java:21)
	at iam.configuration_get_configuration.TC_01_To_get_list_of_configuration_with_valid_merchatid.getConfiguration(TC_01_To_get_list_of_configuration_with_valid_merchatid.java:21)
	at iam.configuration_get_configuration.TC_01_To_get_list_of_configuration_with_valid_merchatid.getConfiguration(TC_01_To_get_list_of_configuration_with_valid_merchatid.java:21)
	at iam.configuration_get_configuration.TC_01_To_get_list_of_configuration_with_valid_merchatid.getConfiguration(TC_01_To_get_list_of_configuration_with_valid_merchatid.java:21)
	at iam.configuration_get_configuration.TC_01_To_get_list_of_configuration_with_valid_merchatid.getConfiguration(TC_01_To_get_list_of_configuration_with_valid_merchatid.java:21)
	at iam.configuration_get_configuration.TC_01_To_get_list_of_configuration_with_valid_merchatid.getConfiguration(TC_01_To_get_list_of_configuration_with_valid_merchatid.java:21)
	at iam.configuration_get_configuration.TC_01_To_get_list_of_configuration_with_valid_merchatid.getConfiguration(TC_01_To_get_list_of_configuration_with_valid_merchatid.java:21)
	at iam.configuration_get_configuration.TC_01_To_get_list_of_configuration_with_valid_merchatid.getConfiguration(TC_01_To_get_list_of_configuration_with_valid_merchatid.java:21)
	at iam.configuration_get_configuration.TC_01_To_get_list_of_configuration_with_valid_merchatid.getConfiguration(TC_01_To_get_list_of_configuration_with_valid_merchatid.java:21)
	at iam.configuration_get_configuration.TC_01_To_get_list_of_configuration_with_valid_merchatid.getConfiguration(TC_01_To_get_list_of_configuration_with_valid_merchatid.java:21)
	at iam.configuration_get_configuration.TC_01_To_get_list_of_configuration_with_valid_merchatid.getConfiguration(TC_01_To_get_list_of_configuration_with_valid_merchatid.java:21)
	at iam.configuration_get_configuration.TC_01_To_get_list_of_configuration_with_valid_merchatid.getConfiguration(TC_01_To_get_list_of_configuration_with_valid_merchatid.java:21)
	at iam.configuration_get_configuration.TC_01_To_get_list_of_configuration_with_valid_merchatid.getConfiguration(TC_01_To_get_list_of_configuration_with_valid_merchatid.java:21)
	at iam.configuration_get_configuration.TC_01_To_get_list_of_configuration_with_valid_merchatid.getConfiguration(TC_01_To_get_list_of_configuration_with_valid_merchatid.java:21)
	at iam.configuration_get_configuration.TC_01_To_get_list_of_configuration_with_valid_merchatid.getConfiguration(TC_01_To_get_list_of_configuration_with_valid_merchatid.java:21)
	at iam.configuration_get_configuration.TC_01_To_get_list_of_configuration_with_valid_merchatid.getConfiguration(TC_01_To_get_list_of_configuration_with_valid_merchatid.java:21)
	at iam.configuration_get_configuration.TC_01_To_get_list_of_configuration_with_valid_merchatid.getConfiguration(TC_01_To_get_list_of_configuration_with_valid_merchatid.java:21)
	at iam.configuration_get_configuration.TC_01_To_get_list_of_configuration_with_valid_merchatid.getConfiguration(TC_01_To_get_list_of_configuration_with_valid_merchatid.java:21)
	at iam.configuration_get_configuration.TC_01_To_get_list_of_configuration_with_valid_merchatid.getConfiguration(TC_01_To_get_list_of_configuration_with_valid_merchatid.java:21)
	at iam.configuration_get_configuration.TC_01_To_get_list_of_configuration_with_valid_merchatid.getConfiguration(TC_01_To_get_list_of_configuration_with_valid_merchatid.java:21)
	at iam.configuration_get_configuration.TC_01_To_get_list_of_configuration_with_valid_merchatid.getConfiguration(TC_01_To_get_list_of_configuration_with_valid_merchatid.java:21)
	at iam.configuration_get_configuration.TC_01_To_get_list_of_configuration_with_valid_merchatid.getConfiguration(TC_01_To_get_list_of_configuration_with_valid_merchatid.java:21)
	at iam.configuration_get_configuration.TC_01_To_get_list_of_configuration_with_valid_merchatid.getConfiguration(TC_01_To_get_list_of_configuration_with_valid_merchatid.java:21)
	at iam.configuration_get_configuration.TC_01_To_get_list_of_configuration_with_valid_merchatid.getConfiguration(TC_01_To_get_list_of_configuration_with_valid_merchatid.java:21)
	at iam.configuration_get_configuration.TC_01_To_get_list_of_configuration_with_valid_merchatid.getConfiguration(TC_01_To_get_list_of_configuration_with_valid_merchatid.java:21)
	at iam.configuration_get_configuration.TC_01_To_get_list_of_configuration_with_valid_merchatid.getConfiguration(TC_01_To_get_list_of_configuration_with_valid_merchatid.java:21)
	at iam.configuration_get_configuration.TC_01_To_get_list_of_configuration_with_valid_merchatid.getConfiguration(TC_01_To_get_list_of_configuration_with_valid_merchatid.java:21)
	at iam.configuration_get_configuration.TC_01_To_get_list_of_configuration_with_valid_merchatid.getConfiguration(TC_01_To_get_list_of_configuration_with_valid_merchatid.java:21)
	at iam.configuration_get_configuration.TC_01_To_get_list_of_configuration_with_valid_merchatid.getConfiguration(TC_01_To_get_list_of_configuration_with_valid_merchatid.java:21)
	at iam.configuration_get_configuration.TC_01_To_get_list_of_configuration_with_valid_merchatid.getConfiguration(TC_01_To_get_list_of_configuration_with_valid_merchatid.java:21)
	at iam.configuration_get_configuration.TC_01_To_get_list_of_configuration_with_valid_merchatid.getConfiguration(TC_01_To_get_list_of_configuration_with_valid_merchatid.java:21)
	at iam.configuration_get_configuration.TC_01_To_get_list_of_configuration_with_valid_merchatid.getConfiguration(TC_01_To_get_list_of_configuration_with_valid_merchatid.java:21)
	at iam.configuration_get_configuration.TC_01_To_get_list_of_configuration_with_valid_merchatid.getConfiguration(TC_01_To_get_list_of_configuration_with_valid_merchatid.java:21)
	at iam.configuration_get_configuration.TC_01_To_get_list_of_configuration_with_valid_merchatid.getConfiguration(TC_01_To_get_list_of_configuration_with_valid_merchatid.java:21)
	at iam.configuration_get_configuration.TC_01_To_get_list_of_configuration_with_valid_merchatid.getConfiguration(TC_01_To_get_list_of_configuration_with_valid_merchatid.java:21)
	at iam.configuration_get_configuration.TC_01_To_get_list_of_configuration_with_valid_merchatid.getConfiguration(TC_01_To_get_list_of_configuration_with_valid_merchatid.java:21)
	at iam.configuration_get_configuration.TC_01_To_get_list_of_configuration_with_valid_merchatid.getConfiguration(TC_01_To_get_list_of_configuration_with_valid_merchatid.java:21)
	at iam.configuration_get_configuration.TC_01_To_get_list_of_configuration_with_valid_merchatid.getConfiguration(TC_01_To_get_list_of_configuration_with_valid_merchatid.java:21)
	at iam.configuration_get_configuration.TC_01_To_get_list_of_configuration_with_valid_merchatid.getConfiguration(TC_01_To_get_list_of_configuration_with_valid_merchatid.java:21)
	at iam.configuration_get_configuration.TC_01_To_get_list_of_configuration_with_valid_merchatid.getConfiguration(TC_01_To_get_list_of_configuration_with_valid_merchatid.java:21)
	at iam.configuration_get_configuration.TC_01_To_get_list_of_configuration_with_valid_merchatid.getConfiguration(TC_01_To_get_list_of_configuration_with_valid_merchatid.java:21)
	at iam.configuration_get_configuration.TC_01_To_get_list_of_configuration_with_valid_merchatid.getConfiguration(TC_01_To_get_list_of_configuration_with_valid_merchatid.java:21)
	at iam.configuration_get_configuration.TC_01_To_get_list_of_configuration_with_valid_merchatid.getConfiguration(TC_01_To_get_list_of_configuration_with_valid_merchatid.java:21)
	at iam.configuration_get_configuration.TC_01_To_get_list_of_configuration_with_valid_merchatid.getConfiguration(TC_01_To_get_list_of_configuration_with_valid_merchatid.java:21)
	at iam.configuration_get_configuration.TC_01_To_get_list_of_configuration_with_valid_merchatid.getConfiguration(TC_01_To_get_list_of_configuration_with_valid_merchatid.java:21)
	at iam.configuration_get_configuration.TC_01_To_get_list_of_configuration_with_valid_merchatid.getConfiguration(TC_01_To_get_list_of_configuration_with_valid_merchatid.java:21)
	at iam.configuration_get_configuration.TC_01_To_get_list_of_configuration_with_valid_merchatid.getConfiguration(TC_01_To_get_list_of_configuration_with_valid_merchatid.java:21)
	at iam.configuration_get_configuration.TC_01_To_get_list_of_configuration_with_valid_merchatid.getConfiguration(TC_01_To_get_list_of_configuration_with_valid_merchatid.java:21)
	at iam.configuration_get_configuration.TC_01_To_get_list_of_configuration_with_valid_merchatid.getConfiguration(TC_01_To_get_list_of_configuration_with_valid_merchatid.java:21)
	at iam.configuration_get_configuration.TC_01_To_get_list_of_configuration_with_valid_merchatid.getConfiguration(TC_01_To_get_list_of_configuration_with_valid_merchatid.java:21)
	at iam.configuration_get_configuration.TC_01_To_get_list_of_configuration_with_valid_merchatid.getConfiguration(TC_01_To_get_list_of_configuration_with_valid_merchatid.java:21)
	at iam.configuration_get_configuration.TC_01_To_get_list_of_configuration_with_valid_merchatid.getConfiguration(TC_01_To_get_list_of_configuration_with_valid_merchatid.java:21)
	at iam.configuration_get_configuration.TC_01_To_get_list_of_configuration_with_valid_merchatid.getConfiguration(TC_01_To_get_list_of_configuration_with_valid_merchatid.java:21)
	at iam.configuration_get_configuration.TC_01_To_get_list_of_configuration_with_valid_merchatid.getConfiguration(TC_01_To_get_list_of_configuration_with_valid_merchatid.java:21)
	at iam.configuration_get_configuration.TC_01_To_get_list_of_configuration_with_valid_merchatid.getConfiguration(TC_01_To_get_list_of_configuration_with_valid_merchatid.java:21)
	at iam.configuration_get_configuration.TC_01_To_get_list_of_configuration_with_valid_merchatid.getConfiguration(TC_01_To_get_list_of_configuration_with_valid_merchatid.java:21)
	at iam.configuration_get_configuration.TC_01_To_get_list_of_configuration_with_valid_merchatid.getConfiguration(TC_01_To_get_list_of_configuration_with_valid_merchatid.java:21)
	at iam.configuration_get_configuration.TC_01_To_get_list_of_configuration_with_valid_merchatid.getConfiguration(TC_01_To_get_list_of_configuration_with_valid_merchatid.java:21)
	at iam.configuration_get_configuration.TC_01_To_get_list_of_configuration_with_valid_merchatid.getConfiguration(TC_01_To_get_list_of_configuration_with_valid_merchatid.java:21)
	at iam.configuration_get_configuration.TC_01_To_get_list_of_configuration_with_valid_merchatid.getConfiguration(TC_01_To_get_list_of_configuration_with_valid_merchatid.java:21)
	at iam.configuration_get_configuration.TC_01_To_get_list_of_configuration_with_valid_merchatid.getConfiguration(TC_01_To_get_list_of_configuration_with_valid_merchatid.java:21)
	at iam.configuration_get_configuration.TC_01_To_get_list_of_configuration_with_valid_merchatid.getConfiguration(TC_01_To_get_list_of_configuration_with_valid_merchatid.java:21)
	at iam.configuration_get_configuration.TC_01_To_get_list_of_configuration_with_valid_merchatid.getConfiguration(TC_01_To_get_list_of_configuration_with_valid_merchatid.java:21)
	at iam.configuration_get_configuration.TC_01_To_get_list_of_configuration_with_valid_merchatid.getConfiguration(TC_01_To_get_list_of_configuration_with_valid_merchatid.java:21)
	at iam.configuration_get_configuration.TC_01_To_get_list_of_configuration_with_valid_merchatid.getConfiguration(TC_01_To_get_list_of_configuration_with_valid_merchatid.java:21)
	at iam.configuration_get_configuration.TC_01_To_get_list_of_configuration_with_valid_merchatid.getConfiguration(TC_01_To_get_list_of_configuration_with_valid_merchatid.java:21)
	at iam.configuration_get_configuration.TC_01_To_get_list_of_configuration_with_valid_merchatid.getConfiguration(TC_01_To_get_list_of_configuration_with_valid_merchatid.java:21)
	at iam.configuration_get_configuration.TC_01_To_get_list_of_configuration_with_valid_merchatid.getConfiguration(TC_01_To_get_list_of_configuration_with_valid_merchatid.java:21)
	at iam.configuration_get_configuration.TC_01_To_get_list_of_configuration_with_valid_merchatid.getConfiguration(TC_01_To_get_list_of_configuration_with_valid_merchatid.java:21)
	at iam.configuration_get_configuration.TC_01_To_get_list_of_configuration_with_valid_merchatid.getConfiguration(TC_01_To_get_list_of_configuration_with_valid_merchatid.java:21)
	at iam.configuration_get_configuration.TC_01_To_get_list_of_configuration_with_valid_merchatid.getConfiguration(TC_01_To_get_list_of_configuration_with_valid_merchatid.java:21)
	at iam.configuration_get_configuration.TC_01_To_get_list_of_configuration_with_valid_merchatid.getConfiguration(TC_01_To_get_list_of_configuration_with_valid_merchatid.java:21)
	at iam.configuration_get_configuration.TC_01_To_get_list_of_configuration_with_valid_merchatid.getConfiguration(TC_01_To_get_list_of_configuration_with_valid_merchatid.java:21)
	at iam.configuration_get_configuration.TC_01_To_get_list_of_configuration_with_valid_merchatid.getConfiguration(TC_01_To_get_list_of_configuration_with_valid_merchatid.java:21)
	at iam.configuration_get_configuration.TC_01_To_get_list_of_configuration_with_valid_merchatid.getConfiguration(TC_01_To_get_list_of_configuration_with_valid_merchatid.java:21)
	at iam.configuration_get_configuration.TC_01_To_get_list_of_configuration_with_valid_merchatid.getConfiguration(TC_01_To_get_list_of_configuration_with_valid_merchatid.java:21)
	at iam.configuration_get_configuration.TC_01_To_get_list_of_configuration_with_valid_merchatid.getConfiguration(TC_01_To_get_list_of_configuration_with_valid_merchatid.java:21)
	at iam.configuration_get_configuration.TC_01_To_get_list_of_configuration_with_valid_merchatid.getConfiguration(TC_01_To_get_list_of_configuration_with_valid_merchatid.java:21)
	at iam.configuration_get_configuration.TC_01_To_get_list_of_configuration_with_valid_merchatid.getConfiguration(TC_01_To_get_list_of_configuration_with_valid_merchatid.java:21)
	at iam.configuration_get_configuration.TC_01_To_get_list_of_configuration_with_valid_merchatid.getConfiguration(TC_01_To_get_list_of_configuration_with_valid_merchatid.java:21)
	at iam.configuration_get_configuration.TC_01_To_get_list_of_configuration_with_valid_merchatid.getConfiguration(TC_01_To_get_list_of_configuration_with_valid_merchatid.java:21)
	at iam.configuration_get_configuration.TC_01_To_get_list_of_configuration_with_valid_merchatid.getConfiguration(TC_01_To_get_list_of_configuration_with_valid_merchatid.java:21)
	at iam.configuration_get_configuration.TC_01_To_get_list_of_configuration_with_valid_merchatid.getConfiguration(TC_01_To_get_list_of_configuration_with_valid_merchatid.java:21)
	at iam.configuration_get_configuration.TC_01_To_get_list_of_configuration_with_valid_merchatid.getConfiguration(TC_01_To_get_list_of_configuration_with_valid_merchatid.java:21)
	at iam.configuration_get_configuration.TC_01_To_get_list_of_configuration_with_valid_merchatid.getConfiguration(TC_01_To_get_list_of_configuration_with_valid_merchatid.java:21)
	at iam.configuration_get_configuration.TC_01_To_get_list_of_configuration_with_valid_merchatid.getConfiguration(TC_01_To_get_list_of_configuration_with_valid_merchatid.java:21)
	at iam.configuration_get_configuration.TC_01_To_get_list_of_configuration_with_valid_merchatid.getConfiguration(TC_01_To_get_list_of_configuration_with_valid_merchatid.java:21)
	at iam.configuration_get_configuration.TC_01_To_get_list_of_configuration_with_valid_merchatid.getConfiguration(TC_01_To_get_list_of_configuration_with_valid_merchatid.java:21)
	at iam.configuration_get_configuration.TC_01_To_get_list_of_configuration_with_valid_merchatid.getConfiguration(TC_01_To_get_list_of_configuration_with_valid_merchatid.java:21)
	at iam.configuration_get_configuration.TC_01_To_get_list_of_configuration_with_valid_merchatid.getConfiguration(TC_01_To_get_list_of_configuration_with_valid_merchatid.java:21)
	at iam.configuration_get_configuration.TC_01_To_get_list_of_configuration_with_valid_merchatid.getConfiguration(TC_01_To_get_list_of_configuration_with_valid_merchatid.java:21)
	at iam.configuration_get_configuration.TC_01_To_get_list_of_configuration_with_valid_merchatid.getConfiguration(TC_01_To_get_list_of_configuration_with_valid_merchatid.java:21)
	at iam.configuration_get_configuration.TC_01_To_get_list_of_configuration_with_valid_merchatid.getConfiguration(TC_01_To_get_list_of_configuration_with_valid_merchatid.java:21)
	at iam.configuration_get_configuration.TC_01_To_get_list_of_configuration_with_valid_merchatid.getConfiguration(TC_01_To_get_list_of_configuration_with_valid_merchatid.java:21)
	at iam.configuration_get_configuration.TC_01_To_get_list_of_configuration_with_valid_merchatid.getConfiguration(TC_01_To_get_list_of_configuration_with_valid_merchatid.java:21)
	at iam.configuration_get_configuration.TC_01_To_get_list_of_configuration_with_valid_merchatid.getConfiguration(TC_01_To_get_list_of_configuration_with_valid_merchatid.java:21)
	at iam.configuration_get_configuration.TC_01_To_get_list_of_configuration_with_valid_merchatid.getConfiguration(TC_01_To_get_list_of_configuration_with_valid_merchatid.java:21)
	at iam.configuration_get_configuration.TC_01_To_get_list_of_configuration_with_valid_merchatid.getConfiguration(TC_01_To_get_list_of_configuration_with_valid_merchatid.java:21)
	at iam.configuration_get_configuration.TC_01_To_get_list_of_configuration_with_valid_merchatid.getConfiguration(TC_01_To_get_list_of_configuration_with_valid_merchatid.java:21)
	at iam.configuration_get_configuration.TC_01_To_get_list_of_configuration_with_valid_merchatid.getConfiguration(TC_01_To_get_list_of_configuration_with_valid_merchatid.java:21)
	at iam.configuration_get_configuration.TC_01_To_get_list_of_configuration_with_valid_merchatid.getConfiguration(TC_01_To_get_list_of_configuration_with_valid_merchatid.java:21)
	at iam.configuration_get_configuration.TC_01_To_get_list_of_configuration_with_valid_merchatid.getConfiguration(TC_01_To_get_list_of_configuration_with_valid_merchatid.java:21)
	at iam.configuration_get_configuration.TC_01_To_get_list_of_configuration_with_valid_merchatid.getConfiguration(TC_01_To_get_list_of_configuration_with_valid_merchatid.java:21)
	at iam.configuration_get_configuration.TC_01_To_get_list_of_configuration_with_valid_merchatid.getConfiguration(TC_01_To_get_list_of_configuration_with_valid_merchatid.java:21)
	at iam.configuration_get_configuration.TC_01_To_get_list_of_configuration_with_valid_merchatid.getConfiguration(TC_01_To_get_list_of_configuration_with_valid_merchatid.java:21)
	at iam.configuration_get_configuration.TC_01_To_get_list_of_configuration_with_valid_merchatid.getConfiguration(TC_01_To_get_list_of_configuration_with_valid_merchatid.java:21)
	at iam.configuration_get_configuration.TC_01_To_get_list_of_configuration_with_valid_merchatid.getConfiguration(TC_01_To_get_list_of_configuration_with_valid_merchatid.java:21)
	at iam.configuration_get_configuration.TC_01_To_get_list_of_configuration_with_valid_merchatid.getConfiguration(TC_01_To_get_list_of_configuration_with_valid_merchatid.java:21)
	at iam.configuration_get_configuration.TC_01_To_get_list_of_configuration_with_valid_merchatid.getConfiguration(TC_01_To_get_list_of_configuration_with_valid_merchatid.java:21)
	at iam.configuration_get_configuration.TC_01_To_get_list_of_configuration_with_valid_merchatid.getConfiguration(TC_01_To_get_list_of_configuration_with_valid_merchatid.java:21)
	at iam.configuration_get_configuration.TC_01_To_get_list_of_configuration_with_valid_merchatid.getConfiguration(TC_01_To_get_list_of_configuration_with_valid_merchatid.java:21)
	at iam.configuration_get_configuration.TC_01_To_get_list_of_configuration_with_valid_merchatid.getConfiguration(TC_01_To_get_list_of_configuration_with_valid_merchatid.java:21)
	at iam.configuration_get_configuration.TC_01_To_get_list_of_configuration_with_valid_merchatid.getConfiguration(TC_01_To_get_list_of_configuration_with_valid_merchatid.java:21)
	at iam.configuration_get_configuration.TC_01_To_get_list_of_configuration_with_valid_merchatid.getConfiguration(TC_01_To_get_list_of_configuration_with_valid_merchatid.java:21)
	at iam.configuration_get_configuration.TC_01_To_get_list_of_configuration_with_valid_merchatid.getConfiguration(TC_01_To_get_list_of_configuration_with_valid_merchatid.java:21)
	at iam.configuration_get_configuration.TC_01_To_get_list_of_configuration_with_valid_merchatid.getConfiguration(TC_01_To_get_list_of_configuration_with_valid_merchatid.java:21)
	at iam.configuration_get_configuration.TC_01_To_get_list_of_configuration_with_valid_merchatid.getConfiguration(TC_01_To_get_list_of_configuration_with_valid_merchatid.java:21)
	at iam.configuration_get_configuration.TC_01_To_get_list_of_configuration_with_valid_merchatid.getConfiguration(TC_01_To_get_list_of_configuration_with_valid_merchatid.java:21)
	at iam.configuration_get_configuration.TC_01_To_get_list_of_configuration_with_valid_merchatid.getConfiguration(TC_01_To_get_list_of_configuration_with_valid_merchatid.java:21)
	at iam.configuration_get_configuration.TC_01_To_get_list_of_configuration_with_valid_merchatid.getConfiguration(TC_01_To_get_list_of_configuration_with_valid_merchatid.java:21)
	at iam.configuration_get_configuration.TC_01_To_get_list_of_configuration_with_valid_merchatid.getConfiguration(TC_01_To_get_list_of_configuration_with_valid_merchatid.java:21)
	at iam.configuration_get_configuration.TC_01_To_get_list_of_configuration_with_valid_merchatid.getConfiguration(TC_01_To_get_list_of_configuration_with_valid_merchatid.java:21)
	at iam.configuration_get_configuration.TC_01_To_get_list_of_configuration_with_valid_merchatid.getConfiguration(TC_01_To_get_list_of_configuration_with_valid_merchatid.java:21)
	at iam.configuration_get_configuration.TC_01_To_get_list_of_configuration_with_valid_merchatid.getConfiguration(TC_01_To_get_list_of_configuration_with_valid_merchatid.java:21)
	at iam.configuration_get_configuration.TC_01_To_get_list_of_configuration_with_valid_merchatid.getConfiguration(TC_01_To_get_list_of_configuration_with_valid_merchatid.java:21)
	at iam.configuration_get_configuration.TC_01_To_get_list_of_configuration_with_valid_merchatid.getConfiguration(TC_01_To_get_list_of_configuration_with_valid_merchatid.java:21)
	at iam.configuration_get_configuration.TC_01_To_get_list_of_configuration_with_valid_merchatid.getConfiguration(TC_01_To_get_list_of_configuration_with_valid_merchatid.java:21)
	at iam.configuration_get_configuration.TC_01_To_get_list_of_configuration_with_valid_merchatid.getConfiguration(TC_01_To_get_list_of_configuration_with_valid_merchatid.java:21)
	at iam.configuration_get_configuration.TC_01_To_get_list_of_configuration_with_valid_merchatid.getConfiguration(TC_01_To_get_list_of_configuration_with_valid_merchatid.java:21)
	at iam.configuration_get_configuration.TC_01_To_get_list_of_configuration_with_valid_merchatid.getConfiguration(TC_01_To_get_list_of_configuration_with_valid_merchatid.java:21)
	at iam.configuration_get_configuration.TC_01_To_get_list_of_configuration_with_valid_merchatid.getConfiguration(TC_01_To_get_list_of_configuration_with_valid_merchatid.java:21)
	at iam.configuration_get_configuration.TC_01_To_get_list_of_configuration_with_valid_merchatid.getConfiguration(TC_01_To_get_list_of_configuration_with_valid_merchatid.java:21)
	at iam.configuration_get_configuration.TC_01_To_get_list_of_configuration_with_valid_merchatid.getConfiguration(TC_01_To_get_list_of_configuration_with_valid_merchatid.java:21)
	at iam.configuration_get_configuration.TC_01_To_get_list_of_configuration_with_valid_merchatid.getConfiguration(TC_01_To_get_list_of_configuration_with_valid_merchatid.java:21)
	at iam.configuration_get_configuration.TC_01_To_get_list_of_configuration_with_valid_merchatid.getConfiguration(TC_01_To_get_list_of_configuration_with_valid_merchatid.java:21)
	at iam.configuration_get_configuration.TC_01_To_get_list_of_configuration_with_valid_merchatid.getConfiguration(TC_01_To_get_list_of_configuration_with_valid_merchatid.java:21)
	at iam.configuration_get_configuration.TC_01_To_get_list_of_configuration_with_valid_merchatid.getConfiguration(TC_01_To_get_list_of_configuration_with_valid_merchatid.java:21)
	at iam.configuration_get_configuration.TC_01_To_get_list_of_configuration_with_valid_merchatid.getConfiguration(TC_01_To_get_list_of_configuration_with_valid_merchatid.java:21)
	at iam.configuration_get_configuration.TC_01_To_get_list_of_configuration_with_valid_merchatid.getConfiguration(TC_01_To_get_list_of_configuration_with_valid_merchatid.java:21)
	at iam.configuration_get_configuration.TC_01_To_get_list_of_configuration_with_valid_merchatid.getConfiguration(TC_01_To_get_list_of_configuration_with_valid_merchatid.java:21)
	at iam.configuration_get_configuration.TC_01_To_get_list_of_configuration_with_valid_merchatid.getConfiguration(TC_01_To_get_list_of_configuration_with_valid_merchatid.java:21)
	at iam.configuration_get_configuration.TC_01_To_get_list_of_configuration_with_valid_merchatid.getConfiguration(TC_01_To_get_list_of_configuration_with_valid_merchatid.java:21)
	at iam.configuration_get_configuration.TC_01_To_get_list_of_configuration_with_valid_merchatid.getConfiguration(TC_01_To_get_list_of_configuration_with_valid_merchatid.java:21)
	at iam.configuration_get_configuration.TC_01_To_get_list_of_configuration_with_valid_merchatid.getConfiguration(TC_01_To_get_list_of_configuration_with_valid_merchatid.java:21)
	at iam.configuration_get_configuration.TC_01_To_get_list_of_configuration_with_valid_merchatid.getConfiguration(TC_01_To_get_list_of_configuration_with_valid_merchatid.java:21)
	at iam.configuration_get_configuration.TC_01_To_get_list_of_configuration_with_valid_merchatid.getConfiguration(TC_01_To_get_list_of_configuration_with_valid_merchatid.java:21)
	at iam.configuration_get_configuration.TC_01_To_get_list_of_configuration_with_valid_merchatid.getConfiguration(TC_01_To_get_list_of_configuration_with_valid_merchatid.java:21)
	at iam.configuration_get_configuration.TC_01_To_get_list_of_configuration_with_valid_merchatid.getConfiguration(TC_01_To_get_list_of_configuration_with_valid_merchatid.java:21)
	at iam.configuration_get_configuration.TC_01_To_get_list_of_configuration_with_valid_merchatid.getConfiguration(TC_01_To_get_list_of_configuration_with_valid_merchatid.java:21)
	at iam.configuration_get_configuration.TC_01_To_get_list_of_configuration_with_valid_merchatid.getConfiguration(TC_01_To_get_list_of_configuration_with_valid_merchatid.java:21)
	at iam.configuration_get_configuration.TC_01_To_get_list_of_configuration_with_valid_merchatid.getConfiguration(TC_01_To_get_list_of_configuration_with_valid_merchatid.java:21)
	at iam.configuration_get_configuration.TC_01_To_get_list_of_configuration_with_valid_merchatid.getConfiguration(TC_01_To_get_list_of_configuration_with_valid_merchatid.java:21)
	at iam.configuration_get_configuration.TC_01_To_get_list_of_configuration_with_valid_merchatid.getConfiguration(TC_01_To_get_list_of_configuration_with_valid_merchatid.java:21)
	at iam.configuration_get_configuration.TC_01_To_get_list_of_configuration_with_valid_merchatid.getConfiguration(TC_01_To_get_list_of_configuration_with_valid_merchatid.java:21)
	at iam.configuration_get_configuration.TC_01_To_get_list_of_configuration_with_valid_merchatid.getConfiguration(TC_01_To_get_list_of_configuration_with_valid_merchatid.java:21)
	at iam.configuration_get_configuration.TC_01_To_get_list_of_configuration_with_valid_merchatid.getConfiguration(TC_01_To_get_list_of_configuration_with_valid_merchatid.java:21)
	at iam.configuration_get_configuration.TC_01_To_get_list_of_configuration_with_valid_merchatid.getConfiguration(TC_01_To_get_list_of_configuration_with_valid_merchatid.java:21)
	at iam.configuration_get_configuration.TC_01_To_get_list_of_configuration_with_valid_merchatid.getConfiguration(TC_01_To_get_list_of_configuration_with_valid_merchatid.java:21)
	at iam.configuration_get_configuration.TC_01_To_get_list_of_configuration_with_valid_merchatid.getConfiguration(TC_01_To_get_list_of_configuration_with_valid_merchatid.java:21)
	at iam.configuration_get_configuration.TC_01_To_get_list_of_configuration_with_valid_merchatid.getConfiguration(TC_01_To_get_list_of_configuration_with_valid_merchatid.java:21)
	at iam.configuration_get_configuration.TC_01_To_get_list_of_configuration_with_valid_merchatid.getConfiguration(TC_01_To_get_list_of_configuration_with_valid_merchatid.java:21)
	at iam.configuration_get_configuration.TC_01_To_get_list_of_configuration_with_valid_merchatid.getConfiguration(TC_01_To_get_list_of_configuration_with_valid_merchatid.java:21)
	at iam.configuration_get_configuration.TC_01_To_get_list_of_configuration_with_valid_merchatid.getConfiguration(TC_01_To_get_list_of_configuration_with_valid_merchatid.java:21)
	at iam.configuration_get_configuration.TC_01_To_get_list_of_configuration_with_valid_merchatid.getConfiguration(TC_01_To_get_list_of_configuration_with_valid_merchatid.java:21)
	at iam.configuration_get_configuration.TC_01_To_get_list_of_configuration_with_valid_merchatid.getConfiguration(TC_01_To_get_list_of_configuration_with_valid_merchatid.java:21)
	at iam.configuration_get_configuration.TC_01_To_get_list_of_configuration_with_valid_merchatid.getConfiguration(TC_01_To_get_list_of_configuration_with_valid_merchatid.java:21)
	at iam.configuration_get_configuration.TC_01_To_get_list_of_configuration_with_valid_merchatid.getConfiguration(TC_01_To_get_list_of_configuration_with_valid_merchatid.java:21)
	at iam.configuration_get_configuration.TC_01_To_get_list_of_configuration_with_valid_merchatid.getConfiguration(TC_01_To_get_list_of_configuration_with_valid_merchatid.java:21)
	at iam.configuration_get_configuration.TC_01_To_get_list_of_configuration_with_valid_merchatid.getConfiguration(TC_01_To_get_list_of_configuration_with_valid_merchatid.java:21)
	at iam.configuration_get_configuration.TC_01_To_get_list_of_configuration_with_valid_merchatid.getConfiguration(TC_01_To_get_list_of_configuration_with_valid_merchatid.java:21)
	at iam.configuration_get_configuration.TC_01_To_get_list_of_configuration_with_valid_merchatid.getConfiguration(TC_01_To_get_list_of_configuration_with_valid_merchatid.java:21)
	at iam.configuration_get_configuration.TC_01_To_get_list_of_configuration_with_valid_merchatid.getConfiguration(TC_01_To_get_list_of_configuration_with_valid_merchatid.java:21)
	at iam.configuration_get_configuration.TC_01_To_get_list_of_configuration_with_valid_merchatid.getConfiguration(TC_01_To_get_list_of_configuration_with_valid_merchatid.java:21)
	at iam.configuration_get_configuration.TC_01_To_get_list_of_configuration_with_valid_merchatid.getConfiguration(TC_01_To_get_list_of_configuration_with_valid_merchatid.java:21)
	at iam.configuration_get_configuration.TC_01_To_get_list_of_configuration_with_valid_merchatid.getConfiguration(TC_01_To_get_list_of_configuration_with_valid_merchatid.java:21)
	at iam.configuration_get_configuration.TC_01_To_get_list_of_configuration_with_valid_merchatid.getConfiguration(TC_01_To_get_list_of_configuration_with_valid_merchatid.java:21)
	at iam.configuration_get_configuration.TC_01_To_get_list_of_configuration_with_valid_merchatid.getConfiguration(TC_01_To_get_list_of_configuration_with_valid_merchatid.java:21)
	at iam.configuration_get_configuration.TC_01_To_get_list_of_configuration_with_valid_merchatid.getConfiguration(TC_01_To_get_list_of_configuration_with_valid_merchatid.java:21)
	at iam.configuration_get_configuration.TC_01_To_get_list_of_configuration_with_valid_merchatid.getConfiguration(TC_01_To_get_list_of_configuration_with_valid_merchatid.java:21)
	at iam.configuration_get_configuration.TC_01_To_get_list_of_configuration_with_valid_merchatid.getConfiguration(TC_01_To_get_list_of_configuration_with_valid_merchatid.java:21)
	at iam.configuration_get_configuration.TC_01_To_get_list_of_configuration_with_valid_merchatid.getConfiguration(TC_01_To_get_list_of_configuration_with_valid_merchatid.java:21)
	at iam.configuration_get_configuration.TC_01_To_get_list_of_configuration_with_valid_merchatid.getConfiguration(TC_01_To_get_list_of_configuration_with_valid_merchatid.java:21)
	at iam.configuration_get_configuration.TC_01_To_get_list_of_configuration_with_valid_merchatid.getConfiguration(TC_01_To_get_list_of_configuration_with_valid_merchatid.java:21)
	at iam.configuration_get_configuration.TC_01_To_get_list_of_configuration_with_valid_merchatid.getConfiguration(TC_01_To_get_list_of_configuration_with_valid_merchatid.java:21)
	at iam.configuration_get_configuration.TC_01_To_get_list_of_configuration_with_valid_merchatid.getConfiguration(TC_01_To_get_list_of_configuration_with_valid_merchatid.java:21)
	at iam.configuration_get_configuration.TC_01_To_get_list_of_configuration_with_valid_merchatid.getConfiguration(TC_01_To_get_list_of_configuration_with_valid_merchatid.java:21)
	at iam.configuration_get_configuration.TC_01_To_get_list_of_configuration_with_valid_merchatid.getConfiguration(TC_01_To_get_list_of_configuration_with_valid_merchatid.java:21)
	at iam.configuration_get_configuration.TC_01_To_get_list_of_configuration_with_valid_merchatid.getConfiguration(TC_01_To_get_list_of_configuration_with_valid_merchatid.java:21)
	at iam.configuration_get_configuration.TC_01_To_get_list_of_configuration_with_valid_merchatid.getConfiguration(TC_01_To_get_list_of_configuration_with_valid_merchatid.java:21)
	at iam.configuration_get_configuration.TC_01_To_get_list_of_configuration_with_valid_merchatid.getConfiguration(TC_01_To_get_list_of_configuration_with_valid_merchatid.java:21)
	at iam.configuration_get_configuration.TC_01_To_get_list_of_configuration_with_valid_merchatid.getConfiguration(TC_01_To_get_list_of_configuration_with_valid_merchatid.java:21)
	at iam.configuration_get_configuration.TC_01_To_get_list_of_configuration_with_valid_merchatid.getConfiguration(TC_01_To_get_list_of_configuration_with_valid_merchatid.java:21)
	at iam.configuration_get_configuration.TC_01_To_get_list_of_configuration_with_valid_merchatid.getConfiguration(TC_01_To_get_list_of_configuration_with_valid_merchatid.java:21)
	at iam.configuration_get_configuration.TC_01_To_get_list_of_configuration_with_valid_merchatid.getConfiguration(TC_01_To_get_list_of_configuration_with_valid_merchatid.java:21)
	at iam.configuration_get_configuration.TC_01_To_get_list_of_configuration_with_valid_merchatid.getConfiguration(TC_01_To_get_list_of_configuration_with_valid_merchatid.java:21)
	at iam.configuration_get_configuration.TC_01_To_get_list_of_configuration_with_valid_merchatid.getConfiguration(TC_01_To_get_list_of_configuration_with_valid_merchatid.java:21)
	at iam.configuration_get_configuration.TC_01_To_get_list_of_configuration_with_valid_merchatid.getConfiguration(TC_01_To_get_list_of_configuration_with_valid_merchatid.java:21)
	at iam.configuration_get_configuration.TC_01_To_get_list_of_configuration_with_valid_merchatid.getConfiguration(TC_01_To_get_list_of_configuration_with_valid_merchatid.java:21)
	at iam.configuration_get_configuration.TC_01_To_get_list_of_configuration_with_valid_merchatid.getConfiguration(TC_01_To_get_list_of_configuration_with_valid_merchatid.java:21)
	at iam.configuration_get_configuration.TC_01_To_get_list_of_configuration_with_valid_merchatid.getConfiguration(TC_01_To_get_list_of_configuration_with_valid_merchatid.java:21)
	at iam.configuration_get_configuration.TC_01_To_get_list_of_configuration_with_valid_merchatid.getConfiguration(TC_01_To_get_list_of_configuration_with_valid_merchatid.java:21)
	at iam.configuration_get_configuration.TC_01_To_get_list_of_configuration_with_valid_merchatid.getConfiguration(TC_01_To_get_list_of_configuration_with_valid_merchatid.java:21)
	at iam.configuration_get_configuration.TC_01_To_get_list_of_configuration_with_valid_merchatid.getConfiguration(TC_01_To_get_list_of_configuration_with_valid_merchatid.java:21)
	at iam.configuration_get_configuration.TC_01_To_get_list_of_configuration_with_valid_merchatid.getConfiguration(TC_01_To_get_list_of_configuration_with_valid_merchatid.java:21)
	at iam.configuration_get_configuration.TC_01_To_get_list_of_configuration_with_valid_merchatid.getConfiguration(TC_01_To_get_list_of_configuration_with_valid_merchatid.java:21)
	at iam.configuration_get_configuration.TC_01_To_get_list_of_configuration_with_valid_merchatid.getConfiguration(TC_01_To_get_list_of_configuration_with_valid_merchatid.java:21)
	at iam.configuration_get_configuration.TC_01_To_get_list_of_configuration_with_valid_merchatid.getConfiguration(TC_01_To_get_list_of_configuration_with_valid_merchatid.java:21)
	at iam.configuration_get_configuration.TC_01_To_get_list_of_configuration_with_valid_merchatid.getConfiguration(TC_01_To_get_list_of_configuration_with_valid_merchatid.java:21)
	at iam.configuration_get_configuration.TC_01_To_get_list_of_configuration_with_valid_merchatid.getConfiguration(TC_01_To_get_list_of_configuration_with_valid_merchatid.java:21)
	at iam.configuration_get_configuration.TC_01_To_get_list_of_configuration_with_valid_merchatid.getConfiguration(TC_01_To_get_list_of_configuration_with_valid_merchatid.java:21)
	at iam.configuration_get_configuration.TC_01_To_get_list_of_configuration_with_valid_merchatid.getConfiguration(TC_01_To_get_list_of_configuration_with_valid_merchatid.java:21)
	at iam.configuration_get_configuration.TC_01_To_get_list_of_configuration_with_valid_merchatid.getConfiguration(TC_01_To_get_list_of_configuration_with_valid_merchatid.java:21)
	at iam.configuration_get_configuration.TC_01_To_get_list_of_configuration_with_valid_merchatid.getConfiguration(TC_01_To_get_list_of_configuration_with_valid_merchatid.java:21)
	at iam.configuration_get_configuration.TC_01_To_get_list_of_configuration_with_valid_merchatid.getConfiguration(TC_01_To_get_list_of_configuration_with_valid_merchatid.java:21)
	at iam.configuration_get_configuration.TC_01_To_get_list_of_configuration_with_valid_merchatid.getConfiguration(TC_01_To_get_list_of_configuration_with_valid_merchatid.java:21)
	at iam.configuration_get_configuration.TC_01_To_get_list_of_configuration_with_valid_merchatid.getConfiguration(TC_01_To_get_list_of_configuration_with_valid_merchatid.java:21)
	at iam.configuration_get_configuration.TC_01_To_get_list_of_configuration_with_valid_merchatid.getConfiguration(TC_01_To_get_list_of_configuration_with_valid_merchatid.java:21)
	at iam.configuration_get_configuration.TC_01_To_get_list_of_configuration_with_valid_merchatid.getConfiguration(TC_01_To_get_list_of_configuration_with_valid_merchatid.java:21)
	at iam.configuration_get_configuration.TC_01_To_get_list_of_configuration_with_valid_merchatid.getConfiguration(TC_01_To_get_list_of_configuration_with_valid_merchatid.java:21)
	at iam.configuration_get_configuration.TC_01_To_get_list_of_configuration_with_valid_merchatid.getConfiguration(TC_01_To_get_list_of_configuration_with_valid_merchatid.java:21)
	at iam.configuration_get_configuration.TC_01_To_get_list_of_configuration_with_valid_merchatid.getConfiguration(TC_01_To_get_list_of_configuration_with_valid_merchatid.java:21)
	at iam.configuration_get_configuration.TC_01_To_get_list_of_configuration_with_valid_merchatid.getConfiguration(TC_01_To_get_list_of_configuration_with_valid_merchatid.java:21)
	at iam.configuration_get_configuration.TC_01_To_get_list_of_configuration_with_valid_merchatid.getConfiguration(TC_01_To_get_list_of_configuration_with_valid_merchatid.java:21)
	at iam.configuration_get_configuration.TC_01_To_get_list_of_configuration_with_valid_merchatid.getConfiguration(TC_01_To_get_list_of_configuration_with_valid_merchatid.java:21)
	at iam.configuration_get_configuration.TC_01_To_get_list_of_configuration_with_valid_merchatid.getConfiguration(TC_01_To_get_list_of_configuration_with_valid_merchatid.java:21)
	at iam.configuration_get_configuration.TC_01_To_get_list_of_configuration_with_valid_merchatid.getConfiguration(TC_01_To_get_list_of_configuration_with_valid_merchatid.java:21)
	at iam.configuration_get_configuration.TC_01_To_get_list_of_configuration_with_valid_merchatid.getConfiguration(TC_01_To_get_list_of_configuration_with_valid_merchatid.java:21)
	at iam.configuration_get_configuration.TC_01_To_get_list_of_configuration_with_valid_merchatid.getConfiguration(TC_01_To_get_list_of_configuration_with_valid_merchatid.java:21)
	at iam.configuration_get_configuration.TC_01_To_get_list_of_configuration_with_valid_merchatid.getConfiguration(TC_01_To_get_list_of_configuration_with_valid_merchatid.java:21)
	at iam.configuration_get_configuration.TC_01_To_get_list_of_configuration_with_valid_merchatid.getConfiguration(TC_01_To_get_list_of_configuration_with_valid_merchatid.java:21)
	at iam.configuration_get_configuration.TC_01_To_get_list_of_configuration_with_valid_merchatid.getConfiguration(TC_01_To_get_list_of_configuration_with_valid_merchatid.java:21)
	at iam.configuration_get_configuration.TC_01_To_get_list_of_configuration_with_valid_merchatid.getConfiguration(TC_01_To_get_list_of_configuration_with_valid_merchatid.java:21)
	at iam.configuration_get_configuration.TC_01_To_get_list_of_configuration_with_valid_merchatid.getConfiguration(TC_01_To_get_list_of_configuration_with_valid_merchatid.java:21)
	at iam.configuration_get_configuration.TC_01_To_get_list_of_configuration_with_valid_merchatid.getConfiguration(TC_01_To_get_list_of_configuration_with_valid_merchatid.java:21)
	at iam.configuration_get_configuration.TC_01_To_get_list_of_configuration_with_valid_merchatid.getConfiguration(TC_01_To_get_list_of_configuration_with_valid_merchatid.java:21)
	at iam.configuration_get_configuration.TC_01_To_get_list_of_configuration_with_valid_merchatid.getConfiguration(TC_01_To_get_list_of_configuration_with_valid_merchatid.java:21)
	at iam.configuration_get_configuration.TC_01_To_get_list_of_configuration_with_valid_merchatid.getConfiguration(TC_01_To_get_list_of_configuration_with_valid_merchatid.java:21)
	at iam.configuration_get_configuration.TC_01_To_get_list_of_configuration_with_valid_merchatid.getConfiguration(TC_01_To_get_list_of_configuration_with_valid_merchatid.java:21)
	at iam.configuration_get_configuration.TC_01_To_get_list_of_configuration_with_valid_merchatid.getConfiguration(TC_01_To_get_list_of_configuration_with_valid_merchatid.java:21)
	at iam.configuration_get_configuration.TC_01_To_get_list_of_configuration_with_valid_merchatid.getConfiguration(TC_01_To_get_list_of_configuration_with_valid_merchatid.java:21)
	at iam.configuration_get_configuration.TC_01_To_get_list_of_configuration_with_valid_merchatid.getConfiguration(TC_01_To_get_list_of_configuration_with_valid_merchatid.java:21)
	at iam.configuration_get_configuration.TC_01_To_get_list_of_configuration_with_valid_merchatid.getConfiguration(TC_01_To_get_list_of_configuration_with_valid_merchatid.java:21)
[...]
	at iam.configuration_get_configuration.TC_01_To_get_list_of_configuration_with_valid_merchatid.getConfiguration(TC_01_To_get_list_of_configuration_with_valid_merchatid.java:21)
	at iam.configuration_get_configuration.TC_01_To_get_list_of_configuration_with_valid_merchatid.getConfiguration(TC_01_To_get_list_of_configuration_with_valid_merchatid.java:21)
	at iam.configuration_get_configuration.TC_01_To_get_list_of_configuration_with_valid_merchatid.getConfiguration(TC_01_To_get_list_of_configuration_with_valid_merchatid.java:21)
	at iam.configuration_get_configuration.TC_01_To_get_list_of_configuration_with_valid_merchatid.getConfiguration(TC_01_To_get_list_of_configuration_with_valid_merchatid.java:21)
	at iam.configuration_get_configuration.TC_01_To_get_list_of_configuration_with_valid_merchatid.getConfiguration(TC_01_To_get_list_of_configuration_with_valid_merchatid.java:21)
	at iam.configuration_get_configuration.TC_01_To_get_list_of_configuration_with_valid_merchatid.getConfiguration(TC_01_To_get_list_of_configuration_with_valid_merchatid.java:21)
	at iam.configuration_get_configuration.TC_01_To_get_list_of_configuration_with_valid_merchatid.getConfiguration(TC_01_To_get_list_of_configuration_with_valid_merchatid.java:21)
	at iam.configuration_get_configuration.TC_01_To_get_list_of_configuration_with_valid_merchatid.getConfiguration(TC_01_To_get_list_of_configuration_with_valid_merchatid.java:21)
	at iam.configuration_get_configuration.TC_01_To_get_list_of_configuration_with_valid_merchatid.getConfiguration(TC_01_To_get_list_of_configuration_with_valid_merchatid.java:21)
	at iam.configuration_get_configuration.TC_01_To_get_list_of_configuration_with_valid_merchatid.getConfiguration(TC_01_To_get_list_of_configuration_with_valid_merchatid.java:21)
	at iam.configuration_get_configuration.TC_01_To_get_list_of_configuration_with_valid_merchatid.getConfiguration(TC_01_To_get_list_of_configuration_with_valid_merchatid.java:21)
	at iam.configuration_get_configuration.TC_01_To_get_list_of_configuration_with_valid_merchatid.getConfiguration(TC_01_To_get_list_of_configuration_with_valid_merchatid.java:21)
	at iam.configuration_get_configuration.TC_01_To_get_list_of_configuration_with_valid_merchatid.getConfiguration(TC_01_To_get_list_of_configuration_with_valid_merchatid.java:21)
	at iam.configuration_get_configuration.TC_01_To_get_list_of_configuration_with_valid_merchatid.getConfiguration(TC_01_To_get_list_of_configuration_with_valid_merchatid.java:21)
	at iam.configuration_get_configuration.TC_01_To_get_list_of_configuration_with_valid_merchatid.getConfiguration(TC_01_To_get_list_of_configuration_with_valid_merchatid.java:21)
	at iam.configuration_get_configuration.TC_01_To_get_list_of_configuration_with_valid_merchatid.getConfiguration(TC_01_To_get_list_of_configuration_with_valid_merchatid.java:21)
	at iam.configuration_get_configuration.TC_01_To_get_list_of_configuration_with_valid_merchatid.getConfiguration(TC_01_To_get_list_of_configuration_with_valid_merchatid.java:21)
	at iam.configuration_get_configuration.TC_01_To_get_list_of_configuration_with_valid_merchatid.getConfiguration(TC_01_To_get_list_of_configuration_with_valid_merchatid.java:21)
	at iam.configuration_get_configuration.TC_01_To_get_list_of_configuration_with_valid_merchatid.getConfiguration(TC_01_To_get_list_of_configuration_with_valid_merchatid.java:21)
	at iam.configuration_get_configuration.TC_01_To_get_list_of_configuration_with_valid_merchatid.getConfiguration(TC_01_To_get_list_of_configuration_with_valid_merchatid.java:21)
	at iam.configuration_get_configuration.TC_01_To_get_list_of_configuration_with_valid_merchatid.getConfiguration(TC_01_To_get_list_of_configuration_with_valid_merchatid.java:21)
	at iam.configuration_get_configuration.TC_01_To_get_list_of_configuration_with_valid_merchatid.getConfiguration(TC_01_To_get_list_of_configuration_with_valid_merchatid.java:21)
	at iam.configuration_get_configuration.TC_01_To_get_list_of_configuration_with_valid_merchatid.getConfiguration(TC_01_To_get_list_of_configuration_with_valid_merchatid.java:21)
	at iam.configuration_get_configuration.TC_01_To_get_list_of_configuration_with_valid_merchatid.getConfiguration(TC_01_To_get_list_of_configuration_with_valid_merchatid.java:21)
	at iam.configuration_get_configuration.TC_01_To_get_list_of_configuration_with_valid_merchatid.getConfiguration(TC_01_To_get_list_of_configuration_with_valid_merchatid.java:21)
	at iam.configuration_get_configuration.TC_01_To_get_list_of_configuration_with_valid_merchatid.getConfiguration(TC_01_To_get_list_of_configuration_with_valid_merchatid.java:21)
	at iam.configuration_get_configuration.TC_01_To_get_list_of_configuration_with_valid_merchatid.getConfiguration(TC_01_To_get_list_of_configuration_with_valid_merchatid.java:21)
	at iam.configuration_get_configuration.TC_01_To_get_list_of_configuration_with_valid_merchatid.getConfiguration(TC_01_To_get_list_of_configuration_with_valid_merchatid.java:21)
	at iam.configuration_get_configuration.TC_01_To_get_list_of_configuration_with_valid_merchatid.getConfiguration(TC_01_To_get_list_of_configuration_with_valid_merchatid.java:21)
	at iam.configuration_get_configuration.TC_01_To_get_list_of_configuration_with_valid_merchatid.getConfiguration(TC_01_To_get_list_of_configuration_with_valid_merchatid.java:21)
	at iam.configuration_get_configuration.TC_01_To_get_list_of_configuration_with_valid_merchatid.getConfiguration(TC_01_To_get_list_of_configuration_with_valid_merchatid.java:21)
	at iam.configuration_get_configuration.TC_01_To_get_list_of_configuration_with_valid_merchatid.getConfiguration(TC_01_To_get_list_of_configuration_with_valid_merchatid.java:21)
	at iam.configuration_get_configuration.TC_01_To_get_list_of_configuration_with_valid_merchatid.getConfiguration(TC_01_To_get_list_of_configuration_with_valid_merchatid.java:21)
	at iam.configuration_get_configuration.TC_01_To_get_list_of_configuration_with_valid_merchatid.getConfiguration(TC_01_To_get_list_of_configuration_with_valid_merchatid.java:21)
	at iam.configuration_get_configuration.TC_01_To_get_list_of_configuration_with_valid_merchatid.getConfiguration(TC_01_To_get_list_of_configuration_with_valid_merchatid.java:21)
	at iam.configuration_get_configuration.TC_01_To_get_list_of_configuration_with_valid_merchatid.getConfiguration(TC_01_To_get_list_of_configuration_with_valid_merchatid.java:21)
	at iam.configuration_get_configuration.TC_01_To_get_list_of_configuration_with_valid_merchatid.getConfiguration(TC_01_To_get_list_of_configuration_with_valid_merchatid.java:21)
	at iam.configuration_get_configuration.TC_01_To_get_list_of_configuration_with_valid_merchatid.getConfiguration(TC_01_To_get_list_of_configuration_with_valid_merchatid.java:21)
	at iam.configuration_get_configuration.TC_01_To_get_list_of_configuration_with_valid_merchatid.getConfiguration(TC_01_To_get_list_of_configuration_with_valid_merchatid.java:21)
	at iam.configuration_get_configuration.TC_01_To_get_list_of_configuration_with_valid_merchatid.getConfiguration(TC_01_To_get_list_of_configuration_with_valid_merchatid.java:21)
	at iam.configuration_get_configuration.TC_01_To_get_list_of_configuration_with_valid_merchatid.getConfiguration(TC_01_To_get_list_of_configuration_with_valid_merchatid.java:21)
	at iam.configuration_get_configuration.TC_01_To_get_list_of_configuration_with_valid_merchatid.getConfiguration(TC_01_To_get_list_of_configuration_with_valid_merchatid.java:21)
	at iam.configuration_get_configuration.TC_01_To_get_list_of_configuration_with_valid_merchatid.getConfiguration(TC_01_To_get_list_of_configuration_with_valid_merchatid.java:21)
	at iam.configuration_get_configuration.TC_01_To_get_list_of_configuration_with_valid_merchatid.getConfiguration(TC_01_To_get_list_of_configuration_with_valid_merchatid.java:21)
	at iam.configuration_get_configuration.TC_01_To_get_list_of_configuration_with_valid_merchatid.getConfiguration(TC_01_To_get_list_of_configuration_with_valid_merchatid.java:21)
	at iam.configuration_get_configuration.TC_01_To_get_list_of_configuration_with_valid_merchatid.getConfiguration(TC_01_To_get_list_of_configuration_with_valid_merchatid.java:21)
	at iam.configuration_get_configuration.TC_01_To_get_list_of_configuration_with_valid_merchatid.getConfiguration(TC_01_To_get_list_of_configuration_with_valid_merchatid.java:21)
	at iam.configuration_get_configuration.TC_01_To_get_list_of_configuration_with_valid_merchatid.getConfiguration(TC_01_To_get_list_of_configuration_with_valid_merchatid.java:21)
	at iam.configuration_get_configuration.TC_01_To_get_list_of_configuration_with_valid_merchatid.getConfiguration(TC_01_To_get_list_of_configuration_with_valid_merchatid.java:21)
	at iam.configuration_get_configuration.TC_01_To_get_list_of_configuration_with_valid_merchatid.getConfiguration(TC_01_To_get_list_of_configuration_with_valid_merchatid.java:21)
	at iam.configuration_get_configuration.TC_01_To_get_list_of_configuration_with_valid_merchatid.getConfiguration(TC_01_To_get_list_of_configuration_with_valid_merchatid.java:21)
	at iam.configuration_get_configuration.TC_01_To_get_list_of_configuration_with_valid_merchatid.getConfiguration(TC_01_To_get_list_of_configuration_with_valid_merchatid.java:21)
	at iam.configuration_get_configuration.TC_01_To_get_list_of_configuration_with_valid_merchatid.getConfiguration(TC_01_To_get_list_of_configuration_with_valid_merchatid.java:21)
	at iam.configuration_get_configuration.TC_01_To_get_list_of_configuration_with_valid_merchatid.getConfiguration(TC_01_To_get_list_of_configuration_with_valid_merchatid.java:21)
	at iam.configuration_get_configuration.TC_01_To_get_list_of_configuration_with_valid_merchatid.getConfiguration(TC_01_To_get_list_of_configuration_with_valid_merchatid.java:21)
	at iam.configuration_get_configuration.TC_01_To_get_list_of_configuration_with_valid_merchatid.getConfiguration(TC_01_To_get_list_of_configuration_with_valid_merchatid.java:21)
	at iam.configuration_get_configuration.TC_01_To_get_list_of_configuration_with_valid_merchatid.getConfiguration(TC_01_To_get_list_of_configuration_with_valid_merchatid.java:21)
	at iam.configuration_get_configuration.TC_01_To_get_list_of_configuration_with_valid_merchatid.getConfiguration(TC_01_To_get_list_of_configuration_with_valid_merchatid.java:21)
	at iam.configuration_get_configuration.TC_01_To_get_list_of_configuration_with_valid_merchatid.getConfiguration(TC_01_To_get_list_of_configuration_with_valid_merchatid.java:21)
	at iam.configuration_get_configuration.TC_01_To_get_list_of_configuration_with_valid_merchatid.getConfiguration(TC_01_To_get_list_of_configuration_with_valid_merchatid.java:21)
	at iam.configuration_get_configuration.TC_01_To_get_list_of_configuration_with_valid_merchatid.getConfiguration(TC_01_To_get_list_of_configuration_with_valid_merchatid.java:21)
	at iam.configuration_get_configuration.TC_01_To_get_list_of_configuration_with_valid_merchatid.getConfiguration(TC_01_To_get_list_of_configuration_with_valid_merchatid.java:21)
	at iam.configuration_get_configuration.TC_01_To_get_list_of_configuration_with_valid_merchatid.getConfiguration(TC_01_To_get_list_of_configuration_with_valid_merchatid.java:21)
	at iam.configuration_get_configuration.TC_01_To_get_list_of_configuration_with_valid_merchatid.getConfiguration(TC_01_To_get_list_of_configuration_with_valid_merchatid.java:21)
	at iam.configuration_get_configuration.TC_01_To_get_list_of_configuration_with_valid_merchatid.getConfiguration(TC_01_To_get_list_of_configuration_with_valid_merchatid.java:21)
	at iam.configuration_get_configuration.TC_01_To_get_list_of_configuration_with_valid_merchatid.getConfiguration(TC_01_To_get_list_of_configuration_with_valid_merchatid.java:21)
	at iam.configuration_get_configuration.TC_01_To_get_list_of_configuration_with_valid_merchatid.getConfiguration(TC_01_To_get_list_of_configuration_with_valid_merchatid.java:21)
	at iam.configuration_get_configuration.TC_01_To_get_list_of_configuration_with_valid_merchatid.getConfiguration(TC_01_To_get_list_of_configuration_with_valid_merchatid.java:21)
	at iam.configuration_get_configuration.TC_01_To_get_list_of_configuration_with_valid_merchatid.getConfiguration(TC_01_To_get_list_of_configuration_with_valid_merchatid.java:21)
	at iam.configuration_get_configuration.TC_01_To_get_list_of_configuration_with_valid_merchatid.getConfiguration(TC_01_To_get_list_of_configuration_with_valid_merchatid.java:21)
	at iam.configuration_get_configuration.TC_01_To_get_list_of_configuration_with_valid_merchatid.getConfiguration(TC_01_To_get_list_of_configuration_with_valid_merchatid.java:21)
	at iam.configuration_get_configuration.TC_01_To_get_list_of_configuration_with_valid_merchatid.getConfiguration(TC_01_To_get_list_of_configuration_with_valid_merchatid.java:21)
	at iam.configuration_get_configuration.TC_01_To_get_list_of_configuration_with_valid_merchatid.getConfiguration(TC_01_To_get_list_of_configuration_with_valid_merchatid.java:21)
	at iam.configuration_get_configuration.TC_01_To_get_list_of_configuration_with_valid_merchatid.getConfiguration(TC_01_To_get_list_of_configuration_with_valid_merchatid.java:21)
	at iam.configuration_get_configuration.TC_01_To_get_list_of_configuration_with_valid_merchatid.getConfiguration(TC_01_To_get_list_of_configuration_with_valid_merchatid.java:21)
	at iam.configuration_get_configuration.TC_01_To_get_list_of_configuration_with_valid_merchatid.getConfiguration(TC_01_To_get_list_of_configuration_with_valid_merchatid.java:21)
	at iam.configuration_get_configuration.TC_01_To_get_list_of_configuration_with_valid_merchatid.getConfiguration(TC_01_To_get_list_of_configuration_with_valid_merchatid.java:21)
	at iam.configuration_get_configuration.TC_01_To_get_list_of_configuration_with_valid_merchatid.getConfiguration(TC_01_To_get_list_of_configuration_with_valid_merchatid.java:21)
	at iam.configuration_get_configuration.TC_01_To_get_list_of_configuration_with_valid_merchatid.getConfiguration(TC_01_To_get_list_of_configuration_with_valid_merchatid.java:21)
	at iam.configuration_get_configuration.TC_01_To_get_list_of_configuration_with_valid_merchatid.getConfiguration(TC_01_To_get_list_of_configuration_with_valid_merchatid.java:21)
	at iam.configuration_get_configuration.TC_01_To_get_list_of_configuration_with_valid_merchatid.getConfiguration(TC_01_To_get_list_of_configuration_with_valid_merchatid.java:21)
	at iam.configuration_get_configuration.TC_01_To_get_list_of_configuration_with_valid_merchatid.getConfiguration(TC_01_To_get_list_of_configuration_with_valid_merchatid.java:21)
	at iam.configuration_get_configuration.TC_01_To_get_list_of_configuration_with_valid_merchatid.getConfiguration(TC_01_To_get_list_of_configuration_with_valid_merchatid.java:21)
	at iam.configuration_get_configuration.TC_01_To_get_list_of_configuration_with_valid_merchatid.getConfiguration(TC_01_To_get_list_of_configuration_with_valid_merchatid.java:21)
	at iam.configuration_get_configuration.TC_01_To_get_list_of_configuration_with_valid_merchatid.getConfiguration(TC_01_To_get_list_of_configuration_with_valid_merchatid.java:21)
	at iam.configuration_get_configuration.TC_01_To_get_list_of_configuration_with_valid_merchatid.getConfiguration(TC_01_To_get_list_of_configuration_with_valid_merchatid.java:21)
	at iam.configuration_get_configuration.TC_01_To_get_list_of_configuration_with_valid_merchatid.getConfiguration(TC_01_To_get_list_of_configuration_with_valid_merchatid.java:21)
	at iam.configuration_get_configuration.TC_01_To_get_list_of_configuration_with_valid_merchatid.getConfiguration(TC_01_To_get_list_of_configuration_with_valid_merchatid.java:21)
	at iam.configuration_get_configuration.TC_01_To_get_list_of_configuration_with_valid_merchatid.getConfiguration(TC_01_To_get_list_of_configuration_with_valid_merchatid.java:21)
	at iam.configuration_get_configuration.TC_01_To_get_list_of_configuration_with_valid_merchatid.getConfiguration(TC_01_To_get_list_of_configuration_with_valid_merchatid.java:21)
	at iam.configuration_get_configuration.TC_01_To_get_list_of_configuration_with_valid_merchatid.getConfiguration(TC_01_To_get_list_of_configuration_with_valid_merchatid.java:21)
	at iam.configuration_get_configuration.TC_01_To_get_list_of_configuration_with_valid_merchatid.getConfiguration(TC_01_To_get_list_of_configuration_with_valid_merchatid.java:21)
	at iam.configuration_get_configuration.TC_01_To_get_list_of_configuration_with_valid_merchatid.getConfiguration(TC_01_To_get_list_of_configuration_with_valid_merchatid.java:21)
	at iam.configuration_get_configuration.TC_01_To_get_list_of_configuration_with_valid_merchatid.getConfiguration(TC_01_To_get_list_of_configuration_with_valid_merchatid.java:21)
	at iam.configuration_get_configuration.TC_01_To_get_list_of_configuration_with_valid_merchatid.getConfiguration(TC_01_To_get_list_of_configuration_with_valid_merchatid.java:21)
	at iam.configuration_get_configuration.TC_01_To_get_list_of_configuration_with_valid_merchatid.getConfiguration(TC_01_To_get_list_of_configuration_with_valid_merchatid.java:21)
	at iam.configuration_get_configuration.TC_01_To_get_list_of_configuration_with_valid_merchatid.getConfiguration(TC_01_To_get_list_of_configuration_with_valid_merchatid.java:21)
	at iam.configuration_get_configuration.TC_01_To_get_list_of_configuration_with_valid_merchatid.getConfiguration(TC_01_To_get_list_of_configuration_with_valid_merchatid.java:21)
	at iam.configuration_get_configuration.TC_01_To_get_list_of_configuration_with_valid_merchatid.getConfiguration(TC_01_To_get_list_of_configuration_with_valid_merchatid.java:21)
	at iam.configuration_get_configuration.TC_01_To_get_list_of_configuration_with_valid_merchatid.getConfiguration(TC_01_To_get_list_of_configuration_with_valid_merchatid.java:21)
	at iam.configuration_get_configuration.TC_01_To_get_list_of_configuration_with_valid_merchatid.getConfiguration(TC_01_To_get_list_of_configuration_with_valid_merchatid.java:21)
	at iam.configuration_get_configuration.TC_01_To_get_list_of_configuration_with_valid_merchatid.getConfiguration(TC_01_To_get_list_of_configuration_with_valid_merchatid.java:21)
	at iam.configuration_get_configuration.TC_01_To_get_list_of_configuration_with_valid_merchatid.getConfiguration(TC_01_To_get_list_of_configuration_with_valid_merchatid.java:21)
	at iam.configuration_get_configuration.TC_01_To_get_list_of_configuration_with_valid_merchatid.getConfiguration(TC_01_To_get_list_of_configuration_with_valid_merchatid.java:21)
	at iam.configuration_get_configuration.TC_01_To_get_list_of_configuration_with_valid_merchatid.getConfiguration(TC_01_To_get_list_of_configuration_with_valid_merchatid.java:21)
	at iam.configuration_get_configuration.TC_01_To_get_list_of_configuration_with_valid_merchatid.getConfiguration(TC_01_To_get_list_of_configuration_with_valid_merchatid.java:21)
	at iam.configuration_get_configuration.TC_01_To_get_list_of_configuration_with_valid_merchatid.getConfiguration(TC_01_To_get_list_of_configuration_with_valid_merchatid.java:21)
	at iam.configuration_get_configuration.TC_01_To_get_list_of_configuration_with_valid_merchatid.getConfiguration(TC_01_To_get_list_of_configuration_with_valid_merchatid.java:21)
	at iam.configuration_get_configuration.TC_01_To_get_list_of_configuration_with_valid_merchatid.getConfiguration(TC_01_To_get_list_of_configuration_with_valid_merchatid.java:21)
]]>
    </error>
  </testcase> <!-- getConfiguration -->
  <testcase name="TC_01__To_get_list_of_configuration_with_valid_merchatid" time="0.000" classname="iam.configuration_get_configuration.TC_01_To_get_list_of_configuration_with_valid_merchatid">
    <skipped/>
  </testcase> <!-- TC_01__To_get_list_of_configuration_with_valid_merchatid -->
</testsuite> <!-- iam.configuration_get_configuration.TC_01_To_get_list_of_configuration_with_valid_merchatid -->
