<?xml version="1.0" encoding="UTF-8"?>
<!-- Generated by org.testng.reporters.JUnitReportReporter -->
<testsuite skipped="1" hostname="aravindramesh" name="iam.USER_Delete_users.TC_11_delete_user_not_exist" tests="2" failures="0" timestamp="04 Jun 2020 14:36:39 GMT" time="0.002" errors="1">
  <testcase name="deleteUserbyID1" time="0.002" classname="iam.USER_Delete_users.TC_11_delete_user_not_exist">
    <error type="java.lang.StackOverflowError">
      <![CDATA[java.lang.StackOverflowError
	at iam.USER_Delete_users.TC_11_delete_user_not_exist.deleteUserbyID1(TC_11_delete_user_not_exist.java:20)
	at iam.USER_Delete_users.TC_11_delete_user_not_exist.deleteUserbyID1(TC_11_delete_user_not_exist.java:20)
	at iam.USER_Delete_users.TC_11_delete_user_not_exist.deleteUserbyID1(TC_11_delete_user_not_exist.java:20)
	at iam.USER_Delete_users.TC_11_delete_user_not_exist.deleteUserbyID1(TC_11_delete_user_not_exist.java:20)
	at iam.USER_Delete_users.TC_11_delete_user_not_exist.deleteUserbyID1(TC_11_delete_user_not_exist.java:20)
	at iam.USER_Delete_users.TC_11_delete_user_not_exist.deleteUserbyID1(TC_11_delete_user_not_exist.java:20)
	at iam.USER_Delete_users.TC_11_delete_user_not_exist.deleteUserbyID1(TC_11_delete_user_not_exist.java:20)
	at iam.USER_Delete_users.TC_11_delete_user_not_exist.deleteUserbyID1(TC_11_delete_user_not_exist.java:20)
	at iam.USER_Delete_users.TC_11_delete_user_not_exist.deleteUserbyID1(TC_11_delete_user_not_exist.java:20)
	at iam.USER_Delete_users.TC_11_delete_user_not_exist.deleteUserbyID1(TC_11_delete_user_not_exist.java:20)
	at iam.USER_Delete_users.TC_11_delete_user_not_exist.deleteUserbyID1(TC_11_delete_user_not_exist.java:20)
	at iam.USER_Delete_users.TC_11_delete_user_not_exist.deleteUserbyID1(TC_11_delete_user_not_exist.java:20)
	at iam.USER_Delete_users.TC_11_delete_user_not_exist.deleteUserbyID1(TC_11_delete_user_not_exist.java:20)
	at iam.USER_Delete_users.TC_11_delete_user_not_exist.deleteUserbyID1(TC_11_delete_user_not_exist.java:20)
	at iam.USER_Delete_users.TC_11_delete_user_not_exist.deleteUserbyID1(TC_11_delete_user_not_exist.java:20)
	at iam.USER_Delete_users.TC_11_delete_user_not_exist.deleteUserbyID1(TC_11_delete_user_not_exist.java:20)
	at iam.USER_Delete_users.TC_11_delete_user_not_exist.deleteUserbyID1(TC_11_delete_user_not_exist.java:20)
	at iam.USER_Delete_users.TC_11_delete_user_not_exist.deleteUserbyID1(TC_11_delete_user_not_exist.java:20)
	at iam.USER_Delete_users.TC_11_delete_user_not_exist.deleteUserbyID1(TC_11_delete_user_not_exist.java:20)
	at iam.USER_Delete_users.TC_11_delete_user_not_exist.deleteUserbyID1(TC_11_delete_user_not_exist.java:20)
	at iam.USER_Delete_users.TC_11_delete_user_not_exist.deleteUserbyID1(TC_11_delete_user_not_exist.java:20)
	at iam.USER_Delete_users.TC_11_delete_user_not_exist.deleteUserbyID1(TC_11_delete_user_not_exist.java:20)
	at iam.USER_Delete_users.TC_11_delete_user_not_exist.deleteUserbyID1(TC_11_delete_user_not_exist.java:20)
	at iam.USER_Delete_users.TC_11_delete_user_not_exist.deleteUserbyID1(TC_11_delete_user_not_exist.java:20)
	at iam.USER_Delete_users.TC_11_delete_user_not_exist.deleteUserbyID1(TC_11_delete_user_not_exist.java:20)
	at iam.USER_Delete_users.TC_11_delete_user_not_exist.deleteUserbyID1(TC_11_delete_user_not_exist.java:20)
	at iam.USER_Delete_users.TC_11_delete_user_not_exist.deleteUserbyID1(TC_11_delete_user_not_exist.java:20)
	at iam.USER_Delete_users.TC_11_delete_user_not_exist.deleteUserbyID1(TC_11_delete_user_not_exist.java:20)
	at iam.USER_Delete_users.TC_11_delete_user_not_exist.deleteUserbyID1(TC_11_delete_user_not_exist.java:20)
	at iam.USER_Delete_users.TC_11_delete_user_not_exist.deleteUserbyID1(TC_11_delete_user_not_exist.java:20)
	at iam.USER_Delete_users.TC_11_delete_user_not_exist.deleteUserbyID1(TC_11_delete_user_not_exist.java:20)
	at iam.USER_Delete_users.TC_11_delete_user_not_exist.deleteUserbyID1(TC_11_delete_user_not_exist.java:20)
	at iam.USER_Delete_users.TC_11_delete_user_not_exist.deleteUserbyID1(TC_11_delete_user_not_exist.java:20)
	at iam.USER_Delete_users.TC_11_delete_user_not_exist.deleteUserbyID1(TC_11_delete_user_not_exist.java:20)
	at iam.USER_Delete_users.TC_11_delete_user_not_exist.deleteUserbyID1(TC_11_delete_user_not_exist.java:20)
	at iam.USER_Delete_users.TC_11_delete_user_not_exist.deleteUserbyID1(TC_11_delete_user_not_exist.java:20)
	at iam.USER_Delete_users.TC_11_delete_user_not_exist.deleteUserbyID1(TC_11_delete_user_not_exist.java:20)
	at iam.USER_Delete_users.TC_11_delete_user_not_exist.deleteUserbyID1(TC_11_delete_user_not_exist.java:20)
	at iam.USER_Delete_users.TC_11_delete_user_not_exist.deleteUserbyID1(TC_11_delete_user_not_exist.java:20)
	at iam.USER_Delete_users.TC_11_delete_user_not_exist.deleteUserbyID1(TC_11_delete_user_not_exist.java:20)
	at iam.USER_Delete_users.TC_11_delete_user_not_exist.deleteUserbyID1(TC_11_delete_user_not_exist.java:20)
	at iam.USER_Delete_users.TC_11_delete_user_not_exist.deleteUserbyID1(TC_11_delete_user_not_exist.java:20)
	at iam.USER_Delete_users.TC_11_delete_user_not_exist.deleteUserbyID1(TC_11_delete_user_not_exist.java:20)
	at iam.USER_Delete_users.TC_11_delete_user_not_exist.deleteUserbyID1(TC_11_delete_user_not_exist.java:20)
	at iam.USER_Delete_users.TC_11_delete_user_not_exist.deleteUserbyID1(TC_11_delete_user_not_exist.java:20)
	at iam.USER_Delete_users.TC_11_delete_user_not_exist.deleteUserbyID1(TC_11_delete_user_not_exist.java:20)
	at iam.USER_Delete_users.TC_11_delete_user_not_exist.deleteUserbyID1(TC_11_delete_user_not_exist.java:20)
	at iam.USER_Delete_users.TC_11_delete_user_not_exist.deleteUserbyID1(TC_11_delete_user_not_exist.java:20)
	at iam.USER_Delete_users.TC_11_delete_user_not_exist.deleteUserbyID1(TC_11_delete_user_not_exist.java:20)
	at iam.USER_Delete_users.TC_11_delete_user_not_exist.deleteUserbyID1(TC_11_delete_user_not_exist.java:20)
	at iam.USER_Delete_users.TC_11_delete_user_not_exist.deleteUserbyID1(TC_11_delete_user_not_exist.java:20)
	at iam.USER_Delete_users.TC_11_delete_user_not_exist.deleteUserbyID1(TC_11_delete_user_not_exist.java:20)
	at iam.USER_Delete_users.TC_11_delete_user_not_exist.deleteUserbyID1(TC_11_delete_user_not_exist.java:20)
	at iam.USER_Delete_users.TC_11_delete_user_not_exist.deleteUserbyID1(TC_11_delete_user_not_exist.java:20)
	at iam.USER_Delete_users.TC_11_delete_user_not_exist.deleteUserbyID1(TC_11_delete_user_not_exist.java:20)
	at iam.USER_Delete_users.TC_11_delete_user_not_exist.deleteUserbyID1(TC_11_delete_user_not_exist.java:20)
	at iam.USER_Delete_users.TC_11_delete_user_not_exist.deleteUserbyID1(TC_11_delete_user_not_exist.java:20)
	at iam.USER_Delete_users.TC_11_delete_user_not_exist.deleteUserbyID1(TC_11_delete_user_not_exist.java:20)
	at iam.USER_Delete_users.TC_11_delete_user_not_exist.deleteUserbyID1(TC_11_delete_user_not_exist.java:20)
	at iam.USER_Delete_users.TC_11_delete_user_not_exist.deleteUserbyID1(TC_11_delete_user_not_exist.java:20)
	at iam.USER_Delete_users.TC_11_delete_user_not_exist.deleteUserbyID1(TC_11_delete_user_not_exist.java:20)
	at iam.USER_Delete_users.TC_11_delete_user_not_exist.deleteUserbyID1(TC_11_delete_user_not_exist.java:20)
	at iam.USER_Delete_users.TC_11_delete_user_not_exist.deleteUserbyID1(TC_11_delete_user_not_exist.java:20)
	at iam.USER_Delete_users.TC_11_delete_user_not_exist.deleteUserbyID1(TC_11_delete_user_not_exist.java:20)
	at iam.USER_Delete_users.TC_11_delete_user_not_exist.deleteUserbyID1(TC_11_delete_user_not_exist.java:20)
	at iam.USER_Delete_users.TC_11_delete_user_not_exist.deleteUserbyID1(TC_11_delete_user_not_exist.java:20)
	at iam.USER_Delete_users.TC_11_delete_user_not_exist.deleteUserbyID1(TC_11_delete_user_not_exist.java:20)
	at iam.USER_Delete_users.TC_11_delete_user_not_exist.deleteUserbyID1(TC_11_delete_user_not_exist.java:20)
	at iam.USER_Delete_users.TC_11_delete_user_not_exist.deleteUserbyID1(TC_11_delete_user_not_exist.java:20)
	at iam.USER_Delete_users.TC_11_delete_user_not_exist.deleteUserbyID1(TC_11_delete_user_not_exist.java:20)
	at iam.USER_Delete_users.TC_11_delete_user_not_exist.deleteUserbyID1(TC_11_delete_user_not_exist.java:20)
	at iam.USER_Delete_users.TC_11_delete_user_not_exist.deleteUserbyID1(TC_11_delete_user_not_exist.java:20)
	at iam.USER_Delete_users.TC_11_delete_user_not_exist.deleteUserbyID1(TC_11_delete_user_not_exist.java:20)
	at iam.USER_Delete_users.TC_11_delete_user_not_exist.deleteUserbyID1(TC_11_delete_user_not_exist.java:20)
	at iam.USER_Delete_users.TC_11_delete_user_not_exist.deleteUserbyID1(TC_11_delete_user_not_exist.java:20)
	at iam.USER_Delete_users.TC_11_delete_user_not_exist.deleteUserbyID1(TC_11_delete_user_not_exist.java:20)
	at iam.USER_Delete_users.TC_11_delete_user_not_exist.deleteUserbyID1(TC_11_delete_user_not_exist.java:20)
	at iam.USER_Delete_users.TC_11_delete_user_not_exist.deleteUserbyID1(TC_11_delete_user_not_exist.java:20)
	at iam.USER_Delete_users.TC_11_delete_user_not_exist.deleteUserbyID1(TC_11_delete_user_not_exist.java:20)
	at iam.USER_Delete_users.TC_11_delete_user_not_exist.deleteUserbyID1(TC_11_delete_user_not_exist.java:20)
	at iam.USER_Delete_users.TC_11_delete_user_not_exist.deleteUserbyID1(TC_11_delete_user_not_exist.java:20)
	at iam.USER_Delete_users.TC_11_delete_user_not_exist.deleteUserbyID1(TC_11_delete_user_not_exist.java:20)
	at iam.USER_Delete_users.TC_11_delete_user_not_exist.deleteUserbyID1(TC_11_delete_user_not_exist.java:20)
	at iam.USER_Delete_users.TC_11_delete_user_not_exist.deleteUserbyID1(TC_11_delete_user_not_exist.java:20)
	at iam.USER_Delete_users.TC_11_delete_user_not_exist.deleteUserbyID1(TC_11_delete_user_not_exist.java:20)
	at iam.USER_Delete_users.TC_11_delete_user_not_exist.deleteUserbyID1(TC_11_delete_user_not_exist.java:20)
	at iam.USER_Delete_users.TC_11_delete_user_not_exist.deleteUserbyID1(TC_11_delete_user_not_exist.java:20)
	at iam.USER_Delete_users.TC_11_delete_user_not_exist.deleteUserbyID1(TC_11_delete_user_not_exist.java:20)
	at iam.USER_Delete_users.TC_11_delete_user_not_exist.deleteUserbyID1(TC_11_delete_user_not_exist.java:20)
	at iam.USER_Delete_users.TC_11_delete_user_not_exist.deleteUserbyID1(TC_11_delete_user_not_exist.java:20)
	at iam.USER_Delete_users.TC_11_delete_user_not_exist.deleteUserbyID1(TC_11_delete_user_not_exist.java:20)
	at iam.USER_Delete_users.TC_11_delete_user_not_exist.deleteUserbyID1(TC_11_delete_user_not_exist.java:20)
	at iam.USER_Delete_users.TC_11_delete_user_not_exist.deleteUserbyID1(TC_11_delete_user_not_exist.java:20)
	at iam.USER_Delete_users.TC_11_delete_user_not_exist.deleteUserbyID1(TC_11_delete_user_not_exist.java:20)
	at iam.USER_Delete_users.TC_11_delete_user_not_exist.deleteUserbyID1(TC_11_delete_user_not_exist.java:20)
	at iam.USER_Delete_users.TC_11_delete_user_not_exist.deleteUserbyID1(TC_11_delete_user_not_exist.java:20)
	at iam.USER_Delete_users.TC_11_delete_user_not_exist.deleteUserbyID1(TC_11_delete_user_not_exist.java:20)
	at iam.USER_Delete_users.TC_11_delete_user_not_exist.deleteUserbyID1(TC_11_delete_user_not_exist.java:20)
	at iam.USER_Delete_users.TC_11_delete_user_not_exist.deleteUserbyID1(TC_11_delete_user_not_exist.java:20)
	at iam.USER_Delete_users.TC_11_delete_user_not_exist.deleteUserbyID1(TC_11_delete_user_not_exist.java:20)
	at iam.USER_Delete_users.TC_11_delete_user_not_exist.deleteUserbyID1(TC_11_delete_user_not_exist.java:20)
	at iam.USER_Delete_users.TC_11_delete_user_not_exist.deleteUserbyID1(TC_11_delete_user_not_exist.java:20)
	at iam.USER_Delete_users.TC_11_delete_user_not_exist.deleteUserbyID1(TC_11_delete_user_not_exist.java:20)
	at iam.USER_Delete_users.TC_11_delete_user_not_exist.deleteUserbyID1(TC_11_delete_user_not_exist.java:20)
	at iam.USER_Delete_users.TC_11_delete_user_not_exist.deleteUserbyID1(TC_11_delete_user_not_exist.java:20)
	at iam.USER_Delete_users.TC_11_delete_user_not_exist.deleteUserbyID1(TC_11_delete_user_not_exist.java:20)
	at iam.USER_Delete_users.TC_11_delete_user_not_exist.deleteUserbyID1(TC_11_delete_user_not_exist.java:20)
	at iam.USER_Delete_users.TC_11_delete_user_not_exist.deleteUserbyID1(TC_11_delete_user_not_exist.java:20)
	at iam.USER_Delete_users.TC_11_delete_user_not_exist.deleteUserbyID1(TC_11_delete_user_not_exist.java:20)
	at iam.USER_Delete_users.TC_11_delete_user_not_exist.deleteUserbyID1(TC_11_delete_user_not_exist.java:20)
	at iam.USER_Delete_users.TC_11_delete_user_not_exist.deleteUserbyID1(TC_11_delete_user_not_exist.java:20)
	at iam.USER_Delete_users.TC_11_delete_user_not_exist.deleteUserbyID1(TC_11_delete_user_not_exist.java:20)
	at iam.USER_Delete_users.TC_11_delete_user_not_exist.deleteUserbyID1(TC_11_delete_user_not_exist.java:20)
	at iam.USER_Delete_users.TC_11_delete_user_not_exist.deleteUserbyID1(TC_11_delete_user_not_exist.java:20)
	at iam.USER_Delete_users.TC_11_delete_user_not_exist.deleteUserbyID1(TC_11_delete_user_not_exist.java:20)
	at iam.USER_Delete_users.TC_11_delete_user_not_exist.deleteUserbyID1(TC_11_delete_user_not_exist.java:20)
	at iam.USER_Delete_users.TC_11_delete_user_not_exist.deleteUserbyID1(TC_11_delete_user_not_exist.java:20)
	at iam.USER_Delete_users.TC_11_delete_user_not_exist.deleteUserbyID1(TC_11_delete_user_not_exist.java:20)
	at iam.USER_Delete_users.TC_11_delete_user_not_exist.deleteUserbyID1(TC_11_delete_user_not_exist.java:20)
	at iam.USER_Delete_users.TC_11_delete_user_not_exist.deleteUserbyID1(TC_11_delete_user_not_exist.java:20)
	at iam.USER_Delete_users.TC_11_delete_user_not_exist.deleteUserbyID1(TC_11_delete_user_not_exist.java:20)
	at iam.USER_Delete_users.TC_11_delete_user_not_exist.deleteUserbyID1(TC_11_delete_user_not_exist.java:20)
	at iam.USER_Delete_users.TC_11_delete_user_not_exist.deleteUserbyID1(TC_11_delete_user_not_exist.java:20)
	at iam.USER_Delete_users.TC_11_delete_user_not_exist.deleteUserbyID1(TC_11_delete_user_not_exist.java:20)
	at iam.USER_Delete_users.TC_11_delete_user_not_exist.deleteUserbyID1(TC_11_delete_user_not_exist.java:20)
	at iam.USER_Delete_users.TC_11_delete_user_not_exist.deleteUserbyID1(TC_11_delete_user_not_exist.java:20)
	at iam.USER_Delete_users.TC_11_delete_user_not_exist.deleteUserbyID1(TC_11_delete_user_not_exist.java:20)
	at iam.USER_Delete_users.TC_11_delete_user_not_exist.deleteUserbyID1(TC_11_delete_user_not_exist.java:20)
	at iam.USER_Delete_users.TC_11_delete_user_not_exist.deleteUserbyID1(TC_11_delete_user_not_exist.java:20)
	at iam.USER_Delete_users.TC_11_delete_user_not_exist.deleteUserbyID1(TC_11_delete_user_not_exist.java:20)
	at iam.USER_Delete_users.TC_11_delete_user_not_exist.deleteUserbyID1(TC_11_delete_user_not_exist.java:20)
	at iam.USER_Delete_users.TC_11_delete_user_not_exist.deleteUserbyID1(TC_11_delete_user_not_exist.java:20)
	at iam.USER_Delete_users.TC_11_delete_user_not_exist.deleteUserbyID1(TC_11_delete_user_not_exist.java:20)
	at iam.USER_Delete_users.TC_11_delete_user_not_exist.deleteUserbyID1(TC_11_delete_user_not_exist.java:20)
	at iam.USER_Delete_users.TC_11_delete_user_not_exist.deleteUserbyID1(TC_11_delete_user_not_exist.java:20)
	at iam.USER_Delete_users.TC_11_delete_user_not_exist.deleteUserbyID1(TC_11_delete_user_not_exist.java:20)
	at iam.USER_Delete_users.TC_11_delete_user_not_exist.deleteUserbyID1(TC_11_delete_user_not_exist.java:20)
	at iam.USER_Delete_users.TC_11_delete_user_not_exist.deleteUserbyID1(TC_11_delete_user_not_exist.java:20)
	at iam.USER_Delete_users.TC_11_delete_user_not_exist.deleteUserbyID1(TC_11_delete_user_not_exist.java:20)
	at iam.USER_Delete_users.TC_11_delete_user_not_exist.deleteUserbyID1(TC_11_delete_user_not_exist.java:20)
	at iam.USER_Delete_users.TC_11_delete_user_not_exist.deleteUserbyID1(TC_11_delete_user_not_exist.java:20)
	at iam.USER_Delete_users.TC_11_delete_user_not_exist.deleteUserbyID1(TC_11_delete_user_not_exist.java:20)
	at iam.USER_Delete_users.TC_11_delete_user_not_exist.deleteUserbyID1(TC_11_delete_user_not_exist.java:20)
	at iam.USER_Delete_users.TC_11_delete_user_not_exist.deleteUserbyID1(TC_11_delete_user_not_exist.java:20)
	at iam.USER_Delete_users.TC_11_delete_user_not_exist.deleteUserbyID1(TC_11_delete_user_not_exist.java:20)
	at iam.USER_Delete_users.TC_11_delete_user_not_exist.deleteUserbyID1(TC_11_delete_user_not_exist.java:20)
	at iam.USER_Delete_users.TC_11_delete_user_not_exist.deleteUserbyID1(TC_11_delete_user_not_exist.java:20)
	at iam.USER_Delete_users.TC_11_delete_user_not_exist.deleteUserbyID1(TC_11_delete_user_not_exist.java:20)
	at iam.USER_Delete_users.TC_11_delete_user_not_exist.deleteUserbyID1(TC_11_delete_user_not_exist.java:20)
	at iam.USER_Delete_users.TC_11_delete_user_not_exist.deleteUserbyID1(TC_11_delete_user_not_exist.java:20)
	at iam.USER_Delete_users.TC_11_delete_user_not_exist.deleteUserbyID1(TC_11_delete_user_not_exist.java:20)
	at iam.USER_Delete_users.TC_11_delete_user_not_exist.deleteUserbyID1(TC_11_delete_user_not_exist.java:20)
	at iam.USER_Delete_users.TC_11_delete_user_not_exist.deleteUserbyID1(TC_11_delete_user_not_exist.java:20)
	at iam.USER_Delete_users.TC_11_delete_user_not_exist.deleteUserbyID1(TC_11_delete_user_not_exist.java:20)
	at iam.USER_Delete_users.TC_11_delete_user_not_exist.deleteUserbyID1(TC_11_delete_user_not_exist.java:20)
	at iam.USER_Delete_users.TC_11_delete_user_not_exist.deleteUserbyID1(TC_11_delete_user_not_exist.java:20)
	at iam.USER_Delete_users.TC_11_delete_user_not_exist.deleteUserbyID1(TC_11_delete_user_not_exist.java:20)
	at iam.USER_Delete_users.TC_11_delete_user_not_exist.deleteUserbyID1(TC_11_delete_user_not_exist.java:20)
	at iam.USER_Delete_users.TC_11_delete_user_not_exist.deleteUserbyID1(TC_11_delete_user_not_exist.java:20)
	at iam.USER_Delete_users.TC_11_delete_user_not_exist.deleteUserbyID1(TC_11_delete_user_not_exist.java:20)
	at iam.USER_Delete_users.TC_11_delete_user_not_exist.deleteUserbyID1(TC_11_delete_user_not_exist.java:20)
	at iam.USER_Delete_users.TC_11_delete_user_not_exist.deleteUserbyID1(TC_11_delete_user_not_exist.java:20)
	at iam.USER_Delete_users.TC_11_delete_user_not_exist.deleteUserbyID1(TC_11_delete_user_not_exist.java:20)
	at iam.USER_Delete_users.TC_11_delete_user_not_exist.deleteUserbyID1(TC_11_delete_user_not_exist.java:20)
	at iam.USER_Delete_users.TC_11_delete_user_not_exist.deleteUserbyID1(TC_11_delete_user_not_exist.java:20)
	at iam.USER_Delete_users.TC_11_delete_user_not_exist.deleteUserbyID1(TC_11_delete_user_not_exist.java:20)
	at iam.USER_Delete_users.TC_11_delete_user_not_exist.deleteUserbyID1(TC_11_delete_user_not_exist.java:20)
	at iam.USER_Delete_users.TC_11_delete_user_not_exist.deleteUserbyID1(TC_11_delete_user_not_exist.java:20)
	at iam.USER_Delete_users.TC_11_delete_user_not_exist.deleteUserbyID1(TC_11_delete_user_not_exist.java:20)
	at iam.USER_Delete_users.TC_11_delete_user_not_exist.deleteUserbyID1(TC_11_delete_user_not_exist.java:20)
	at iam.USER_Delete_users.TC_11_delete_user_not_exist.deleteUserbyID1(TC_11_delete_user_not_exist.java:20)
	at iam.USER_Delete_users.TC_11_delete_user_not_exist.deleteUserbyID1(TC_11_delete_user_not_exist.java:20)
	at iam.USER_Delete_users.TC_11_delete_user_not_exist.deleteUserbyID1(TC_11_delete_user_not_exist.java:20)
	at iam.USER_Delete_users.TC_11_delete_user_not_exist.deleteUserbyID1(TC_11_delete_user_not_exist.java:20)
	at iam.USER_Delete_users.TC_11_delete_user_not_exist.deleteUserbyID1(TC_11_delete_user_not_exist.java:20)
	at iam.USER_Delete_users.TC_11_delete_user_not_exist.deleteUserbyID1(TC_11_delete_user_not_exist.java:20)
	at iam.USER_Delete_users.TC_11_delete_user_not_exist.deleteUserbyID1(TC_11_delete_user_not_exist.java:20)
	at iam.USER_Delete_users.TC_11_delete_user_not_exist.deleteUserbyID1(TC_11_delete_user_not_exist.java:20)
	at iam.USER_Delete_users.TC_11_delete_user_not_exist.deleteUserbyID1(TC_11_delete_user_not_exist.java:20)
	at iam.USER_Delete_users.TC_11_delete_user_not_exist.deleteUserbyID1(TC_11_delete_user_not_exist.java:20)
	at iam.USER_Delete_users.TC_11_delete_user_not_exist.deleteUserbyID1(TC_11_delete_user_not_exist.java:20)
	at iam.USER_Delete_users.TC_11_delete_user_not_exist.deleteUserbyID1(TC_11_delete_user_not_exist.java:20)
	at iam.USER_Delete_users.TC_11_delete_user_not_exist.deleteUserbyID1(TC_11_delete_user_not_exist.java:20)
	at iam.USER_Delete_users.TC_11_delete_user_not_exist.deleteUserbyID1(TC_11_delete_user_not_exist.java:20)
	at iam.USER_Delete_users.TC_11_delete_user_not_exist.deleteUserbyID1(TC_11_delete_user_not_exist.java:20)
	at iam.USER_Delete_users.TC_11_delete_user_not_exist.deleteUserbyID1(TC_11_delete_user_not_exist.java:20)
	at iam.USER_Delete_users.TC_11_delete_user_not_exist.deleteUserbyID1(TC_11_delete_user_not_exist.java:20)
	at iam.USER_Delete_users.TC_11_delete_user_not_exist.deleteUserbyID1(TC_11_delete_user_not_exist.java:20)
	at iam.USER_Delete_users.TC_11_delete_user_not_exist.deleteUserbyID1(TC_11_delete_user_not_exist.java:20)
	at iam.USER_Delete_users.TC_11_delete_user_not_exist.deleteUserbyID1(TC_11_delete_user_not_exist.java:20)
	at iam.USER_Delete_users.TC_11_delete_user_not_exist.deleteUserbyID1(TC_11_delete_user_not_exist.java:20)
	at iam.USER_Delete_users.TC_11_delete_user_not_exist.deleteUserbyID1(TC_11_delete_user_not_exist.java:20)
	at iam.USER_Delete_users.TC_11_delete_user_not_exist.deleteUserbyID1(TC_11_delete_user_not_exist.java:20)
	at iam.USER_Delete_users.TC_11_delete_user_not_exist.deleteUserbyID1(TC_11_delete_user_not_exist.java:20)
	at iam.USER_Delete_users.TC_11_delete_user_not_exist.deleteUserbyID1(TC_11_delete_user_not_exist.java:20)
	at iam.USER_Delete_users.TC_11_delete_user_not_exist.deleteUserbyID1(TC_11_delete_user_not_exist.java:20)
	at iam.USER_Delete_users.TC_11_delete_user_not_exist.deleteUserbyID1(TC_11_delete_user_not_exist.java:20)
	at iam.USER_Delete_users.TC_11_delete_user_not_exist.deleteUserbyID1(TC_11_delete_user_not_exist.java:20)
	at iam.USER_Delete_users.TC_11_delete_user_not_exist.deleteUserbyID1(TC_11_delete_user_not_exist.java:20)
	at iam.USER_Delete_users.TC_11_delete_user_not_exist.deleteUserbyID1(TC_11_delete_user_not_exist.java:20)
	at iam.USER_Delete_users.TC_11_delete_user_not_exist.deleteUserbyID1(TC_11_delete_user_not_exist.java:20)
	at iam.USER_Delete_users.TC_11_delete_user_not_exist.deleteUserbyID1(TC_11_delete_user_not_exist.java:20)
	at iam.USER_Delete_users.TC_11_delete_user_not_exist.deleteUserbyID1(TC_11_delete_user_not_exist.java:20)
	at iam.USER_Delete_users.TC_11_delete_user_not_exist.deleteUserbyID1(TC_11_delete_user_not_exist.java:20)
	at iam.USER_Delete_users.TC_11_delete_user_not_exist.deleteUserbyID1(TC_11_delete_user_not_exist.java:20)
	at iam.USER_Delete_users.TC_11_delete_user_not_exist.deleteUserbyID1(TC_11_delete_user_not_exist.java:20)
	at iam.USER_Delete_users.TC_11_delete_user_not_exist.deleteUserbyID1(TC_11_delete_user_not_exist.java:20)
	at iam.USER_Delete_users.TC_11_delete_user_not_exist.deleteUserbyID1(TC_11_delete_user_not_exist.java:20)
	at iam.USER_Delete_users.TC_11_delete_user_not_exist.deleteUserbyID1(TC_11_delete_user_not_exist.java:20)
	at iam.USER_Delete_users.TC_11_delete_user_not_exist.deleteUserbyID1(TC_11_delete_user_not_exist.java:20)
	at iam.USER_Delete_users.TC_11_delete_user_not_exist.deleteUserbyID1(TC_11_delete_user_not_exist.java:20)
	at iam.USER_Delete_users.TC_11_delete_user_not_exist.deleteUserbyID1(TC_11_delete_user_not_exist.java:20)
	at iam.USER_Delete_users.TC_11_delete_user_not_exist.deleteUserbyID1(TC_11_delete_user_not_exist.java:20)
	at iam.USER_Delete_users.TC_11_delete_user_not_exist.deleteUserbyID1(TC_11_delete_user_not_exist.java:20)
	at iam.USER_Delete_users.TC_11_delete_user_not_exist.deleteUserbyID1(TC_11_delete_user_not_exist.java:20)
	at iam.USER_Delete_users.TC_11_delete_user_not_exist.deleteUserbyID1(TC_11_delete_user_not_exist.java:20)
	at iam.USER_Delete_users.TC_11_delete_user_not_exist.deleteUserbyID1(TC_11_delete_user_not_exist.java:20)
	at iam.USER_Delete_users.TC_11_delete_user_not_exist.deleteUserbyID1(TC_11_delete_user_not_exist.java:20)
	at iam.USER_Delete_users.TC_11_delete_user_not_exist.deleteUserbyID1(TC_11_delete_user_not_exist.java:20)
	at iam.USER_Delete_users.TC_11_delete_user_not_exist.deleteUserbyID1(TC_11_delete_user_not_exist.java:20)
	at iam.USER_Delete_users.TC_11_delete_user_not_exist.deleteUserbyID1(TC_11_delete_user_not_exist.java:20)
	at iam.USER_Delete_users.TC_11_delete_user_not_exist.deleteUserbyID1(TC_11_delete_user_not_exist.java:20)
	at iam.USER_Delete_users.TC_11_delete_user_not_exist.deleteUserbyID1(TC_11_delete_user_not_exist.java:20)
	at iam.USER_Delete_users.TC_11_delete_user_not_exist.deleteUserbyID1(TC_11_delete_user_not_exist.java:20)
	at iam.USER_Delete_users.TC_11_delete_user_not_exist.deleteUserbyID1(TC_11_delete_user_not_exist.java:20)
	at iam.USER_Delete_users.TC_11_delete_user_not_exist.deleteUserbyID1(TC_11_delete_user_not_exist.java:20)
	at iam.USER_Delete_users.TC_11_delete_user_not_exist.deleteUserbyID1(TC_11_delete_user_not_exist.java:20)
	at iam.USER_Delete_users.TC_11_delete_user_not_exist.deleteUserbyID1(TC_11_delete_user_not_exist.java:20)
	at iam.USER_Delete_users.TC_11_delete_user_not_exist.deleteUserbyID1(TC_11_delete_user_not_exist.java:20)
	at iam.USER_Delete_users.TC_11_delete_user_not_exist.deleteUserbyID1(TC_11_delete_user_not_exist.java:20)
	at iam.USER_Delete_users.TC_11_delete_user_not_exist.deleteUserbyID1(TC_11_delete_user_not_exist.java:20)
	at iam.USER_Delete_users.TC_11_delete_user_not_exist.deleteUserbyID1(TC_11_delete_user_not_exist.java:20)
	at iam.USER_Delete_users.TC_11_delete_user_not_exist.deleteUserbyID1(TC_11_delete_user_not_exist.java:20)
	at iam.USER_Delete_users.TC_11_delete_user_not_exist.deleteUserbyID1(TC_11_delete_user_not_exist.java:20)
	at iam.USER_Delete_users.TC_11_delete_user_not_exist.deleteUserbyID1(TC_11_delete_user_not_exist.java:20)
	at iam.USER_Delete_users.TC_11_delete_user_not_exist.deleteUserbyID1(TC_11_delete_user_not_exist.java:20)
	at iam.USER_Delete_users.TC_11_delete_user_not_exist.deleteUserbyID1(TC_11_delete_user_not_exist.java:20)
	at iam.USER_Delete_users.TC_11_delete_user_not_exist.deleteUserbyID1(TC_11_delete_user_not_exist.java:20)
	at iam.USER_Delete_users.TC_11_delete_user_not_exist.deleteUserbyID1(TC_11_delete_user_not_exist.java:20)
	at iam.USER_Delete_users.TC_11_delete_user_not_exist.deleteUserbyID1(TC_11_delete_user_not_exist.java:20)
	at iam.USER_Delete_users.TC_11_delete_user_not_exist.deleteUserbyID1(TC_11_delete_user_not_exist.java:20)
	at iam.USER_Delete_users.TC_11_delete_user_not_exist.deleteUserbyID1(TC_11_delete_user_not_exist.java:20)
	at iam.USER_Delete_users.TC_11_delete_user_not_exist.deleteUserbyID1(TC_11_delete_user_not_exist.java:20)
	at iam.USER_Delete_users.TC_11_delete_user_not_exist.deleteUserbyID1(TC_11_delete_user_not_exist.java:20)
	at iam.USER_Delete_users.TC_11_delete_user_not_exist.deleteUserbyID1(TC_11_delete_user_not_exist.java:20)
	at iam.USER_Delete_users.TC_11_delete_user_not_exist.deleteUserbyID1(TC_11_delete_user_not_exist.java:20)
	at iam.USER_Delete_users.TC_11_delete_user_not_exist.deleteUserbyID1(TC_11_delete_user_not_exist.java:20)
	at iam.USER_Delete_users.TC_11_delete_user_not_exist.deleteUserbyID1(TC_11_delete_user_not_exist.java:20)
	at iam.USER_Delete_users.TC_11_delete_user_not_exist.deleteUserbyID1(TC_11_delete_user_not_exist.java:20)
	at iam.USER_Delete_users.TC_11_delete_user_not_exist.deleteUserbyID1(TC_11_delete_user_not_exist.java:20)
	at iam.USER_Delete_users.TC_11_delete_user_not_exist.deleteUserbyID1(TC_11_delete_user_not_exist.java:20)
	at iam.USER_Delete_users.TC_11_delete_user_not_exist.deleteUserbyID1(TC_11_delete_user_not_exist.java:20)
	at iam.USER_Delete_users.TC_11_delete_user_not_exist.deleteUserbyID1(TC_11_delete_user_not_exist.java:20)
	at iam.USER_Delete_users.TC_11_delete_user_not_exist.deleteUserbyID1(TC_11_delete_user_not_exist.java:20)
	at iam.USER_Delete_users.TC_11_delete_user_not_exist.deleteUserbyID1(TC_11_delete_user_not_exist.java:20)
	at iam.USER_Delete_users.TC_11_delete_user_not_exist.deleteUserbyID1(TC_11_delete_user_not_exist.java:20)
	at iam.USER_Delete_users.TC_11_delete_user_not_exist.deleteUserbyID1(TC_11_delete_user_not_exist.java:20)
	at iam.USER_Delete_users.TC_11_delete_user_not_exist.deleteUserbyID1(TC_11_delete_user_not_exist.java:20)
	at iam.USER_Delete_users.TC_11_delete_user_not_exist.deleteUserbyID1(TC_11_delete_user_not_exist.java:20)
	at iam.USER_Delete_users.TC_11_delete_user_not_exist.deleteUserbyID1(TC_11_delete_user_not_exist.java:20)
	at iam.USER_Delete_users.TC_11_delete_user_not_exist.deleteUserbyID1(TC_11_delete_user_not_exist.java:20)
	at iam.USER_Delete_users.TC_11_delete_user_not_exist.deleteUserbyID1(TC_11_delete_user_not_exist.java:20)
	at iam.USER_Delete_users.TC_11_delete_user_not_exist.deleteUserbyID1(TC_11_delete_user_not_exist.java:20)
	at iam.USER_Delete_users.TC_11_delete_user_not_exist.deleteUserbyID1(TC_11_delete_user_not_exist.java:20)
	at iam.USER_Delete_users.TC_11_delete_user_not_exist.deleteUserbyID1(TC_11_delete_user_not_exist.java:20)
	at iam.USER_Delete_users.TC_11_delete_user_not_exist.deleteUserbyID1(TC_11_delete_user_not_exist.java:20)
	at iam.USER_Delete_users.TC_11_delete_user_not_exist.deleteUserbyID1(TC_11_delete_user_not_exist.java:20)
	at iam.USER_Delete_users.TC_11_delete_user_not_exist.deleteUserbyID1(TC_11_delete_user_not_exist.java:20)
	at iam.USER_Delete_users.TC_11_delete_user_not_exist.deleteUserbyID1(TC_11_delete_user_not_exist.java:20)
	at iam.USER_Delete_users.TC_11_delete_user_not_exist.deleteUserbyID1(TC_11_delete_user_not_exist.java:20)
	at iam.USER_Delete_users.TC_11_delete_user_not_exist.deleteUserbyID1(TC_11_delete_user_not_exist.java:20)
	at iam.USER_Delete_users.TC_11_delete_user_not_exist.deleteUserbyID1(TC_11_delete_user_not_exist.java:20)
	at iam.USER_Delete_users.TC_11_delete_user_not_exist.deleteUserbyID1(TC_11_delete_user_not_exist.java:20)
	at iam.USER_Delete_users.TC_11_delete_user_not_exist.deleteUserbyID1(TC_11_delete_user_not_exist.java:20)
	at iam.USER_Delete_users.TC_11_delete_user_not_exist.deleteUserbyID1(TC_11_delete_user_not_exist.java:20)
	at iam.USER_Delete_users.TC_11_delete_user_not_exist.deleteUserbyID1(TC_11_delete_user_not_exist.java:20)
	at iam.USER_Delete_users.TC_11_delete_user_not_exist.deleteUserbyID1(TC_11_delete_user_not_exist.java:20)
	at iam.USER_Delete_users.TC_11_delete_user_not_exist.deleteUserbyID1(TC_11_delete_user_not_exist.java:20)
	at iam.USER_Delete_users.TC_11_delete_user_not_exist.deleteUserbyID1(TC_11_delete_user_not_exist.java:20)
	at iam.USER_Delete_users.TC_11_delete_user_not_exist.deleteUserbyID1(TC_11_delete_user_not_exist.java:20)
	at iam.USER_Delete_users.TC_11_delete_user_not_exist.deleteUserbyID1(TC_11_delete_user_not_exist.java:20)
	at iam.USER_Delete_users.TC_11_delete_user_not_exist.deleteUserbyID1(TC_11_delete_user_not_exist.java:20)
	at iam.USER_Delete_users.TC_11_delete_user_not_exist.deleteUserbyID1(TC_11_delete_user_not_exist.java:20)
	at iam.USER_Delete_users.TC_11_delete_user_not_exist.deleteUserbyID1(TC_11_delete_user_not_exist.java:20)
	at iam.USER_Delete_users.TC_11_delete_user_not_exist.deleteUserbyID1(TC_11_delete_user_not_exist.java:20)
	at iam.USER_Delete_users.TC_11_delete_user_not_exist.deleteUserbyID1(TC_11_delete_user_not_exist.java:20)
	at iam.USER_Delete_users.TC_11_delete_user_not_exist.deleteUserbyID1(TC_11_delete_user_not_exist.java:20)
	at iam.USER_Delete_users.TC_11_delete_user_not_exist.deleteUserbyID1(TC_11_delete_user_not_exist.java:20)
	at iam.USER_Delete_users.TC_11_delete_user_not_exist.deleteUserbyID1(TC_11_delete_user_not_exist.java:20)
	at iam.USER_Delete_users.TC_11_delete_user_not_exist.deleteUserbyID1(TC_11_delete_user_not_exist.java:20)
	at iam.USER_Delete_users.TC_11_delete_user_not_exist.deleteUserbyID1(TC_11_delete_user_not_exist.java:20)
	at iam.USER_Delete_users.TC_11_delete_user_not_exist.deleteUserbyID1(TC_11_delete_user_not_exist.java:20)
	at iam.USER_Delete_users.TC_11_delete_user_not_exist.deleteUserbyID1(TC_11_delete_user_not_exist.java:20)
	at iam.USER_Delete_users.TC_11_delete_user_not_exist.deleteUserbyID1(TC_11_delete_user_not_exist.java:20)
	at iam.USER_Delete_users.TC_11_delete_user_not_exist.deleteUserbyID1(TC_11_delete_user_not_exist.java:20)
	at iam.USER_Delete_users.TC_11_delete_user_not_exist.deleteUserbyID1(TC_11_delete_user_not_exist.java:20)
	at iam.USER_Delete_users.TC_11_delete_user_not_exist.deleteUserbyID1(TC_11_delete_user_not_exist.java:20)
	at iam.USER_Delete_users.TC_11_delete_user_not_exist.deleteUserbyID1(TC_11_delete_user_not_exist.java:20)
	at iam.USER_Delete_users.TC_11_delete_user_not_exist.deleteUserbyID1(TC_11_delete_user_not_exist.java:20)
	at iam.USER_Delete_users.TC_11_delete_user_not_exist.deleteUserbyID1(TC_11_delete_user_not_exist.java:20)
	at iam.USER_Delete_users.TC_11_delete_user_not_exist.deleteUserbyID1(TC_11_delete_user_not_exist.java:20)
	at iam.USER_Delete_users.TC_11_delete_user_not_exist.deleteUserbyID1(TC_11_delete_user_not_exist.java:20)
	at iam.USER_Delete_users.TC_11_delete_user_not_exist.deleteUserbyID1(TC_11_delete_user_not_exist.java:20)
	at iam.USER_Delete_users.TC_11_delete_user_not_exist.deleteUserbyID1(TC_11_delete_user_not_exist.java:20)
	at iam.USER_Delete_users.TC_11_delete_user_not_exist.deleteUserbyID1(TC_11_delete_user_not_exist.java:20)
	at iam.USER_Delete_users.TC_11_delete_user_not_exist.deleteUserbyID1(TC_11_delete_user_not_exist.java:20)
	at iam.USER_Delete_users.TC_11_delete_user_not_exist.deleteUserbyID1(TC_11_delete_user_not_exist.java:20)
	at iam.USER_Delete_users.TC_11_delete_user_not_exist.deleteUserbyID1(TC_11_delete_user_not_exist.java:20)
	at iam.USER_Delete_users.TC_11_delete_user_not_exist.deleteUserbyID1(TC_11_delete_user_not_exist.java:20)
	at iam.USER_Delete_users.TC_11_delete_user_not_exist.deleteUserbyID1(TC_11_delete_user_not_exist.java:20)
	at iam.USER_Delete_users.TC_11_delete_user_not_exist.deleteUserbyID1(TC_11_delete_user_not_exist.java:20)
	at iam.USER_Delete_users.TC_11_delete_user_not_exist.deleteUserbyID1(TC_11_delete_user_not_exist.java:20)
	at iam.USER_Delete_users.TC_11_delete_user_not_exist.deleteUserbyID1(TC_11_delete_user_not_exist.java:20)
	at iam.USER_Delete_users.TC_11_delete_user_not_exist.deleteUserbyID1(TC_11_delete_user_not_exist.java:20)
	at iam.USER_Delete_users.TC_11_delete_user_not_exist.deleteUserbyID1(TC_11_delete_user_not_exist.java:20)
	at iam.USER_Delete_users.TC_11_delete_user_not_exist.deleteUserbyID1(TC_11_delete_user_not_exist.java:20)
	at iam.USER_Delete_users.TC_11_delete_user_not_exist.deleteUserbyID1(TC_11_delete_user_not_exist.java:20)
	at iam.USER_Delete_users.TC_11_delete_user_not_exist.deleteUserbyID1(TC_11_delete_user_not_exist.java:20)
	at iam.USER_Delete_users.TC_11_delete_user_not_exist.deleteUserbyID1(TC_11_delete_user_not_exist.java:20)
	at iam.USER_Delete_users.TC_11_delete_user_not_exist.deleteUserbyID1(TC_11_delete_user_not_exist.java:20)
	at iam.USER_Delete_users.TC_11_delete_user_not_exist.deleteUserbyID1(TC_11_delete_user_not_exist.java:20)
	at iam.USER_Delete_users.TC_11_delete_user_not_exist.deleteUserbyID1(TC_11_delete_user_not_exist.java:20)
	at iam.USER_Delete_users.TC_11_delete_user_not_exist.deleteUserbyID1(TC_11_delete_user_not_exist.java:20)
	at iam.USER_Delete_users.TC_11_delete_user_not_exist.deleteUserbyID1(TC_11_delete_user_not_exist.java:20)
	at iam.USER_Delete_users.TC_11_delete_user_not_exist.deleteUserbyID1(TC_11_delete_user_not_exist.java:20)
	at iam.USER_Delete_users.TC_11_delete_user_not_exist.deleteUserbyID1(TC_11_delete_user_not_exist.java:20)
	at iam.USER_Delete_users.TC_11_delete_user_not_exist.deleteUserbyID1(TC_11_delete_user_not_exist.java:20)
	at iam.USER_Delete_users.TC_11_delete_user_not_exist.deleteUserbyID1(TC_11_delete_user_not_exist.java:20)
	at iam.USER_Delete_users.TC_11_delete_user_not_exist.deleteUserbyID1(TC_11_delete_user_not_exist.java:20)
	at iam.USER_Delete_users.TC_11_delete_user_not_exist.deleteUserbyID1(TC_11_delete_user_not_exist.java:20)
	at iam.USER_Delete_users.TC_11_delete_user_not_exist.deleteUserbyID1(TC_11_delete_user_not_exist.java:20)
	at iam.USER_Delete_users.TC_11_delete_user_not_exist.deleteUserbyID1(TC_11_delete_user_not_exist.java:20)
	at iam.USER_Delete_users.TC_11_delete_user_not_exist.deleteUserbyID1(TC_11_delete_user_not_exist.java:20)
	at iam.USER_Delete_users.TC_11_delete_user_not_exist.deleteUserbyID1(TC_11_delete_user_not_exist.java:20)
	at iam.USER_Delete_users.TC_11_delete_user_not_exist.deleteUserbyID1(TC_11_delete_user_not_exist.java:20)
	at iam.USER_Delete_users.TC_11_delete_user_not_exist.deleteUserbyID1(TC_11_delete_user_not_exist.java:20)
	at iam.USER_Delete_users.TC_11_delete_user_not_exist.deleteUserbyID1(TC_11_delete_user_not_exist.java:20)
	at iam.USER_Delete_users.TC_11_delete_user_not_exist.deleteUserbyID1(TC_11_delete_user_not_exist.java:20)
	at iam.USER_Delete_users.TC_11_delete_user_not_exist.deleteUserbyID1(TC_11_delete_user_not_exist.java:20)
	at iam.USER_Delete_users.TC_11_delete_user_not_exist.deleteUserbyID1(TC_11_delete_user_not_exist.java:20)
	at iam.USER_Delete_users.TC_11_delete_user_not_exist.deleteUserbyID1(TC_11_delete_user_not_exist.java:20)
	at iam.USER_Delete_users.TC_11_delete_user_not_exist.deleteUserbyID1(TC_11_delete_user_not_exist.java:20)
	at iam.USER_Delete_users.TC_11_delete_user_not_exist.deleteUserbyID1(TC_11_delete_user_not_exist.java:20)
	at iam.USER_Delete_users.TC_11_delete_user_not_exist.deleteUserbyID1(TC_11_delete_user_not_exist.java:20)
	at iam.USER_Delete_users.TC_11_delete_user_not_exist.deleteUserbyID1(TC_11_delete_user_not_exist.java:20)
	at iam.USER_Delete_users.TC_11_delete_user_not_exist.deleteUserbyID1(TC_11_delete_user_not_exist.java:20)
	at iam.USER_Delete_users.TC_11_delete_user_not_exist.deleteUserbyID1(TC_11_delete_user_not_exist.java:20)
	at iam.USER_Delete_users.TC_11_delete_user_not_exist.deleteUserbyID1(TC_11_delete_user_not_exist.java:20)
	at iam.USER_Delete_users.TC_11_delete_user_not_exist.deleteUserbyID1(TC_11_delete_user_not_exist.java:20)
	at iam.USER_Delete_users.TC_11_delete_user_not_exist.deleteUserbyID1(TC_11_delete_user_not_exist.java:20)
	at iam.USER_Delete_users.TC_11_delete_user_not_exist.deleteUserbyID1(TC_11_delete_user_not_exist.java:20)
	at iam.USER_Delete_users.TC_11_delete_user_not_exist.deleteUserbyID1(TC_11_delete_user_not_exist.java:20)
	at iam.USER_Delete_users.TC_11_delete_user_not_exist.deleteUserbyID1(TC_11_delete_user_not_exist.java:20)
	at iam.USER_Delete_users.TC_11_delete_user_not_exist.deleteUserbyID1(TC_11_delete_user_not_exist.java:20)
	at iam.USER_Delete_users.TC_11_delete_user_not_exist.deleteUserbyID1(TC_11_delete_user_not_exist.java:20)
	at iam.USER_Delete_users.TC_11_delete_user_not_exist.deleteUserbyID1(TC_11_delete_user_not_exist.java:20)
	at iam.USER_Delete_users.TC_11_delete_user_not_exist.deleteUserbyID1(TC_11_delete_user_not_exist.java:20)
	at iam.USER_Delete_users.TC_11_delete_user_not_exist.deleteUserbyID1(TC_11_delete_user_not_exist.java:20)
	at iam.USER_Delete_users.TC_11_delete_user_not_exist.deleteUserbyID1(TC_11_delete_user_not_exist.java:20)
	at iam.USER_Delete_users.TC_11_delete_user_not_exist.deleteUserbyID1(TC_11_delete_user_not_exist.java:20)
	at iam.USER_Delete_users.TC_11_delete_user_not_exist.deleteUserbyID1(TC_11_delete_user_not_exist.java:20)
	at iam.USER_Delete_users.TC_11_delete_user_not_exist.deleteUserbyID1(TC_11_delete_user_not_exist.java:20)
	at iam.USER_Delete_users.TC_11_delete_user_not_exist.deleteUserbyID1(TC_11_delete_user_not_exist.java:20)
	at iam.USER_Delete_users.TC_11_delete_user_not_exist.deleteUserbyID1(TC_11_delete_user_not_exist.java:20)
	at iam.USER_Delete_users.TC_11_delete_user_not_exist.deleteUserbyID1(TC_11_delete_user_not_exist.java:20)
	at iam.USER_Delete_users.TC_11_delete_user_not_exist.deleteUserbyID1(TC_11_delete_user_not_exist.java:20)
	at iam.USER_Delete_users.TC_11_delete_user_not_exist.deleteUserbyID1(TC_11_delete_user_not_exist.java:20)
	at iam.USER_Delete_users.TC_11_delete_user_not_exist.deleteUserbyID1(TC_11_delete_user_not_exist.java:20)
	at iam.USER_Delete_users.TC_11_delete_user_not_exist.deleteUserbyID1(TC_11_delete_user_not_exist.java:20)
	at iam.USER_Delete_users.TC_11_delete_user_not_exist.deleteUserbyID1(TC_11_delete_user_not_exist.java:20)
	at iam.USER_Delete_users.TC_11_delete_user_not_exist.deleteUserbyID1(TC_11_delete_user_not_exist.java:20)
	at iam.USER_Delete_users.TC_11_delete_user_not_exist.deleteUserbyID1(TC_11_delete_user_not_exist.java:20)
	at iam.USER_Delete_users.TC_11_delete_user_not_exist.deleteUserbyID1(TC_11_delete_user_not_exist.java:20)
	at iam.USER_Delete_users.TC_11_delete_user_not_exist.deleteUserbyID1(TC_11_delete_user_not_exist.java:20)
	at iam.USER_Delete_users.TC_11_delete_user_not_exist.deleteUserbyID1(TC_11_delete_user_not_exist.java:20)
	at iam.USER_Delete_users.TC_11_delete_user_not_exist.deleteUserbyID1(TC_11_delete_user_not_exist.java:20)
	at iam.USER_Delete_users.TC_11_delete_user_not_exist.deleteUserbyID1(TC_11_delete_user_not_exist.java:20)
	at iam.USER_Delete_users.TC_11_delete_user_not_exist.deleteUserbyID1(TC_11_delete_user_not_exist.java:20)
	at iam.USER_Delete_users.TC_11_delete_user_not_exist.deleteUserbyID1(TC_11_delete_user_not_exist.java:20)
	at iam.USER_Delete_users.TC_11_delete_user_not_exist.deleteUserbyID1(TC_11_delete_user_not_exist.java:20)
	at iam.USER_Delete_users.TC_11_delete_user_not_exist.deleteUserbyID1(TC_11_delete_user_not_exist.java:20)
	at iam.USER_Delete_users.TC_11_delete_user_not_exist.deleteUserbyID1(TC_11_delete_user_not_exist.java:20)
	at iam.USER_Delete_users.TC_11_delete_user_not_exist.deleteUserbyID1(TC_11_delete_user_not_exist.java:20)
	at iam.USER_Delete_users.TC_11_delete_user_not_exist.deleteUserbyID1(TC_11_delete_user_not_exist.java:20)
	at iam.USER_Delete_users.TC_11_delete_user_not_exist.deleteUserbyID1(TC_11_delete_user_not_exist.java:20)
	at iam.USER_Delete_users.TC_11_delete_user_not_exist.deleteUserbyID1(TC_11_delete_user_not_exist.java:20)
	at iam.USER_Delete_users.TC_11_delete_user_not_exist.deleteUserbyID1(TC_11_delete_user_not_exist.java:20)
	at iam.USER_Delete_users.TC_11_delete_user_not_exist.deleteUserbyID1(TC_11_delete_user_not_exist.java:20)
	at iam.USER_Delete_users.TC_11_delete_user_not_exist.deleteUserbyID1(TC_11_delete_user_not_exist.java:20)
	at iam.USER_Delete_users.TC_11_delete_user_not_exist.deleteUserbyID1(TC_11_delete_user_not_exist.java:20)
	at iam.USER_Delete_users.TC_11_delete_user_not_exist.deleteUserbyID1(TC_11_delete_user_not_exist.java:20)
	at iam.USER_Delete_users.TC_11_delete_user_not_exist.deleteUserbyID1(TC_11_delete_user_not_exist.java:20)
	at iam.USER_Delete_users.TC_11_delete_user_not_exist.deleteUserbyID1(TC_11_delete_user_not_exist.java:20)
	at iam.USER_Delete_users.TC_11_delete_user_not_exist.deleteUserbyID1(TC_11_delete_user_not_exist.java:20)
	at iam.USER_Delete_users.TC_11_delete_user_not_exist.deleteUserbyID1(TC_11_delete_user_not_exist.java:20)
	at iam.USER_Delete_users.TC_11_delete_user_not_exist.deleteUserbyID1(TC_11_delete_user_not_exist.java:20)
	at iam.USER_Delete_users.TC_11_delete_user_not_exist.deleteUserbyID1(TC_11_delete_user_not_exist.java:20)
	at iam.USER_Delete_users.TC_11_delete_user_not_exist.deleteUserbyID1(TC_11_delete_user_not_exist.java:20)
	at iam.USER_Delete_users.TC_11_delete_user_not_exist.deleteUserbyID1(TC_11_delete_user_not_exist.java:20)
	at iam.USER_Delete_users.TC_11_delete_user_not_exist.deleteUserbyID1(TC_11_delete_user_not_exist.java:20)
	at iam.USER_Delete_users.TC_11_delete_user_not_exist.deleteUserbyID1(TC_11_delete_user_not_exist.java:20)
	at iam.USER_Delete_users.TC_11_delete_user_not_exist.deleteUserbyID1(TC_11_delete_user_not_exist.java:20)
	at iam.USER_Delete_users.TC_11_delete_user_not_exist.deleteUserbyID1(TC_11_delete_user_not_exist.java:20)
	at iam.USER_Delete_users.TC_11_delete_user_not_exist.deleteUserbyID1(TC_11_delete_user_not_exist.java:20)
	at iam.USER_Delete_users.TC_11_delete_user_not_exist.deleteUserbyID1(TC_11_delete_user_not_exist.java:20)
	at iam.USER_Delete_users.TC_11_delete_user_not_exist.deleteUserbyID1(TC_11_delete_user_not_exist.java:20)
	at iam.USER_Delete_users.TC_11_delete_user_not_exist.deleteUserbyID1(TC_11_delete_user_not_exist.java:20)
	at iam.USER_Delete_users.TC_11_delete_user_not_exist.deleteUserbyID1(TC_11_delete_user_not_exist.java:20)
	at iam.USER_Delete_users.TC_11_delete_user_not_exist.deleteUserbyID1(TC_11_delete_user_not_exist.java:20)
	at iam.USER_Delete_users.TC_11_delete_user_not_exist.deleteUserbyID1(TC_11_delete_user_not_exist.java:20)
	at iam.USER_Delete_users.TC_11_delete_user_not_exist.deleteUserbyID1(TC_11_delete_user_not_exist.java:20)
	at iam.USER_Delete_users.TC_11_delete_user_not_exist.deleteUserbyID1(TC_11_delete_user_not_exist.java:20)
	at iam.USER_Delete_users.TC_11_delete_user_not_exist.deleteUserbyID1(TC_11_delete_user_not_exist.java:20)
	at iam.USER_Delete_users.TC_11_delete_user_not_exist.deleteUserbyID1(TC_11_delete_user_not_exist.java:20)
	at iam.USER_Delete_users.TC_11_delete_user_not_exist.deleteUserbyID1(TC_11_delete_user_not_exist.java:20)
	at iam.USER_Delete_users.TC_11_delete_user_not_exist.deleteUserbyID1(TC_11_delete_user_not_exist.java:20)
	at iam.USER_Delete_users.TC_11_delete_user_not_exist.deleteUserbyID1(TC_11_delete_user_not_exist.java:20)
	at iam.USER_Delete_users.TC_11_delete_user_not_exist.deleteUserbyID1(TC_11_delete_user_not_exist.java:20)
	at iam.USER_Delete_users.TC_11_delete_user_not_exist.deleteUserbyID1(TC_11_delete_user_not_exist.java:20)
	at iam.USER_Delete_users.TC_11_delete_user_not_exist.deleteUserbyID1(TC_11_delete_user_not_exist.java:20)
	at iam.USER_Delete_users.TC_11_delete_user_not_exist.deleteUserbyID1(TC_11_delete_user_not_exist.java:20)
	at iam.USER_Delete_users.TC_11_delete_user_not_exist.deleteUserbyID1(TC_11_delete_user_not_exist.java:20)
	at iam.USER_Delete_users.TC_11_delete_user_not_exist.deleteUserbyID1(TC_11_delete_user_not_exist.java:20)
	at iam.USER_Delete_users.TC_11_delete_user_not_exist.deleteUserbyID1(TC_11_delete_user_not_exist.java:20)
	at iam.USER_Delete_users.TC_11_delete_user_not_exist.deleteUserbyID1(TC_11_delete_user_not_exist.java:20)
	at iam.USER_Delete_users.TC_11_delete_user_not_exist.deleteUserbyID1(TC_11_delete_user_not_exist.java:20)
	at iam.USER_Delete_users.TC_11_delete_user_not_exist.deleteUserbyID1(TC_11_delete_user_not_exist.java:20)
	at iam.USER_Delete_users.TC_11_delete_user_not_exist.deleteUserbyID1(TC_11_delete_user_not_exist.java:20)
	at iam.USER_Delete_users.TC_11_delete_user_not_exist.deleteUserbyID1(TC_11_delete_user_not_exist.java:20)
	at iam.USER_Delete_users.TC_11_delete_user_not_exist.deleteUserbyID1(TC_11_delete_user_not_exist.java:20)
	at iam.USER_Delete_users.TC_11_delete_user_not_exist.deleteUserbyID1(TC_11_delete_user_not_exist.java:20)
	at iam.USER_Delete_users.TC_11_delete_user_not_exist.deleteUserbyID1(TC_11_delete_user_not_exist.java:20)
	at iam.USER_Delete_users.TC_11_delete_user_not_exist.deleteUserbyID1(TC_11_delete_user_not_exist.java:20)
	at iam.USER_Delete_users.TC_11_delete_user_not_exist.deleteUserbyID1(TC_11_delete_user_not_exist.java:20)
	at iam.USER_Delete_users.TC_11_delete_user_not_exist.deleteUserbyID1(TC_11_delete_user_not_exist.java:20)
	at iam.USER_Delete_users.TC_11_delete_user_not_exist.deleteUserbyID1(TC_11_delete_user_not_exist.java:20)
	at iam.USER_Delete_users.TC_11_delete_user_not_exist.deleteUserbyID1(TC_11_delete_user_not_exist.java:20)
	at iam.USER_Delete_users.TC_11_delete_user_not_exist.deleteUserbyID1(TC_11_delete_user_not_exist.java:20)
	at iam.USER_Delete_users.TC_11_delete_user_not_exist.deleteUserbyID1(TC_11_delete_user_not_exist.java:20)
	at iam.USER_Delete_users.TC_11_delete_user_not_exist.deleteUserbyID1(TC_11_delete_user_not_exist.java:20)
	at iam.USER_Delete_users.TC_11_delete_user_not_exist.deleteUserbyID1(TC_11_delete_user_not_exist.java:20)
	at iam.USER_Delete_users.TC_11_delete_user_not_exist.deleteUserbyID1(TC_11_delete_user_not_exist.java:20)
	at iam.USER_Delete_users.TC_11_delete_user_not_exist.deleteUserbyID1(TC_11_delete_user_not_exist.java:20)
	at iam.USER_Delete_users.TC_11_delete_user_not_exist.deleteUserbyID1(TC_11_delete_user_not_exist.java:20)
	at iam.USER_Delete_users.TC_11_delete_user_not_exist.deleteUserbyID1(TC_11_delete_user_not_exist.java:20)
	at iam.USER_Delete_users.TC_11_delete_user_not_exist.deleteUserbyID1(TC_11_delete_user_not_exist.java:20)
	at iam.USER_Delete_users.TC_11_delete_user_not_exist.deleteUserbyID1(TC_11_delete_user_not_exist.java:20)
	at iam.USER_Delete_users.TC_11_delete_user_not_exist.deleteUserbyID1(TC_11_delete_user_not_exist.java:20)
	at iam.USER_Delete_users.TC_11_delete_user_not_exist.deleteUserbyID1(TC_11_delete_user_not_exist.java:20)
	at iam.USER_Delete_users.TC_11_delete_user_not_exist.deleteUserbyID1(TC_11_delete_user_not_exist.java:20)
	at iam.USER_Delete_users.TC_11_delete_user_not_exist.deleteUserbyID1(TC_11_delete_user_not_exist.java:20)
	at iam.USER_Delete_users.TC_11_delete_user_not_exist.deleteUserbyID1(TC_11_delete_user_not_exist.java:20)
	at iam.USER_Delete_users.TC_11_delete_user_not_exist.deleteUserbyID1(TC_11_delete_user_not_exist.java:20)
	at iam.USER_Delete_users.TC_11_delete_user_not_exist.deleteUserbyID1(TC_11_delete_user_not_exist.java:20)
	at iam.USER_Delete_users.TC_11_delete_user_not_exist.deleteUserbyID1(TC_11_delete_user_not_exist.java:20)
	at iam.USER_Delete_users.TC_11_delete_user_not_exist.deleteUserbyID1(TC_11_delete_user_not_exist.java:20)
	at iam.USER_Delete_users.TC_11_delete_user_not_exist.deleteUserbyID1(TC_11_delete_user_not_exist.java:20)
	at iam.USER_Delete_users.TC_11_delete_user_not_exist.deleteUserbyID1(TC_11_delete_user_not_exist.java:20)
	at iam.USER_Delete_users.TC_11_delete_user_not_exist.deleteUserbyID1(TC_11_delete_user_not_exist.java:20)
	at iam.USER_Delete_users.TC_11_delete_user_not_exist.deleteUserbyID1(TC_11_delete_user_not_exist.java:20)
	at iam.USER_Delete_users.TC_11_delete_user_not_exist.deleteUserbyID1(TC_11_delete_user_not_exist.java:20)
	at iam.USER_Delete_users.TC_11_delete_user_not_exist.deleteUserbyID1(TC_11_delete_user_not_exist.java:20)
	at iam.USER_Delete_users.TC_11_delete_user_not_exist.deleteUserbyID1(TC_11_delete_user_not_exist.java:20)
	at iam.USER_Delete_users.TC_11_delete_user_not_exist.deleteUserbyID1(TC_11_delete_user_not_exist.java:20)
	at iam.USER_Delete_users.TC_11_delete_user_not_exist.deleteUserbyID1(TC_11_delete_user_not_exist.java:20)
	at iam.USER_Delete_users.TC_11_delete_user_not_exist.deleteUserbyID1(TC_11_delete_user_not_exist.java:20)
	at iam.USER_Delete_users.TC_11_delete_user_not_exist.deleteUserbyID1(TC_11_delete_user_not_exist.java:20)
	at iam.USER_Delete_users.TC_11_delete_user_not_exist.deleteUserbyID1(TC_11_delete_user_not_exist.java:20)
	at iam.USER_Delete_users.TC_11_delete_user_not_exist.deleteUserbyID1(TC_11_delete_user_not_exist.java:20)
	at iam.USER_Delete_users.TC_11_delete_user_not_exist.deleteUserbyID1(TC_11_delete_user_not_exist.java:20)
	at iam.USER_Delete_users.TC_11_delete_user_not_exist.deleteUserbyID1(TC_11_delete_user_not_exist.java:20)
	at iam.USER_Delete_users.TC_11_delete_user_not_exist.deleteUserbyID1(TC_11_delete_user_not_exist.java:20)
	at iam.USER_Delete_users.TC_11_delete_user_not_exist.deleteUserbyID1(TC_11_delete_user_not_exist.java:20)
	at iam.USER_Delete_users.TC_11_delete_user_not_exist.deleteUserbyID1(TC_11_delete_user_not_exist.java:20)
	at iam.USER_Delete_users.TC_11_delete_user_not_exist.deleteUserbyID1(TC_11_delete_user_not_exist.java:20)
	at iam.USER_Delete_users.TC_11_delete_user_not_exist.deleteUserbyID1(TC_11_delete_user_not_exist.java:20)
	at iam.USER_Delete_users.TC_11_delete_user_not_exist.deleteUserbyID1(TC_11_delete_user_not_exist.java:20)
	at iam.USER_Delete_users.TC_11_delete_user_not_exist.deleteUserbyID1(TC_11_delete_user_not_exist.java:20)
	at iam.USER_Delete_users.TC_11_delete_user_not_exist.deleteUserbyID1(TC_11_delete_user_not_exist.java:20)
	at iam.USER_Delete_users.TC_11_delete_user_not_exist.deleteUserbyID1(TC_11_delete_user_not_exist.java:20)
	at iam.USER_Delete_users.TC_11_delete_user_not_exist.deleteUserbyID1(TC_11_delete_user_not_exist.java:20)
	at iam.USER_Delete_users.TC_11_delete_user_not_exist.deleteUserbyID1(TC_11_delete_user_not_exist.java:20)
	at iam.USER_Delete_users.TC_11_delete_user_not_exist.deleteUserbyID1(TC_11_delete_user_not_exist.java:20)
	at iam.USER_Delete_users.TC_11_delete_user_not_exist.deleteUserbyID1(TC_11_delete_user_not_exist.java:20)
	at iam.USER_Delete_users.TC_11_delete_user_not_exist.deleteUserbyID1(TC_11_delete_user_not_exist.java:20)
	at iam.USER_Delete_users.TC_11_delete_user_not_exist.deleteUserbyID1(TC_11_delete_user_not_exist.java:20)
	at iam.USER_Delete_users.TC_11_delete_user_not_exist.deleteUserbyID1(TC_11_delete_user_not_exist.java:20)
	at iam.USER_Delete_users.TC_11_delete_user_not_exist.deleteUserbyID1(TC_11_delete_user_not_exist.java:20)
	at iam.USER_Delete_users.TC_11_delete_user_not_exist.deleteUserbyID1(TC_11_delete_user_not_exist.java:20)
	at iam.USER_Delete_users.TC_11_delete_user_not_exist.deleteUserbyID1(TC_11_delete_user_not_exist.java:20)
	at iam.USER_Delete_users.TC_11_delete_user_not_exist.deleteUserbyID1(TC_11_delete_user_not_exist.java:20)
	at iam.USER_Delete_users.TC_11_delete_user_not_exist.deleteUserbyID1(TC_11_delete_user_not_exist.java:20)
	at iam.USER_Delete_users.TC_11_delete_user_not_exist.deleteUserbyID1(TC_11_delete_user_not_exist.java:20)
	at iam.USER_Delete_users.TC_11_delete_user_not_exist.deleteUserbyID1(TC_11_delete_user_not_exist.java:20)
	at iam.USER_Delete_users.TC_11_delete_user_not_exist.deleteUserbyID1(TC_11_delete_user_not_exist.java:20)
	at iam.USER_Delete_users.TC_11_delete_user_not_exist.deleteUserbyID1(TC_11_delete_user_not_exist.java:20)
	at iam.USER_Delete_users.TC_11_delete_user_not_exist.deleteUserbyID1(TC_11_delete_user_not_exist.java:20)
	at iam.USER_Delete_users.TC_11_delete_user_not_exist.deleteUserbyID1(TC_11_delete_user_not_exist.java:20)
	at iam.USER_Delete_users.TC_11_delete_user_not_exist.deleteUserbyID1(TC_11_delete_user_not_exist.java:20)
	at iam.USER_Delete_users.TC_11_delete_user_not_exist.deleteUserbyID1(TC_11_delete_user_not_exist.java:20)
	at iam.USER_Delete_users.TC_11_delete_user_not_exist.deleteUserbyID1(TC_11_delete_user_not_exist.java:20)
	at iam.USER_Delete_users.TC_11_delete_user_not_exist.deleteUserbyID1(TC_11_delete_user_not_exist.java:20)
	at iam.USER_Delete_users.TC_11_delete_user_not_exist.deleteUserbyID1(TC_11_delete_user_not_exist.java:20)
	at iam.USER_Delete_users.TC_11_delete_user_not_exist.deleteUserbyID1(TC_11_delete_user_not_exist.java:20)
	at iam.USER_Delete_users.TC_11_delete_user_not_exist.deleteUserbyID1(TC_11_delete_user_not_exist.java:20)
	at iam.USER_Delete_users.TC_11_delete_user_not_exist.deleteUserbyID1(TC_11_delete_user_not_exist.java:20)
	at iam.USER_Delete_users.TC_11_delete_user_not_exist.deleteUserbyID1(TC_11_delete_user_not_exist.java:20)
	at iam.USER_Delete_users.TC_11_delete_user_not_exist.deleteUserbyID1(TC_11_delete_user_not_exist.java:20)
	at iam.USER_Delete_users.TC_11_delete_user_not_exist.deleteUserbyID1(TC_11_delete_user_not_exist.java:20)
	at iam.USER_Delete_users.TC_11_delete_user_not_exist.deleteUserbyID1(TC_11_delete_user_not_exist.java:20)
	at iam.USER_Delete_users.TC_11_delete_user_not_exist.deleteUserbyID1(TC_11_delete_user_not_exist.java:20)
	at iam.USER_Delete_users.TC_11_delete_user_not_exist.deleteUserbyID1(TC_11_delete_user_not_exist.java:20)
	at iam.USER_Delete_users.TC_11_delete_user_not_exist.deleteUserbyID1(TC_11_delete_user_not_exist.java:20)
	at iam.USER_Delete_users.TC_11_delete_user_not_exist.deleteUserbyID1(TC_11_delete_user_not_exist.java:20)
	at iam.USER_Delete_users.TC_11_delete_user_not_exist.deleteUserbyID1(TC_11_delete_user_not_exist.java:20)
	at iam.USER_Delete_users.TC_11_delete_user_not_exist.deleteUserbyID1(TC_11_delete_user_not_exist.java:20)
	at iam.USER_Delete_users.TC_11_delete_user_not_exist.deleteUserbyID1(TC_11_delete_user_not_exist.java:20)
	at iam.USER_Delete_users.TC_11_delete_user_not_exist.deleteUserbyID1(TC_11_delete_user_not_exist.java:20)
	at iam.USER_Delete_users.TC_11_delete_user_not_exist.deleteUserbyID1(TC_11_delete_user_not_exist.java:20)
	at iam.USER_Delete_users.TC_11_delete_user_not_exist.deleteUserbyID1(TC_11_delete_user_not_exist.java:20)
	at iam.USER_Delete_users.TC_11_delete_user_not_exist.deleteUserbyID1(TC_11_delete_user_not_exist.java:20)
	at iam.USER_Delete_users.TC_11_delete_user_not_exist.deleteUserbyID1(TC_11_delete_user_not_exist.java:20)
	at iam.USER_Delete_users.TC_11_delete_user_not_exist.deleteUserbyID1(TC_11_delete_user_not_exist.java:20)
	at iam.USER_Delete_users.TC_11_delete_user_not_exist.deleteUserbyID1(TC_11_delete_user_not_exist.java:20)
	at iam.USER_Delete_users.TC_11_delete_user_not_exist.deleteUserbyID1(TC_11_delete_user_not_exist.java:20)
	at iam.USER_Delete_users.TC_11_delete_user_not_exist.deleteUserbyID1(TC_11_delete_user_not_exist.java:20)
	at iam.USER_Delete_users.TC_11_delete_user_not_exist.deleteUserbyID1(TC_11_delete_user_not_exist.java:20)
	at iam.USER_Delete_users.TC_11_delete_user_not_exist.deleteUserbyID1(TC_11_delete_user_not_exist.java:20)
	at iam.USER_Delete_users.TC_11_delete_user_not_exist.deleteUserbyID1(TC_11_delete_user_not_exist.java:20)
	at iam.USER_Delete_users.TC_11_delete_user_not_exist.deleteUserbyID1(TC_11_delete_user_not_exist.java:20)
	at iam.USER_Delete_users.TC_11_delete_user_not_exist.deleteUserbyID1(TC_11_delete_user_not_exist.java:20)
	at iam.USER_Delete_users.TC_11_delete_user_not_exist.deleteUserbyID1(TC_11_delete_user_not_exist.java:20)
	at iam.USER_Delete_users.TC_11_delete_user_not_exist.deleteUserbyID1(TC_11_delete_user_not_exist.java:20)
	at iam.USER_Delete_users.TC_11_delete_user_not_exist.deleteUserbyID1(TC_11_delete_user_not_exist.java:20)
	at iam.USER_Delete_users.TC_11_delete_user_not_exist.deleteUserbyID1(TC_11_delete_user_not_exist.java:20)
	at iam.USER_Delete_users.TC_11_delete_user_not_exist.deleteUserbyID1(TC_11_delete_user_not_exist.java:20)
	at iam.USER_Delete_users.TC_11_delete_user_not_exist.deleteUserbyID1(TC_11_delete_user_not_exist.java:20)
	at iam.USER_Delete_users.TC_11_delete_user_not_exist.deleteUserbyID1(TC_11_delete_user_not_exist.java:20)
	at iam.USER_Delete_users.TC_11_delete_user_not_exist.deleteUserbyID1(TC_11_delete_user_not_exist.java:20)
	at iam.USER_Delete_users.TC_11_delete_user_not_exist.deleteUserbyID1(TC_11_delete_user_not_exist.java:20)
	at iam.USER_Delete_users.TC_11_delete_user_not_exist.deleteUserbyID1(TC_11_delete_user_not_exist.java:20)
	at iam.USER_Delete_users.TC_11_delete_user_not_exist.deleteUserbyID1(TC_11_delete_user_not_exist.java:20)
	at iam.USER_Delete_users.TC_11_delete_user_not_exist.deleteUserbyID1(TC_11_delete_user_not_exist.java:20)
	at iam.USER_Delete_users.TC_11_delete_user_not_exist.deleteUserbyID1(TC_11_delete_user_not_exist.java:20)
	at iam.USER_Delete_users.TC_11_delete_user_not_exist.deleteUserbyID1(TC_11_delete_user_not_exist.java:20)
	at iam.USER_Delete_users.TC_11_delete_user_not_exist.deleteUserbyID1(TC_11_delete_user_not_exist.java:20)
	at iam.USER_Delete_users.TC_11_delete_user_not_exist.deleteUserbyID1(TC_11_delete_user_not_exist.java:20)
	at iam.USER_Delete_users.TC_11_delete_user_not_exist.deleteUserbyID1(TC_11_delete_user_not_exist.java:20)
	at iam.USER_Delete_users.TC_11_delete_user_not_exist.deleteUserbyID1(TC_11_delete_user_not_exist.java:20)
	at iam.USER_Delete_users.TC_11_delete_user_not_exist.deleteUserbyID1(TC_11_delete_user_not_exist.java:20)
	at iam.USER_Delete_users.TC_11_delete_user_not_exist.deleteUserbyID1(TC_11_delete_user_not_exist.java:20)
	at iam.USER_Delete_users.TC_11_delete_user_not_exist.deleteUserbyID1(TC_11_delete_user_not_exist.java:20)
	at iam.USER_Delete_users.TC_11_delete_user_not_exist.deleteUserbyID1(TC_11_delete_user_not_exist.java:20)
	at iam.USER_Delete_users.TC_11_delete_user_not_exist.deleteUserbyID1(TC_11_delete_user_not_exist.java:20)
	at iam.USER_Delete_users.TC_11_delete_user_not_exist.deleteUserbyID1(TC_11_delete_user_not_exist.java:20)
	at iam.USER_Delete_users.TC_11_delete_user_not_exist.deleteUserbyID1(TC_11_delete_user_not_exist.java:20)
	at iam.USER_Delete_users.TC_11_delete_user_not_exist.deleteUserbyID1(TC_11_delete_user_not_exist.java:20)
	at iam.USER_Delete_users.TC_11_delete_user_not_exist.deleteUserbyID1(TC_11_delete_user_not_exist.java:20)
	at iam.USER_Delete_users.TC_11_delete_user_not_exist.deleteUserbyID1(TC_11_delete_user_not_exist.java:20)
	at iam.USER_Delete_users.TC_11_delete_user_not_exist.deleteUserbyID1(TC_11_delete_user_not_exist.java:20)
	at iam.USER_Delete_users.TC_11_delete_user_not_exist.deleteUserbyID1(TC_11_delete_user_not_exist.java:20)
	at iam.USER_Delete_users.TC_11_delete_user_not_exist.deleteUserbyID1(TC_11_delete_user_not_exist.java:20)
	at iam.USER_Delete_users.TC_11_delete_user_not_exist.deleteUserbyID1(TC_11_delete_user_not_exist.java:20)
	at iam.USER_Delete_users.TC_11_delete_user_not_exist.deleteUserbyID1(TC_11_delete_user_not_exist.java:20)
	at iam.USER_Delete_users.TC_11_delete_user_not_exist.deleteUserbyID1(TC_11_delete_user_not_exist.java:20)
	at iam.USER_Delete_users.TC_11_delete_user_not_exist.deleteUserbyID1(TC_11_delete_user_not_exist.java:20)
	at iam.USER_Delete_users.TC_11_delete_user_not_exist.deleteUserbyID1(TC_11_delete_user_not_exist.java:20)
	at iam.USER_Delete_users.TC_11_delete_user_not_exist.deleteUserbyID1(TC_11_delete_user_not_exist.java:20)
	at iam.USER_Delete_users.TC_11_delete_user_not_exist.deleteUserbyID1(TC_11_delete_user_not_exist.java:20)
	at iam.USER_Delete_users.TC_11_delete_user_not_exist.deleteUserbyID1(TC_11_delete_user_not_exist.java:20)
	at iam.USER_Delete_users.TC_11_delete_user_not_exist.deleteUserbyID1(TC_11_delete_user_not_exist.java:20)
	at iam.USER_Delete_users.TC_11_delete_user_not_exist.deleteUserbyID1(TC_11_delete_user_not_exist.java:20)
	at iam.USER_Delete_users.TC_11_delete_user_not_exist.deleteUserbyID1(TC_11_delete_user_not_exist.java:20)
	at iam.USER_Delete_users.TC_11_delete_user_not_exist.deleteUserbyID1(TC_11_delete_user_not_exist.java:20)
	at iam.USER_Delete_users.TC_11_delete_user_not_exist.deleteUserbyID1(TC_11_delete_user_not_exist.java:20)
	at iam.USER_Delete_users.TC_11_delete_user_not_exist.deleteUserbyID1(TC_11_delete_user_not_exist.java:20)
	at iam.USER_Delete_users.TC_11_delete_user_not_exist.deleteUserbyID1(TC_11_delete_user_not_exist.java:20)
	at iam.USER_Delete_users.TC_11_delete_user_not_exist.deleteUserbyID1(TC_11_delete_user_not_exist.java:20)
	at iam.USER_Delete_users.TC_11_delete_user_not_exist.deleteUserbyID1(TC_11_delete_user_not_exist.java:20)
	at iam.USER_Delete_users.TC_11_delete_user_not_exist.deleteUserbyID1(TC_11_delete_user_not_exist.java:20)
	at iam.USER_Delete_users.TC_11_delete_user_not_exist.deleteUserbyID1(TC_11_delete_user_not_exist.java:20)
	at iam.USER_Delete_users.TC_11_delete_user_not_exist.deleteUserbyID1(TC_11_delete_user_not_exist.java:20)
	at iam.USER_Delete_users.TC_11_delete_user_not_exist.deleteUserbyID1(TC_11_delete_user_not_exist.java:20)
	at iam.USER_Delete_users.TC_11_delete_user_not_exist.deleteUserbyID1(TC_11_delete_user_not_exist.java:20)
	at iam.USER_Delete_users.TC_11_delete_user_not_exist.deleteUserbyID1(TC_11_delete_user_not_exist.java:20)
	at iam.USER_Delete_users.TC_11_delete_user_not_exist.deleteUserbyID1(TC_11_delete_user_not_exist.java:20)
	at iam.USER_Delete_users.TC_11_delete_user_not_exist.deleteUserbyID1(TC_11_delete_user_not_exist.java:20)
	at iam.USER_Delete_users.TC_11_delete_user_not_exist.deleteUserbyID1(TC_11_delete_user_not_exist.java:20)
	at iam.USER_Delete_users.TC_11_delete_user_not_exist.deleteUserbyID1(TC_11_delete_user_not_exist.java:20)
	at iam.USER_Delete_users.TC_11_delete_user_not_exist.deleteUserbyID1(TC_11_delete_user_not_exist.java:20)
	at iam.USER_Delete_users.TC_11_delete_user_not_exist.deleteUserbyID1(TC_11_delete_user_not_exist.java:20)
	at iam.USER_Delete_users.TC_11_delete_user_not_exist.deleteUserbyID1(TC_11_delete_user_not_exist.java:20)
	at iam.USER_Delete_users.TC_11_delete_user_not_exist.deleteUserbyID1(TC_11_delete_user_not_exist.java:20)
	at iam.USER_Delete_users.TC_11_delete_user_not_exist.deleteUserbyID1(TC_11_delete_user_not_exist.java:20)
	at iam.USER_Delete_users.TC_11_delete_user_not_exist.deleteUserbyID1(TC_11_delete_user_not_exist.java:20)
	at iam.USER_Delete_users.TC_11_delete_user_not_exist.deleteUserbyID1(TC_11_delete_user_not_exist.java:20)
	at iam.USER_Delete_users.TC_11_delete_user_not_exist.deleteUserbyID1(TC_11_delete_user_not_exist.java:20)
	at iam.USER_Delete_users.TC_11_delete_user_not_exist.deleteUserbyID1(TC_11_delete_user_not_exist.java:20)
	at iam.USER_Delete_users.TC_11_delete_user_not_exist.deleteUserbyID1(TC_11_delete_user_not_exist.java:20)
	at iam.USER_Delete_users.TC_11_delete_user_not_exist.deleteUserbyID1(TC_11_delete_user_not_exist.java:20)
	at iam.USER_Delete_users.TC_11_delete_user_not_exist.deleteUserbyID1(TC_11_delete_user_not_exist.java:20)
	at iam.USER_Delete_users.TC_11_delete_user_not_exist.deleteUserbyID1(TC_11_delete_user_not_exist.java:20)
	at iam.USER_Delete_users.TC_11_delete_user_not_exist.deleteUserbyID1(TC_11_delete_user_not_exist.java:20)
	at iam.USER_Delete_users.TC_11_delete_user_not_exist.deleteUserbyID1(TC_11_delete_user_not_exist.java:20)
	at iam.USER_Delete_users.TC_11_delete_user_not_exist.deleteUserbyID1(TC_11_delete_user_not_exist.java:20)
	at iam.USER_Delete_users.TC_11_delete_user_not_exist.deleteUserbyID1(TC_11_delete_user_not_exist.java:20)
	at iam.USER_Delete_users.TC_11_delete_user_not_exist.deleteUserbyID1(TC_11_delete_user_not_exist.java:20)
	at iam.USER_Delete_users.TC_11_delete_user_not_exist.deleteUserbyID1(TC_11_delete_user_not_exist.java:20)
	at iam.USER_Delete_users.TC_11_delete_user_not_exist.deleteUserbyID1(TC_11_delete_user_not_exist.java:20)
	at iam.USER_Delete_users.TC_11_delete_user_not_exist.deleteUserbyID1(TC_11_delete_user_not_exist.java:20)
	at iam.USER_Delete_users.TC_11_delete_user_not_exist.deleteUserbyID1(TC_11_delete_user_not_exist.java:20)
	at iam.USER_Delete_users.TC_11_delete_user_not_exist.deleteUserbyID1(TC_11_delete_user_not_exist.java:20)
	at iam.USER_Delete_users.TC_11_delete_user_not_exist.deleteUserbyID1(TC_11_delete_user_not_exist.java:20)
	at iam.USER_Delete_users.TC_11_delete_user_not_exist.deleteUserbyID1(TC_11_delete_user_not_exist.java:20)
	at iam.USER_Delete_users.TC_11_delete_user_not_exist.deleteUserbyID1(TC_11_delete_user_not_exist.java:20)
	at iam.USER_Delete_users.TC_11_delete_user_not_exist.deleteUserbyID1(TC_11_delete_user_not_exist.java:20)
	at iam.USER_Delete_users.TC_11_delete_user_not_exist.deleteUserbyID1(TC_11_delete_user_not_exist.java:20)
	at iam.USER_Delete_users.TC_11_delete_user_not_exist.deleteUserbyID1(TC_11_delete_user_not_exist.java:20)
	at iam.USER_Delete_users.TC_11_delete_user_not_exist.deleteUserbyID1(TC_11_delete_user_not_exist.java:20)
	at iam.USER_Delete_users.TC_11_delete_user_not_exist.deleteUserbyID1(TC_11_delete_user_not_exist.java:20)
	at iam.USER_Delete_users.TC_11_delete_user_not_exist.deleteUserbyID1(TC_11_delete_user_not_exist.java:20)
	at iam.USER_Delete_users.TC_11_delete_user_not_exist.deleteUserbyID1(TC_11_delete_user_not_exist.java:20)
	at iam.USER_Delete_users.TC_11_delete_user_not_exist.deleteUserbyID1(TC_11_delete_user_not_exist.java:20)
	at iam.USER_Delete_users.TC_11_delete_user_not_exist.deleteUserbyID1(TC_11_delete_user_not_exist.java:20)
	at iam.USER_Delete_users.TC_11_delete_user_not_exist.deleteUserbyID1(TC_11_delete_user_not_exist.java:20)
	at iam.USER_Delete_users.TC_11_delete_user_not_exist.deleteUserbyID1(TC_11_delete_user_not_exist.java:20)
	at iam.USER_Delete_users.TC_11_delete_user_not_exist.deleteUserbyID1(TC_11_delete_user_not_exist.java:20)
	at iam.USER_Delete_users.TC_11_delete_user_not_exist.deleteUserbyID1(TC_11_delete_user_not_exist.java:20)
	at iam.USER_Delete_users.TC_11_delete_user_not_exist.deleteUserbyID1(TC_11_delete_user_not_exist.java:20)
	at iam.USER_Delete_users.TC_11_delete_user_not_exist.deleteUserbyID1(TC_11_delete_user_not_exist.java:20)
	at iam.USER_Delete_users.TC_11_delete_user_not_exist.deleteUserbyID1(TC_11_delete_user_not_exist.java:20)
	at iam.USER_Delete_users.TC_11_delete_user_not_exist.deleteUserbyID1(TC_11_delete_user_not_exist.java:20)
	at iam.USER_Delete_users.TC_11_delete_user_not_exist.deleteUserbyID1(TC_11_delete_user_not_exist.java:20)
	at iam.USER_Delete_users.TC_11_delete_user_not_exist.deleteUserbyID1(TC_11_delete_user_not_exist.java:20)
	at iam.USER_Delete_users.TC_11_delete_user_not_exist.deleteUserbyID1(TC_11_delete_user_not_exist.java:20)
	at iam.USER_Delete_users.TC_11_delete_user_not_exist.deleteUserbyID1(TC_11_delete_user_not_exist.java:20)
	at iam.USER_Delete_users.TC_11_delete_user_not_exist.deleteUserbyID1(TC_11_delete_user_not_exist.java:20)
	at iam.USER_Delete_users.TC_11_delete_user_not_exist.deleteUserbyID1(TC_11_delete_user_not_exist.java:20)
	at iam.USER_Delete_users.TC_11_delete_user_not_exist.deleteUserbyID1(TC_11_delete_user_not_exist.java:20)
	at iam.USER_Delete_users.TC_11_delete_user_not_exist.deleteUserbyID1(TC_11_delete_user_not_exist.java:20)
	at iam.USER_Delete_users.TC_11_delete_user_not_exist.deleteUserbyID1(TC_11_delete_user_not_exist.java:20)
	at iam.USER_Delete_users.TC_11_delete_user_not_exist.deleteUserbyID1(TC_11_delete_user_not_exist.java:20)
	at iam.USER_Delete_users.TC_11_delete_user_not_exist.deleteUserbyID1(TC_11_delete_user_not_exist.java:20)
	at iam.USER_Delete_users.TC_11_delete_user_not_exist.deleteUserbyID1(TC_11_delete_user_not_exist.java:20)
	at iam.USER_Delete_users.TC_11_delete_user_not_exist.deleteUserbyID1(TC_11_delete_user_not_exist.java:20)
	at iam.USER_Delete_users.TC_11_delete_user_not_exist.deleteUserbyID1(TC_11_delete_user_not_exist.java:20)
	at iam.USER_Delete_users.TC_11_delete_user_not_exist.deleteUserbyID1(TC_11_delete_user_not_exist.java:20)
	at iam.USER_Delete_users.TC_11_delete_user_not_exist.deleteUserbyID1(TC_11_delete_user_not_exist.java:20)
	at iam.USER_Delete_users.TC_11_delete_user_not_exist.deleteUserbyID1(TC_11_delete_user_not_exist.java:20)
	at iam.USER_Delete_users.TC_11_delete_user_not_exist.deleteUserbyID1(TC_11_delete_user_not_exist.java:20)
	at iam.USER_Delete_users.TC_11_delete_user_not_exist.deleteUserbyID1(TC_11_delete_user_not_exist.java:20)
	at iam.USER_Delete_users.TC_11_delete_user_not_exist.deleteUserbyID1(TC_11_delete_user_not_exist.java:20)
	at iam.USER_Delete_users.TC_11_delete_user_not_exist.deleteUserbyID1(TC_11_delete_user_not_exist.java:20)
	at iam.USER_Delete_users.TC_11_delete_user_not_exist.deleteUserbyID1(TC_11_delete_user_not_exist.java:20)
	at iam.USER_Delete_users.TC_11_delete_user_not_exist.deleteUserbyID1(TC_11_delete_user_not_exist.java:20)
	at iam.USER_Delete_users.TC_11_delete_user_not_exist.deleteUserbyID1(TC_11_delete_user_not_exist.java:20)
	at iam.USER_Delete_users.TC_11_delete_user_not_exist.deleteUserbyID1(TC_11_delete_user_not_exist.java:20)
	at iam.USER_Delete_users.TC_11_delete_user_not_exist.deleteUserbyID1(TC_11_delete_user_not_exist.java:20)
	at iam.USER_Delete_users.TC_11_delete_user_not_exist.deleteUserbyID1(TC_11_delete_user_not_exist.java:20)
	at iam.USER_Delete_users.TC_11_delete_user_not_exist.deleteUserbyID1(TC_11_delete_user_not_exist.java:20)
	at iam.USER_Delete_users.TC_11_delete_user_not_exist.deleteUserbyID1(TC_11_delete_user_not_exist.java:20)
	at iam.USER_Delete_users.TC_11_delete_user_not_exist.deleteUserbyID1(TC_11_delete_user_not_exist.java:20)
	at iam.USER_Delete_users.TC_11_delete_user_not_exist.deleteUserbyID1(TC_11_delete_user_not_exist.java:20)
	at iam.USER_Delete_users.TC_11_delete_user_not_exist.deleteUserbyID1(TC_11_delete_user_not_exist.java:20)
	at iam.USER_Delete_users.TC_11_delete_user_not_exist.deleteUserbyID1(TC_11_delete_user_not_exist.java:20)
	at iam.USER_Delete_users.TC_11_delete_user_not_exist.deleteUserbyID1(TC_11_delete_user_not_exist.java:20)
	at iam.USER_Delete_users.TC_11_delete_user_not_exist.deleteUserbyID1(TC_11_delete_user_not_exist.java:20)
	at iam.USER_Delete_users.TC_11_delete_user_not_exist.deleteUserbyID1(TC_11_delete_user_not_exist.java:20)
	at iam.USER_Delete_users.TC_11_delete_user_not_exist.deleteUserbyID1(TC_11_delete_user_not_exist.java:20)
	at iam.USER_Delete_users.TC_11_delete_user_not_exist.deleteUserbyID1(TC_11_delete_user_not_exist.java:20)
	at iam.USER_Delete_users.TC_11_delete_user_not_exist.deleteUserbyID1(TC_11_delete_user_not_exist.java:20)
	at iam.USER_Delete_users.TC_11_delete_user_not_exist.deleteUserbyID1(TC_11_delete_user_not_exist.java:20)
	at iam.USER_Delete_users.TC_11_delete_user_not_exist.deleteUserbyID1(TC_11_delete_user_not_exist.java:20)
	at iam.USER_Delete_users.TC_11_delete_user_not_exist.deleteUserbyID1(TC_11_delete_user_not_exist.java:20)
	at iam.USER_Delete_users.TC_11_delete_user_not_exist.deleteUserbyID1(TC_11_delete_user_not_exist.java:20)
	at iam.USER_Delete_users.TC_11_delete_user_not_exist.deleteUserbyID1(TC_11_delete_user_not_exist.java:20)
	at iam.USER_Delete_users.TC_11_delete_user_not_exist.deleteUserbyID1(TC_11_delete_user_not_exist.java:20)
	at iam.USER_Delete_users.TC_11_delete_user_not_exist.deleteUserbyID1(TC_11_delete_user_not_exist.java:20)
	at iam.USER_Delete_users.TC_11_delete_user_not_exist.deleteUserbyID1(TC_11_delete_user_not_exist.java:20)
	at iam.USER_Delete_users.TC_11_delete_user_not_exist.deleteUserbyID1(TC_11_delete_user_not_exist.java:20)
	at iam.USER_Delete_users.TC_11_delete_user_not_exist.deleteUserbyID1(TC_11_delete_user_not_exist.java:20)
	at iam.USER_Delete_users.TC_11_delete_user_not_exist.deleteUserbyID1(TC_11_delete_user_not_exist.java:20)
	at iam.USER_Delete_users.TC_11_delete_user_not_exist.deleteUserbyID1(TC_11_delete_user_not_exist.java:20)
	at iam.USER_Delete_users.TC_11_delete_user_not_exist.deleteUserbyID1(TC_11_delete_user_not_exist.java:20)
	at iam.USER_Delete_users.TC_11_delete_user_not_exist.deleteUserbyID1(TC_11_delete_user_not_exist.java:20)
	at iam.USER_Delete_users.TC_11_delete_user_not_exist.deleteUserbyID1(TC_11_delete_user_not_exist.java:20)
	at iam.USER_Delete_users.TC_11_delete_user_not_exist.deleteUserbyID1(TC_11_delete_user_not_exist.java:20)
	at iam.USER_Delete_users.TC_11_delete_user_not_exist.deleteUserbyID1(TC_11_delete_user_not_exist.java:20)
	at iam.USER_Delete_users.TC_11_delete_user_not_exist.deleteUserbyID1(TC_11_delete_user_not_exist.java:20)
	at iam.USER_Delete_users.TC_11_delete_user_not_exist.deleteUserbyID1(TC_11_delete_user_not_exist.java:20)
	at iam.USER_Delete_users.TC_11_delete_user_not_exist.deleteUserbyID1(TC_11_delete_user_not_exist.java:20)
	at iam.USER_Delete_users.TC_11_delete_user_not_exist.deleteUserbyID1(TC_11_delete_user_not_exist.java:20)
	at iam.USER_Delete_users.TC_11_delete_user_not_exist.deleteUserbyID1(TC_11_delete_user_not_exist.java:20)
	at iam.USER_Delete_users.TC_11_delete_user_not_exist.deleteUserbyID1(TC_11_delete_user_not_exist.java:20)
	at iam.USER_Delete_users.TC_11_delete_user_not_exist.deleteUserbyID1(TC_11_delete_user_not_exist.java:20)
	at iam.USER_Delete_users.TC_11_delete_user_not_exist.deleteUserbyID1(TC_11_delete_user_not_exist.java:20)
	at iam.USER_Delete_users.TC_11_delete_user_not_exist.deleteUserbyID1(TC_11_delete_user_not_exist.java:20)
	at iam.USER_Delete_users.TC_11_delete_user_not_exist.deleteUserbyID1(TC_11_delete_user_not_exist.java:20)
	at iam.USER_Delete_users.TC_11_delete_user_not_exist.deleteUserbyID1(TC_11_delete_user_not_exist.java:20)
	at iam.USER_Delete_users.TC_11_delete_user_not_exist.deleteUserbyID1(TC_11_delete_user_not_exist.java:20)
	at iam.USER_Delete_users.TC_11_delete_user_not_exist.deleteUserbyID1(TC_11_delete_user_not_exist.java:20)
	at iam.USER_Delete_users.TC_11_delete_user_not_exist.deleteUserbyID1(TC_11_delete_user_not_exist.java:20)
	at iam.USER_Delete_users.TC_11_delete_user_not_exist.deleteUserbyID1(TC_11_delete_user_not_exist.java:20)
	at iam.USER_Delete_users.TC_11_delete_user_not_exist.deleteUserbyID1(TC_11_delete_user_not_exist.java:20)
	at iam.USER_Delete_users.TC_11_delete_user_not_exist.deleteUserbyID1(TC_11_delete_user_not_exist.java:20)
	at iam.USER_Delete_users.TC_11_delete_user_not_exist.deleteUserbyID1(TC_11_delete_user_not_exist.java:20)
	at iam.USER_Delete_users.TC_11_delete_user_not_exist.deleteUserbyID1(TC_11_delete_user_not_exist.java:20)
	at iam.USER_Delete_users.TC_11_delete_user_not_exist.deleteUserbyID1(TC_11_delete_user_not_exist.java:20)
	at iam.USER_Delete_users.TC_11_delete_user_not_exist.deleteUserbyID1(TC_11_delete_user_not_exist.java:20)
	at iam.USER_Delete_users.TC_11_delete_user_not_exist.deleteUserbyID1(TC_11_delete_user_not_exist.java:20)
	at iam.USER_Delete_users.TC_11_delete_user_not_exist.deleteUserbyID1(TC_11_delete_user_not_exist.java:20)
	at iam.USER_Delete_users.TC_11_delete_user_not_exist.deleteUserbyID1(TC_11_delete_user_not_exist.java:20)
	at iam.USER_Delete_users.TC_11_delete_user_not_exist.deleteUserbyID1(TC_11_delete_user_not_exist.java:20)
	at iam.USER_Delete_users.TC_11_delete_user_not_exist.deleteUserbyID1(TC_11_delete_user_not_exist.java:20)
	at iam.USER_Delete_users.TC_11_delete_user_not_exist.deleteUserbyID1(TC_11_delete_user_not_exist.java:20)
	at iam.USER_Delete_users.TC_11_delete_user_not_exist.deleteUserbyID1(TC_11_delete_user_not_exist.java:20)
	at iam.USER_Delete_users.TC_11_delete_user_not_exist.deleteUserbyID1(TC_11_delete_user_not_exist.java:20)
	at iam.USER_Delete_users.TC_11_delete_user_not_exist.deleteUserbyID1(TC_11_delete_user_not_exist.java:20)
	at iam.USER_Delete_users.TC_11_delete_user_not_exist.deleteUserbyID1(TC_11_delete_user_not_exist.java:20)
	at iam.USER_Delete_users.TC_11_delete_user_not_exist.deleteUserbyID1(TC_11_delete_user_not_exist.java:20)
	at iam.USER_Delete_users.TC_11_delete_user_not_exist.deleteUserbyID1(TC_11_delete_user_not_exist.java:20)
	at iam.USER_Delete_users.TC_11_delete_user_not_exist.deleteUserbyID1(TC_11_delete_user_not_exist.java:20)
	at iam.USER_Delete_users.TC_11_delete_user_not_exist.deleteUserbyID1(TC_11_delete_user_not_exist.java:20)
	at iam.USER_Delete_users.TC_11_delete_user_not_exist.deleteUserbyID1(TC_11_delete_user_not_exist.java:20)
	at iam.USER_Delete_users.TC_11_delete_user_not_exist.deleteUserbyID1(TC_11_delete_user_not_exist.java:20)
	at iam.USER_Delete_users.TC_11_delete_user_not_exist.deleteUserbyID1(TC_11_delete_user_not_exist.java:20)
	at iam.USER_Delete_users.TC_11_delete_user_not_exist.deleteUserbyID1(TC_11_delete_user_not_exist.java:20)
	at iam.USER_Delete_users.TC_11_delete_user_not_exist.deleteUserbyID1(TC_11_delete_user_not_exist.java:20)
	at iam.USER_Delete_users.TC_11_delete_user_not_exist.deleteUserbyID1(TC_11_delete_user_not_exist.java:20)
	at iam.USER_Delete_users.TC_11_delete_user_not_exist.deleteUserbyID1(TC_11_delete_user_not_exist.java:20)
	at iam.USER_Delete_users.TC_11_delete_user_not_exist.deleteUserbyID1(TC_11_delete_user_not_exist.java:20)
	at iam.USER_Delete_users.TC_11_delete_user_not_exist.deleteUserbyID1(TC_11_delete_user_not_exist.java:20)
	at iam.USER_Delete_users.TC_11_delete_user_not_exist.deleteUserbyID1(TC_11_delete_user_not_exist.java:20)
	at iam.USER_Delete_users.TC_11_delete_user_not_exist.deleteUserbyID1(TC_11_delete_user_not_exist.java:20)
	at iam.USER_Delete_users.TC_11_delete_user_not_exist.deleteUserbyID1(TC_11_delete_user_not_exist.java:20)
	at iam.USER_Delete_users.TC_11_delete_user_not_exist.deleteUserbyID1(TC_11_delete_user_not_exist.java:20)
	at iam.USER_Delete_users.TC_11_delete_user_not_exist.deleteUserbyID1(TC_11_delete_user_not_exist.java:20)
	at iam.USER_Delete_users.TC_11_delete_user_not_exist.deleteUserbyID1(TC_11_delete_user_not_exist.java:20)
	at iam.USER_Delete_users.TC_11_delete_user_not_exist.deleteUserbyID1(TC_11_delete_user_not_exist.java:20)
	at iam.USER_Delete_users.TC_11_delete_user_not_exist.deleteUserbyID1(TC_11_delete_user_not_exist.java:20)
	at iam.USER_Delete_users.TC_11_delete_user_not_exist.deleteUserbyID1(TC_11_delete_user_not_exist.java:20)
	at iam.USER_Delete_users.TC_11_delete_user_not_exist.deleteUserbyID1(TC_11_delete_user_not_exist.java:20)
	at iam.USER_Delete_users.TC_11_delete_user_not_exist.deleteUserbyID1(TC_11_delete_user_not_exist.java:20)
[...]
	at iam.USER_Delete_users.TC_11_delete_user_not_exist.deleteUserbyID1(TC_11_delete_user_not_exist.java:20)
	at iam.USER_Delete_users.TC_11_delete_user_not_exist.deleteUserbyID1(TC_11_delete_user_not_exist.java:20)
	at iam.USER_Delete_users.TC_11_delete_user_not_exist.deleteUserbyID1(TC_11_delete_user_not_exist.java:20)
	at iam.USER_Delete_users.TC_11_delete_user_not_exist.deleteUserbyID1(TC_11_delete_user_not_exist.java:20)
	at iam.USER_Delete_users.TC_11_delete_user_not_exist.deleteUserbyID1(TC_11_delete_user_not_exist.java:20)
	at iam.USER_Delete_users.TC_11_delete_user_not_exist.deleteUserbyID1(TC_11_delete_user_not_exist.java:20)
	at iam.USER_Delete_users.TC_11_delete_user_not_exist.deleteUserbyID1(TC_11_delete_user_not_exist.java:20)
	at iam.USER_Delete_users.TC_11_delete_user_not_exist.deleteUserbyID1(TC_11_delete_user_not_exist.java:20)
	at iam.USER_Delete_users.TC_11_delete_user_not_exist.deleteUserbyID1(TC_11_delete_user_not_exist.java:20)
	at iam.USER_Delete_users.TC_11_delete_user_not_exist.deleteUserbyID1(TC_11_delete_user_not_exist.java:20)
	at iam.USER_Delete_users.TC_11_delete_user_not_exist.deleteUserbyID1(TC_11_delete_user_not_exist.java:20)
	at iam.USER_Delete_users.TC_11_delete_user_not_exist.deleteUserbyID1(TC_11_delete_user_not_exist.java:20)
	at iam.USER_Delete_users.TC_11_delete_user_not_exist.deleteUserbyID1(TC_11_delete_user_not_exist.java:20)
	at iam.USER_Delete_users.TC_11_delete_user_not_exist.deleteUserbyID1(TC_11_delete_user_not_exist.java:20)
	at iam.USER_Delete_users.TC_11_delete_user_not_exist.deleteUserbyID1(TC_11_delete_user_not_exist.java:20)
	at iam.USER_Delete_users.TC_11_delete_user_not_exist.deleteUserbyID1(TC_11_delete_user_not_exist.java:20)
	at iam.USER_Delete_users.TC_11_delete_user_not_exist.deleteUserbyID1(TC_11_delete_user_not_exist.java:20)
	at iam.USER_Delete_users.TC_11_delete_user_not_exist.deleteUserbyID1(TC_11_delete_user_not_exist.java:20)
	at iam.USER_Delete_users.TC_11_delete_user_not_exist.deleteUserbyID1(TC_11_delete_user_not_exist.java:20)
	at iam.USER_Delete_users.TC_11_delete_user_not_exist.deleteUserbyID1(TC_11_delete_user_not_exist.java:20)
	at iam.USER_Delete_users.TC_11_delete_user_not_exist.deleteUserbyID1(TC_11_delete_user_not_exist.java:20)
	at iam.USER_Delete_users.TC_11_delete_user_not_exist.deleteUserbyID1(TC_11_delete_user_not_exist.java:20)
	at iam.USER_Delete_users.TC_11_delete_user_not_exist.deleteUserbyID1(TC_11_delete_user_not_exist.java:20)
	at iam.USER_Delete_users.TC_11_delete_user_not_exist.deleteUserbyID1(TC_11_delete_user_not_exist.java:20)
	at iam.USER_Delete_users.TC_11_delete_user_not_exist.deleteUserbyID1(TC_11_delete_user_not_exist.java:20)
	at iam.USER_Delete_users.TC_11_delete_user_not_exist.deleteUserbyID1(TC_11_delete_user_not_exist.java:20)
	at iam.USER_Delete_users.TC_11_delete_user_not_exist.deleteUserbyID1(TC_11_delete_user_not_exist.java:20)
	at iam.USER_Delete_users.TC_11_delete_user_not_exist.deleteUserbyID1(TC_11_delete_user_not_exist.java:20)
	at iam.USER_Delete_users.TC_11_delete_user_not_exist.deleteUserbyID1(TC_11_delete_user_not_exist.java:20)
	at iam.USER_Delete_users.TC_11_delete_user_not_exist.deleteUserbyID1(TC_11_delete_user_not_exist.java:20)
	at iam.USER_Delete_users.TC_11_delete_user_not_exist.deleteUserbyID1(TC_11_delete_user_not_exist.java:20)
	at iam.USER_Delete_users.TC_11_delete_user_not_exist.deleteUserbyID1(TC_11_delete_user_not_exist.java:20)
	at iam.USER_Delete_users.TC_11_delete_user_not_exist.deleteUserbyID1(TC_11_delete_user_not_exist.java:20)
	at iam.USER_Delete_users.TC_11_delete_user_not_exist.deleteUserbyID1(TC_11_delete_user_not_exist.java:20)
	at iam.USER_Delete_users.TC_11_delete_user_not_exist.deleteUserbyID1(TC_11_delete_user_not_exist.java:20)
	at iam.USER_Delete_users.TC_11_delete_user_not_exist.deleteUserbyID1(TC_11_delete_user_not_exist.java:20)
	at iam.USER_Delete_users.TC_11_delete_user_not_exist.deleteUserbyID1(TC_11_delete_user_not_exist.java:20)
	at iam.USER_Delete_users.TC_11_delete_user_not_exist.deleteUserbyID1(TC_11_delete_user_not_exist.java:20)
	at iam.USER_Delete_users.TC_11_delete_user_not_exist.deleteUserbyID1(TC_11_delete_user_not_exist.java:20)
	at iam.USER_Delete_users.TC_11_delete_user_not_exist.deleteUserbyID1(TC_11_delete_user_not_exist.java:20)
	at iam.USER_Delete_users.TC_11_delete_user_not_exist.deleteUserbyID1(TC_11_delete_user_not_exist.java:20)
	at iam.USER_Delete_users.TC_11_delete_user_not_exist.deleteUserbyID1(TC_11_delete_user_not_exist.java:20)
	at iam.USER_Delete_users.TC_11_delete_user_not_exist.deleteUserbyID1(TC_11_delete_user_not_exist.java:20)
	at iam.USER_Delete_users.TC_11_delete_user_not_exist.deleteUserbyID1(TC_11_delete_user_not_exist.java:20)
	at iam.USER_Delete_users.TC_11_delete_user_not_exist.deleteUserbyID1(TC_11_delete_user_not_exist.java:20)
	at iam.USER_Delete_users.TC_11_delete_user_not_exist.deleteUserbyID1(TC_11_delete_user_not_exist.java:20)
	at iam.USER_Delete_users.TC_11_delete_user_not_exist.deleteUserbyID1(TC_11_delete_user_not_exist.java:20)
	at iam.USER_Delete_users.TC_11_delete_user_not_exist.deleteUserbyID1(TC_11_delete_user_not_exist.java:20)
	at iam.USER_Delete_users.TC_11_delete_user_not_exist.deleteUserbyID1(TC_11_delete_user_not_exist.java:20)
	at iam.USER_Delete_users.TC_11_delete_user_not_exist.deleteUserbyID1(TC_11_delete_user_not_exist.java:20)
	at iam.USER_Delete_users.TC_11_delete_user_not_exist.deleteUserbyID1(TC_11_delete_user_not_exist.java:20)
	at iam.USER_Delete_users.TC_11_delete_user_not_exist.deleteUserbyID1(TC_11_delete_user_not_exist.java:20)
	at iam.USER_Delete_users.TC_11_delete_user_not_exist.deleteUserbyID1(TC_11_delete_user_not_exist.java:20)
	at iam.USER_Delete_users.TC_11_delete_user_not_exist.deleteUserbyID1(TC_11_delete_user_not_exist.java:20)
	at iam.USER_Delete_users.TC_11_delete_user_not_exist.deleteUserbyID1(TC_11_delete_user_not_exist.java:20)
	at iam.USER_Delete_users.TC_11_delete_user_not_exist.deleteUserbyID1(TC_11_delete_user_not_exist.java:20)
	at iam.USER_Delete_users.TC_11_delete_user_not_exist.deleteUserbyID1(TC_11_delete_user_not_exist.java:20)
	at iam.USER_Delete_users.TC_11_delete_user_not_exist.deleteUserbyID1(TC_11_delete_user_not_exist.java:20)
	at iam.USER_Delete_users.TC_11_delete_user_not_exist.deleteUserbyID1(TC_11_delete_user_not_exist.java:20)
	at iam.USER_Delete_users.TC_11_delete_user_not_exist.deleteUserbyID1(TC_11_delete_user_not_exist.java:20)
	at iam.USER_Delete_users.TC_11_delete_user_not_exist.deleteUserbyID1(TC_11_delete_user_not_exist.java:20)
	at iam.USER_Delete_users.TC_11_delete_user_not_exist.deleteUserbyID1(TC_11_delete_user_not_exist.java:20)
	at iam.USER_Delete_users.TC_11_delete_user_not_exist.deleteUserbyID1(TC_11_delete_user_not_exist.java:20)
	at iam.USER_Delete_users.TC_11_delete_user_not_exist.deleteUserbyID1(TC_11_delete_user_not_exist.java:20)
	at iam.USER_Delete_users.TC_11_delete_user_not_exist.deleteUserbyID1(TC_11_delete_user_not_exist.java:20)
	at iam.USER_Delete_users.TC_11_delete_user_not_exist.deleteUserbyID1(TC_11_delete_user_not_exist.java:20)
	at iam.USER_Delete_users.TC_11_delete_user_not_exist.deleteUserbyID1(TC_11_delete_user_not_exist.java:20)
	at iam.USER_Delete_users.TC_11_delete_user_not_exist.deleteUserbyID1(TC_11_delete_user_not_exist.java:20)
	at iam.USER_Delete_users.TC_11_delete_user_not_exist.deleteUserbyID1(TC_11_delete_user_not_exist.java:20)
	at iam.USER_Delete_users.TC_11_delete_user_not_exist.deleteUserbyID1(TC_11_delete_user_not_exist.java:20)
	at iam.USER_Delete_users.TC_11_delete_user_not_exist.deleteUserbyID1(TC_11_delete_user_not_exist.java:20)
	at iam.USER_Delete_users.TC_11_delete_user_not_exist.deleteUserbyID1(TC_11_delete_user_not_exist.java:20)
	at iam.USER_Delete_users.TC_11_delete_user_not_exist.deleteUserbyID1(TC_11_delete_user_not_exist.java:20)
	at iam.USER_Delete_users.TC_11_delete_user_not_exist.deleteUserbyID1(TC_11_delete_user_not_exist.java:20)
	at iam.USER_Delete_users.TC_11_delete_user_not_exist.deleteUserbyID1(TC_11_delete_user_not_exist.java:20)
	at iam.USER_Delete_users.TC_11_delete_user_not_exist.deleteUserbyID1(TC_11_delete_user_not_exist.java:20)
	at iam.USER_Delete_users.TC_11_delete_user_not_exist.deleteUserbyID1(TC_11_delete_user_not_exist.java:20)
	at iam.USER_Delete_users.TC_11_delete_user_not_exist.deleteUserbyID1(TC_11_delete_user_not_exist.java:20)
	at iam.USER_Delete_users.TC_11_delete_user_not_exist.deleteUserbyID1(TC_11_delete_user_not_exist.java:20)
	at iam.USER_Delete_users.TC_11_delete_user_not_exist.deleteUserbyID1(TC_11_delete_user_not_exist.java:20)
	at iam.USER_Delete_users.TC_11_delete_user_not_exist.deleteUserbyID1(TC_11_delete_user_not_exist.java:20)
	at iam.USER_Delete_users.TC_11_delete_user_not_exist.deleteUserbyID1(TC_11_delete_user_not_exist.java:20)
	at iam.USER_Delete_users.TC_11_delete_user_not_exist.deleteUserbyID1(TC_11_delete_user_not_exist.java:20)
	at iam.USER_Delete_users.TC_11_delete_user_not_exist.deleteUserbyID1(TC_11_delete_user_not_exist.java:20)
	at iam.USER_Delete_users.TC_11_delete_user_not_exist.deleteUserbyID1(TC_11_delete_user_not_exist.java:20)
	at iam.USER_Delete_users.TC_11_delete_user_not_exist.deleteUserbyID1(TC_11_delete_user_not_exist.java:20)
	at iam.USER_Delete_users.TC_11_delete_user_not_exist.deleteUserbyID1(TC_11_delete_user_not_exist.java:20)
	at iam.USER_Delete_users.TC_11_delete_user_not_exist.deleteUserbyID1(TC_11_delete_user_not_exist.java:20)
	at iam.USER_Delete_users.TC_11_delete_user_not_exist.deleteUserbyID1(TC_11_delete_user_not_exist.java:20)
	at iam.USER_Delete_users.TC_11_delete_user_not_exist.deleteUserbyID1(TC_11_delete_user_not_exist.java:20)
	at iam.USER_Delete_users.TC_11_delete_user_not_exist.deleteUserbyID1(TC_11_delete_user_not_exist.java:20)
	at iam.USER_Delete_users.TC_11_delete_user_not_exist.deleteUserbyID1(TC_11_delete_user_not_exist.java:20)
	at iam.USER_Delete_users.TC_11_delete_user_not_exist.deleteUserbyID1(TC_11_delete_user_not_exist.java:20)
	at iam.USER_Delete_users.TC_11_delete_user_not_exist.deleteUserbyID1(TC_11_delete_user_not_exist.java:20)
	at iam.USER_Delete_users.TC_11_delete_user_not_exist.deleteUserbyID1(TC_11_delete_user_not_exist.java:20)
	at iam.USER_Delete_users.TC_11_delete_user_not_exist.deleteUserbyID1(TC_11_delete_user_not_exist.java:20)
	at iam.USER_Delete_users.TC_11_delete_user_not_exist.deleteUserbyID1(TC_11_delete_user_not_exist.java:20)
	at iam.USER_Delete_users.TC_11_delete_user_not_exist.deleteUserbyID1(TC_11_delete_user_not_exist.java:20)
	at iam.USER_Delete_users.TC_11_delete_user_not_exist.deleteUserbyID1(TC_11_delete_user_not_exist.java:20)
	at iam.USER_Delete_users.TC_11_delete_user_not_exist.deleteUserbyID1(TC_11_delete_user_not_exist.java:20)
	at iam.USER_Delete_users.TC_11_delete_user_not_exist.deleteUserbyID1(TC_11_delete_user_not_exist.java:20)
	at iam.USER_Delete_users.TC_11_delete_user_not_exist.deleteUserbyID1(TC_11_delete_user_not_exist.java:20)
	at iam.USER_Delete_users.TC_11_delete_user_not_exist.deleteUserbyID1(TC_11_delete_user_not_exist.java:20)
	at iam.USER_Delete_users.TC_11_delete_user_not_exist.deleteUserbyID1(TC_11_delete_user_not_exist.java:20)
	at iam.USER_Delete_users.TC_11_delete_user_not_exist.deleteUserbyID1(TC_11_delete_user_not_exist.java:20)
	at iam.USER_Delete_users.TC_11_delete_user_not_exist.deleteUserbyID1(TC_11_delete_user_not_exist.java:20)
	at iam.USER_Delete_users.TC_11_delete_user_not_exist.deleteUserbyID1(TC_11_delete_user_not_exist.java:20)
	at iam.USER_Delete_users.TC_11_delete_user_not_exist.deleteUserbyID1(TC_11_delete_user_not_exist.java:20)
	at iam.USER_Delete_users.TC_11_delete_user_not_exist.deleteUserbyID1(TC_11_delete_user_not_exist.java:20)
	at iam.USER_Delete_users.TC_11_delete_user_not_exist.deleteUserbyID1(TC_11_delete_user_not_exist.java:20)
	at iam.USER_Delete_users.TC_11_delete_user_not_exist.deleteUserbyID1(TC_11_delete_user_not_exist.java:20)
	at iam.USER_Delete_users.TC_11_delete_user_not_exist.deleteUserbyID1(TC_11_delete_user_not_exist.java:20)
	at iam.USER_Delete_users.TC_11_delete_user_not_exist.deleteUserbyID1(TC_11_delete_user_not_exist.java:20)
	at iam.USER_Delete_users.TC_11_delete_user_not_exist.deleteUserbyID1(TC_11_delete_user_not_exist.java:20)
	at iam.USER_Delete_users.TC_11_delete_user_not_exist.deleteUserbyID1(TC_11_delete_user_not_exist.java:20)
	at iam.USER_Delete_users.TC_11_delete_user_not_exist.deleteUserbyID1(TC_11_delete_user_not_exist.java:20)
	at iam.USER_Delete_users.TC_11_delete_user_not_exist.deleteUserbyID1(TC_11_delete_user_not_exist.java:20)
	at iam.USER_Delete_users.TC_11_delete_user_not_exist.deleteUserbyID1(TC_11_delete_user_not_exist.java:20)
	at iam.USER_Delete_users.TC_11_delete_user_not_exist.deleteUserbyID1(TC_11_delete_user_not_exist.java:20)
	at iam.USER_Delete_users.TC_11_delete_user_not_exist.deleteUserbyID1(TC_11_delete_user_not_exist.java:20)
	at iam.USER_Delete_users.TC_11_delete_user_not_exist.deleteUserbyID1(TC_11_delete_user_not_exist.java:20)
	at iam.USER_Delete_users.TC_11_delete_user_not_exist.deleteUserbyID1(TC_11_delete_user_not_exist.java:20)
	at iam.USER_Delete_users.TC_11_delete_user_not_exist.deleteUserbyID1(TC_11_delete_user_not_exist.java:20)
	at iam.USER_Delete_users.TC_11_delete_user_not_exist.deleteUserbyID1(TC_11_delete_user_not_exist.java:20)
	at iam.USER_Delete_users.TC_11_delete_user_not_exist.deleteUserbyID1(TC_11_delete_user_not_exist.java:20)
	at iam.USER_Delete_users.TC_11_delete_user_not_exist.deleteUserbyID1(TC_11_delete_user_not_exist.java:20)
	at iam.USER_Delete_users.TC_11_delete_user_not_exist.deleteUserbyID1(TC_11_delete_user_not_exist.java:20)
	at iam.USER_Delete_users.TC_11_delete_user_not_exist.deleteUserbyID1(TC_11_delete_user_not_exist.java:20)
	at iam.USER_Delete_users.TC_11_delete_user_not_exist.deleteUserbyID1(TC_11_delete_user_not_exist.java:20)
	at iam.USER_Delete_users.TC_11_delete_user_not_exist.deleteUserbyID1(TC_11_delete_user_not_exist.java:20)
	at iam.USER_Delete_users.TC_11_delete_user_not_exist.deleteUserbyID1(TC_11_delete_user_not_exist.java:20)
	at iam.USER_Delete_users.TC_11_delete_user_not_exist.deleteUserbyID1(TC_11_delete_user_not_exist.java:20)
	at iam.USER_Delete_users.TC_11_delete_user_not_exist.deleteUserbyID1(TC_11_delete_user_not_exist.java:20)
	at iam.USER_Delete_users.TC_11_delete_user_not_exist.deleteUserbyID1(TC_11_delete_user_not_exist.java:20)
	at iam.USER_Delete_users.TC_11_delete_user_not_exist.deleteUserbyID1(TC_11_delete_user_not_exist.java:20)
	at iam.USER_Delete_users.TC_11_delete_user_not_exist.deleteUserbyID1(TC_11_delete_user_not_exist.java:20)
	at iam.USER_Delete_users.TC_11_delete_user_not_exist.deleteUserbyID1(TC_11_delete_user_not_exist.java:20)
	at iam.USER_Delete_users.TC_11_delete_user_not_exist.deleteUserbyID1(TC_11_delete_user_not_exist.java:20)
	at iam.USER_Delete_users.TC_11_delete_user_not_exist.deleteUserbyID1(TC_11_delete_user_not_exist.java:20)
	at iam.USER_Delete_users.TC_11_delete_user_not_exist.deleteUserbyID1(TC_11_delete_user_not_exist.java:20)
	at iam.USER_Delete_users.TC_11_delete_user_not_exist.deleteUserbyID1(TC_11_delete_user_not_exist.java:20)
	at iam.USER_Delete_users.TC_11_delete_user_not_exist.deleteUserbyID1(TC_11_delete_user_not_exist.java:20)
	at iam.USER_Delete_users.TC_11_delete_user_not_exist.deleteUserbyID1(TC_11_delete_user_not_exist.java:20)
	at iam.USER_Delete_users.TC_11_delete_user_not_exist.deleteUserbyID1(TC_11_delete_user_not_exist.java:20)
	at iam.USER_Delete_users.TC_11_delete_user_not_exist.deleteUserbyID1(TC_11_delete_user_not_exist.java:20)
	at iam.USER_Delete_users.TC_11_delete_user_not_exist.deleteUserbyID1(TC_11_delete_user_not_exist.java:20)
	at iam.USER_Delete_users.TC_11_delete_user_not_exist.deleteUserbyID1(TC_11_delete_user_not_exist.java:20)
	at iam.USER_Delete_users.TC_11_delete_user_not_exist.deleteUserbyID1(TC_11_delete_user_not_exist.java:20)
	at iam.USER_Delete_users.TC_11_delete_user_not_exist.deleteUserbyID1(TC_11_delete_user_not_exist.java:20)
	at iam.USER_Delete_users.TC_11_delete_user_not_exist.deleteUserbyID1(TC_11_delete_user_not_exist.java:20)
	at iam.USER_Delete_users.TC_11_delete_user_not_exist.deleteUserbyID1(TC_11_delete_user_not_exist.java:20)
	at iam.USER_Delete_users.TC_11_delete_user_not_exist.deleteUserbyID1(TC_11_delete_user_not_exist.java:20)
	at iam.USER_Delete_users.TC_11_delete_user_not_exist.deleteUserbyID1(TC_11_delete_user_not_exist.java:20)
	at iam.USER_Delete_users.TC_11_delete_user_not_exist.deleteUserbyID1(TC_11_delete_user_not_exist.java:20)
	at iam.USER_Delete_users.TC_11_delete_user_not_exist.deleteUserbyID1(TC_11_delete_user_not_exist.java:20)
	at iam.USER_Delete_users.TC_11_delete_user_not_exist.deleteUserbyID1(TC_11_delete_user_not_exist.java:20)
	at iam.USER_Delete_users.TC_11_delete_user_not_exist.deleteUserbyID1(TC_11_delete_user_not_exist.java:20)
	at iam.USER_Delete_users.TC_11_delete_user_not_exist.deleteUserbyID1(TC_11_delete_user_not_exist.java:20)
	at iam.USER_Delete_users.TC_11_delete_user_not_exist.deleteUserbyID1(TC_11_delete_user_not_exist.java:20)
	at iam.USER_Delete_users.TC_11_delete_user_not_exist.deleteUserbyID1(TC_11_delete_user_not_exist.java:20)
	at iam.USER_Delete_users.TC_11_delete_user_not_exist.deleteUserbyID1(TC_11_delete_user_not_exist.java:20)
	at iam.USER_Delete_users.TC_11_delete_user_not_exist.deleteUserbyID1(TC_11_delete_user_not_exist.java:20)
	at iam.USER_Delete_users.TC_11_delete_user_not_exist.deleteUserbyID1(TC_11_delete_user_not_exist.java:20)
	at iam.USER_Delete_users.TC_11_delete_user_not_exist.deleteUserbyID1(TC_11_delete_user_not_exist.java:20)
	at iam.USER_Delete_users.TC_11_delete_user_not_exist.deleteUserbyID1(TC_11_delete_user_not_exist.java:20)
	at iam.USER_Delete_users.TC_11_delete_user_not_exist.deleteUserbyID1(TC_11_delete_user_not_exist.java:20)
	at iam.USER_Delete_users.TC_11_delete_user_not_exist.deleteUserbyID1(TC_11_delete_user_not_exist.java:20)
	at iam.USER_Delete_users.TC_11_delete_user_not_exist.deleteUserbyID1(TC_11_delete_user_not_exist.java:20)
	at iam.USER_Delete_users.TC_11_delete_user_not_exist.deleteUserbyID1(TC_11_delete_user_not_exist.java:20)
	at iam.USER_Delete_users.TC_11_delete_user_not_exist.deleteUserbyID1(TC_11_delete_user_not_exist.java:20)
	at iam.USER_Delete_users.TC_11_delete_user_not_exist.deleteUserbyID1(TC_11_delete_user_not_exist.java:20)
	at iam.USER_Delete_users.TC_11_delete_user_not_exist.deleteUserbyID1(TC_11_delete_user_not_exist.java:20)
	at iam.USER_Delete_users.TC_11_delete_user_not_exist.deleteUserbyID1(TC_11_delete_user_not_exist.java:20)
	at iam.USER_Delete_users.TC_11_delete_user_not_exist.deleteUserbyID1(TC_11_delete_user_not_exist.java:20)
	at iam.USER_Delete_users.TC_11_delete_user_not_exist.deleteUserbyID1(TC_11_delete_user_not_exist.java:20)
	at iam.USER_Delete_users.TC_11_delete_user_not_exist.deleteUserbyID1(TC_11_delete_user_not_exist.java:20)
	at iam.USER_Delete_users.TC_11_delete_user_not_exist.deleteUserbyID1(TC_11_delete_user_not_exist.java:20)
	at iam.USER_Delete_users.TC_11_delete_user_not_exist.deleteUserbyID1(TC_11_delete_user_not_exist.java:20)
	at iam.USER_Delete_users.TC_11_delete_user_not_exist.deleteUserbyID1(TC_11_delete_user_not_exist.java:20)
	at iam.USER_Delete_users.TC_11_delete_user_not_exist.deleteUserbyID1(TC_11_delete_user_not_exist.java:20)
	at iam.USER_Delete_users.TC_11_delete_user_not_exist.deleteUserbyID1(TC_11_delete_user_not_exist.java:20)
	at iam.USER_Delete_users.TC_11_delete_user_not_exist.deleteUserbyID1(TC_11_delete_user_not_exist.java:20)
	at iam.USER_Delete_users.TC_11_delete_user_not_exist.deleteUserbyID1(TC_11_delete_user_not_exist.java:20)
]]>
    </error>
  </testcase> <!-- deleteUserbyID1 -->
  <testcase name="TC__01_delete_active_admin_user" time="0.000" classname="iam.USER_Delete_users.TC_11_delete_user_not_exist">
    <skipped/>
  </testcase> <!-- TC__01_delete_active_admin_user -->
</testsuite> <!-- iam.USER_Delete_users.TC_11_delete_user_not_exist -->
